[0.313s] Invoking command in '/home/moon/project/fishros/town_ws/src/village_li': PYTHONPATH=/home/moon/project/fishros/town_ws/build/village_li/prefix_override:/usr/lib/python3/dist-packages/colcon_core/task/python/colcon_distutils_commands:/home/moon/project/fishros/town_ws/install/village_li/lib/python3.10/site-packages:${PYTHONPATH} /usr/bin/python3 -W ignore:setup.py install is deprecated setup.py egg_info --egg-base ../../build/village_li build --build-base /home/moon/project/fishros/town_ws/build/village_li/build install --record /home/moon/project/fishros/town_ws/build/village_li/install.log --single-version-externally-managed install_data
[0.432s] running egg_info
[0.432s] writing ../../build/village_li/village_li.egg-info/PKG-INFO
[0.432s] writing dependency_links to ../../build/village_li/village_li.egg-info/dependency_links.txt
[0.432s] writing entry points to ../../build/village_li/village_li.egg-info/entry_points.txt
[0.432s] writing requirements to ../../build/village_li/village_li.egg-info/requires.txt
[0.432s] writing top-level names to ../../build/village_li/village_li.egg-info/top_level.txt
[0.433s] reading manifest file '../../build/village_li/village_li.egg-info/SOURCES.txt'
[0.433s] writing manifest file '../../build/village_li/village_li.egg-info/SOURCES.txt'
[0.433s] running build
[0.433s] running build_py
[0.434s] running install
[0.434s] running install_lib
[0.434s] running install_data
[0.434s] running install_egg_info
[0.435s] removing '/home/moon/project/fishros/town_ws/install/village_li/lib/python3.10/site-packages/village_li-0.0.0-py3.10.egg-info' (and everything under it)
[0.435s] Copying ../../build/village_li/village_li.egg-info to /home/moon/project/fishros/town_ws/install/village_li/lib/python3.10/site-packages/village_li-0.0.0-py3.10.egg-info
[0.436s] running install_scripts
[0.446s] Installing li4_node script to /home/moon/project/fishros/town_ws/install/village_li/lib/village_li
[0.446s] writing list of installed files to '/home/moon/project/fishros/town_ws/build/village_li/install.log'
[0.459s] Invoked command in '/home/moon/project/fishros/town_ws/src/village_li' returned '0': PYTHONPATH=/home/moon/project/fishros/town_ws/build/village_li/prefix_override:/usr/lib/python3/dist-packages/colcon_core/task/python/colcon_distutils_commands:/home/moon/project/fishros/town_ws/install/village_li/lib/python3.10/site-packages:${PYTHONPATH} /usr/bin/python3 -W ignore:setup.py install is deprecated setup.py egg_info --egg-base ../../build/village_li build --build-base /home/moon/project/fishros/town_ws/build/village_li/build install --record /home/moon/project/fishros/town_ws/build/village_li/install.log --single-version-externally-managed install_data
