[0.054s] DEBUG:colcon:Command line arguments: ['/usr/bin/colcon', 'build', '--packages-select', 'fishbot_description']
[0.054s] DEBUG:colcon:Parsed command line arguments: Namespace(log_base=None, log_level=None, verb_name='build', build_base='build', install_base='install', merge_install=False, symlink_install=False, test_result_base=None, continue_on_error=False, executor='parallel', parallel_workers=16, event_handlers=None, ignore_user_meta=False, metas=['./colcon.meta'], base_paths=['.'], packages_ignore=None, packages_ignore_regex=None, paths=None, packages_up_to=None, packages_up_to_regex=None, packages_above=None, packages_above_and_dependencies=None, packages_above_depth=None, packages_select_by_dep=None, packages_skip_by_dep=None, packages_skip_up_to=None, packages_select_build_failed=False, packages_skip_build_finished=False, packages_select_test_failures=False, packages_skip_test_passed=False, packages_select=['fishbot_description'], packages_skip=None, packages_select_regex=None, packages_skip_regex=None, packages_start=None, packages_end=None, allow_overriding=[], cmake_args=None, cmake_target=None, cmake_target_skip_unavailable=False, cmake_clean_cache=False, cmake_clean_first=False, cmake_force_configure=False, ament_cmake_args=None, catkin_cmake_args=None, catkin_skip_building_tests=False, mixin_files=None, mixin=None, verb_parser=<colcon_mixin.mixin.mixin_argument.MixinArgumentDecorator object at 0x7199b1208a90>, verb_extension=<colcon_core.verb.build.BuildVerb object at 0x7199b12085e0>, main=<bound method BuildVerb.main of <colcon_core.verb.build.BuildVerb object at 0x7199b12085e0>>, mixin_verb=('build',))
[0.073s] Level 1:colcon.colcon_core.package_discovery:discover_packages(colcon_meta) check parameters
[0.074s] Level 1:colcon.colcon_core.package_discovery:discover_packages(recursive) check parameters
[0.074s] Level 1:colcon.colcon_core.package_discovery:discover_packages(ignore) check parameters
[0.074s] Level 1:colcon.colcon_core.package_discovery:discover_packages(path) check parameters
[0.074s] Level 1:colcon.colcon_core.package_discovery:discover_packages(colcon_meta) discover
[0.074s] Level 1:colcon.colcon_core.package_discovery:discover_packages(recursive) discover
[0.074s] INFO:colcon.colcon_core.package_discovery:Crawling recursively for packages in '/home/moon/project/fishros/chapt8_ws'
[0.074s] Level 1:colcon.colcon_core.package_identification:_identify(.) by extensions ['ignore', 'ignore_ament_install']
[0.074s] Level 1:colcon.colcon_core.package_identification:_identify(.) by extension 'ignore'
[0.074s] Level 1:colcon.colcon_core.package_identification:_identify(.) by extension 'ignore_ament_install'
[0.074s] Level 1:colcon.colcon_core.package_identification:_identify(.) by extensions ['colcon_pkg']
[0.074s] Level 1:colcon.colcon_core.package_identification:_identify(.) by extension 'colcon_pkg'
[0.074s] Level 1:colcon.colcon_core.package_identification:_identify(.) by extensions ['colcon_meta']
[0.074s] Level 1:colcon.colcon_core.package_identification:_identify(.) by extension 'colcon_meta'
[0.074s] Level 1:colcon.colcon_core.package_identification:_identify(.) by extensions ['ros']
[0.074s] Level 1:colcon.colcon_core.package_identification:_identify(.) by extension 'ros'
[0.081s] Level 1:colcon.colcon_core.package_identification:_identify(.) by extensions ['cmake', 'python']
[0.081s] Level 1:colcon.colcon_core.package_identification:_identify(.) by extension 'cmake'
[0.081s] Level 1:colcon.colcon_core.package_identification:_identify(.) by extension 'python'
[0.081s] Level 1:colcon.colcon_core.package_identification:_identify(.) by extensions ['python_setup_py']
[0.081s] Level 1:colcon.colcon_core.package_identification:_identify(.) by extension 'python_setup_py'
[0.082s] Level 1:colcon.colcon_core.package_identification:_identify(build) by extensions ['ignore', 'ignore_ament_install']
[0.082s] Level 1:colcon.colcon_core.package_identification:_identify(build) by extension 'ignore'
[0.082s] Level 1:colcon.colcon_core.package_identification:_identify(build) ignored
[0.082s] Level 1:colcon.colcon_core.package_identification:_identify(install) by extensions ['ignore', 'ignore_ament_install']
[0.082s] Level 1:colcon.colcon_core.package_identification:_identify(install) by extension 'ignore'
[0.082s] Level 1:colcon.colcon_core.package_identification:_identify(install) ignored
[0.082s] Level 1:colcon.colcon_core.package_identification:_identify(log) by extensions ['ignore', 'ignore_ament_install']
[0.082s] Level 1:colcon.colcon_core.package_identification:_identify(log) by extension 'ignore'
[0.082s] Level 1:colcon.colcon_core.package_identification:_identify(log) ignored
[0.082s] Level 1:colcon.colcon_core.package_identification:_identify(src) by extensions ['ignore', 'ignore_ament_install']
[0.082s] Level 1:colcon.colcon_core.package_identification:_identify(src) by extension 'ignore'
[0.082s] Level 1:colcon.colcon_core.package_identification:_identify(src) by extension 'ignore_ament_install'
[0.082s] Level 1:colcon.colcon_core.package_identification:_identify(src) by extensions ['colcon_pkg']
[0.082s] Level 1:colcon.colcon_core.package_identification:_identify(src) by extension 'colcon_pkg'
[0.082s] Level 1:colcon.colcon_core.package_identification:_identify(src) by extensions ['colcon_meta']
[0.082s] Level 1:colcon.colcon_core.package_identification:_identify(src) by extension 'colcon_meta'
[0.082s] Level 1:colcon.colcon_core.package_identification:_identify(src) by extensions ['ros']
[0.082s] Level 1:colcon.colcon_core.package_identification:_identify(src) by extension 'ros'
[0.082s] Level 1:colcon.colcon_core.package_identification:_identify(src) by extensions ['cmake', 'python']
[0.082s] Level 1:colcon.colcon_core.package_identification:_identify(src) by extension 'cmake'
[0.082s] Level 1:colcon.colcon_core.package_identification:_identify(src) by extension 'python'
[0.082s] Level 1:colcon.colcon_core.package_identification:_identify(src) by extensions ['python_setup_py']
[0.082s] Level 1:colcon.colcon_core.package_identification:_identify(src) by extension 'python_setup_py'
[0.082s] Level 1:colcon.colcon_core.package_identification:_identify(src/fishbot_description) by extensions ['ignore', 'ignore_ament_install']
[0.082s] Level 1:colcon.colcon_core.package_identification:_identify(src/fishbot_description) by extension 'ignore'
[0.082s] Level 1:colcon.colcon_core.package_identification:_identify(src/fishbot_description) by extension 'ignore_ament_install'
[0.082s] Level 1:colcon.colcon_core.package_identification:_identify(src/fishbot_description) by extensions ['colcon_pkg']
[0.082s] Level 1:colcon.colcon_core.package_identification:_identify(src/fishbot_description) by extension 'colcon_pkg'
[0.082s] Level 1:colcon.colcon_core.package_identification:_identify(src/fishbot_description) by extensions ['colcon_meta']
[0.082s] Level 1:colcon.colcon_core.package_identification:_identify(src/fishbot_description) by extension 'colcon_meta'
[0.082s] Level 1:colcon.colcon_core.package_identification:_identify(src/fishbot_description) by extensions ['ros']
[0.082s] Level 1:colcon.colcon_core.package_identification:_identify(src/fishbot_description) by extension 'ros'
[0.083s] DEBUG:colcon.colcon_core.package_identification:Package 'src/fishbot_description' with type 'ros.ament_python' and name 'fishbot_description'
[0.083s] Level 1:colcon.colcon_core.package_discovery:discover_packages(recursive) using defaults
[0.083s] Level 1:colcon.colcon_core.package_discovery:discover_packages(ignore) discover
[0.083s] Level 1:colcon.colcon_core.package_discovery:discover_packages(ignore) using defaults
[0.083s] Level 1:colcon.colcon_core.package_discovery:discover_packages(path) discover
[0.083s] Level 1:colcon.colcon_core.package_discovery:discover_packages(path) using defaults
[0.099s] Level 1:colcon.colcon_core.package_discovery:discover_packages(prefix_path) check parameters
[0.099s] Level 1:colcon.colcon_core.package_discovery:discover_packages(prefix_path) discover
[0.101s] DEBUG:colcon.colcon_installed_package_information.package_discovery:Found 319 installed packages in /opt/ros/humble
[0.102s] Level 1:colcon.colcon_core.package_discovery:discover_packages(prefix_path) using defaults
[0.121s] Level 5:colcon.colcon_core.verb:set package 'fishbot_description' build argument 'cmake_args' from command line to 'None'
[0.121s] Level 5:colcon.colcon_core.verb:set package 'fishbot_description' build argument 'cmake_target' from command line to 'None'
[0.121s] Level 5:colcon.colcon_core.verb:set package 'fishbot_description' build argument 'cmake_target_skip_unavailable' from command line to 'False'
[0.121s] Level 5:colcon.colcon_core.verb:set package 'fishbot_description' build argument 'cmake_clean_cache' from command line to 'False'
[0.121s] Level 5:colcon.colcon_core.verb:set package 'fishbot_description' build argument 'cmake_clean_first' from command line to 'False'
[0.121s] Level 5:colcon.colcon_core.verb:set package 'fishbot_description' build argument 'cmake_force_configure' from command line to 'False'
[0.121s] Level 5:colcon.colcon_core.verb:set package 'fishbot_description' build argument 'ament_cmake_args' from command line to 'None'
[0.121s] Level 5:colcon.colcon_core.verb:set package 'fishbot_description' build argument 'catkin_cmake_args' from command line to 'None'
[0.121s] Level 5:colcon.colcon_core.verb:set package 'fishbot_description' build argument 'catkin_skip_building_tests' from command line to 'False'
[0.121s] DEBUG:colcon.colcon_core.verb:Building package 'fishbot_description' with the following arguments: {'ament_cmake_args': None, 'build_base': '/home/moon/project/fishros/chapt8_ws/build/fishbot_description', 'catkin_cmake_args': None, 'catkin_skip_building_tests': False, 'cmake_args': None, 'cmake_clean_cache': False, 'cmake_clean_first': False, 'cmake_force_configure': False, 'cmake_target': None, 'cmake_target_skip_unavailable': False, 'install_base': '/home/moon/project/fishros/chapt8_ws/install/fishbot_description', 'merge_install': False, 'path': '/home/moon/project/fishros/chapt8_ws/src/fishbot_description', 'symlink_install': False, 'test_result_base': None}
[0.121s] INFO:colcon.colcon_core.executor:Executing jobs using 'parallel' executor
[0.122s] DEBUG:colcon.colcon_parallel_executor.executor.parallel:run_until_complete
[0.122s] INFO:colcon.colcon_ros.task.ament_python.build:Building ROS package in '/home/moon/project/fishros/chapt8_ws/src/fishbot_description' with build type 'ament_python'
[0.122s] Level 1:colcon.colcon_core.shell:create_environment_hook('fishbot_description', 'ament_prefix_path')
[0.124s] INFO:colcon.colcon_core.plugin_system:Skipping extension 'colcon_core.shell.bat': Not used on non-Windows systems
[0.124s] INFO:colcon.colcon_core.shell:Creating environment hook '/home/moon/project/fishros/chapt8_ws/install/fishbot_description/share/fishbot_description/hook/ament_prefix_path.ps1'
[0.124s] INFO:colcon.colcon_core.shell:Creating environment descriptor '/home/moon/project/fishros/chapt8_ws/install/fishbot_description/share/fishbot_description/hook/ament_prefix_path.dsv'
[0.124s] INFO:colcon.colcon_core.shell:Creating environment hook '/home/moon/project/fishros/chapt8_ws/install/fishbot_description/share/fishbot_description/hook/ament_prefix_path.sh'
[0.125s] INFO:colcon.colcon_core.shell:Skip shell extension 'powershell' for command environment: Not usable outside of PowerShell
[0.125s] DEBUG:colcon.colcon_core.shell:Skip shell extension 'dsv' for command environment
[0.233s] INFO:colcon.colcon_core.task.python.build:Building Python package in '/home/moon/project/fishros/chapt8_ws/src/fishbot_description'
[0.233s] INFO:colcon.colcon_core.shell:Skip shell extension 'powershell' for command environment: Not usable outside of PowerShell
[0.234s] DEBUG:colcon.colcon_core.shell:Skip shell extension 'dsv' for command environment
[0.517s] DEBUG:colcon.colcon_core.event_handler.log_command:Invoking command in '/home/moon/project/fishros/chapt8_ws/src/fishbot_description': PYTHONPATH=/home/moon/project/fishros/chapt8_ws/build/fishbot_description/prefix_override:/usr/lib/python3/dist-packages/colcon_core/task/python/colcon_distutils_commands:/home/moon/project/fishros/chapt8_ws/install/fishbot_description/lib/python3.10/site-packages:${PYTHONPATH} /usr/bin/python3 -W ignore:setup.py install is deprecated setup.py egg_info --egg-base ../../build/fishbot_description build --build-base /home/moon/project/fishros/chapt8_ws/build/fishbot_description/build install --record /home/moon/project/fishros/chapt8_ws/build/fishbot_description/install.log --single-version-externally-managed install_data
[0.769s] DEBUG:colcon.colcon_core.event_handler.log_command:Invoked command in '/home/moon/project/fishros/chapt8_ws/src/fishbot_description' returned '0': PYTHONPATH=/home/moon/project/fishros/chapt8_ws/build/fishbot_description/prefix_override:/usr/lib/python3/dist-packages/colcon_core/task/python/colcon_distutils_commands:/home/moon/project/fishros/chapt8_ws/install/fishbot_description/lib/python3.10/site-packages:${PYTHONPATH} /usr/bin/python3 -W ignore:setup.py install is deprecated setup.py egg_info --egg-base ../../build/fishbot_description build --build-base /home/moon/project/fishros/chapt8_ws/build/fishbot_description/build install --record /home/moon/project/fishros/chapt8_ws/build/fishbot_description/install.log --single-version-externally-managed install_data
[0.770s] Level 1:colcon.colcon_core.environment:checking '/home/moon/project/fishros/chapt8_ws/install/fishbot_description' for CMake module files
[0.771s] Level 1:colcon.colcon_core.environment:checking '/home/moon/project/fishros/chapt8_ws/install/fishbot_description' for CMake config files
[0.771s] Level 1:colcon.colcon_core.environment:checking '/home/moon/project/fishros/chapt8_ws/install/fishbot_description/lib'
[0.771s] Level 1:colcon.colcon_core.environment:checking '/home/moon/project/fishros/chapt8_ws/install/fishbot_description/bin'
[0.771s] Level 1:colcon.colcon_core.environment:checking '/home/moon/project/fishros/chapt8_ws/install/fishbot_description/lib/pkgconfig/fishbot_description.pc'
[0.771s] Level 1:colcon.colcon_core.environment:checking '/home/moon/project/fishros/chapt8_ws/install/fishbot_description/lib/python3.10/site-packages'
[0.771s] Level 1:colcon.colcon_core.shell:create_environment_hook('fishbot_description', 'pythonpath')
[0.771s] INFO:colcon.colcon_core.shell:Creating environment hook '/home/moon/project/fishros/chapt8_ws/install/fishbot_description/share/fishbot_description/hook/pythonpath.ps1'
[0.772s] INFO:colcon.colcon_core.shell:Creating environment descriptor '/home/moon/project/fishros/chapt8_ws/install/fishbot_description/share/fishbot_description/hook/pythonpath.dsv'
[0.772s] INFO:colcon.colcon_core.shell:Creating environment hook '/home/moon/project/fishros/chapt8_ws/install/fishbot_description/share/fishbot_description/hook/pythonpath.sh'
[0.772s] Level 1:colcon.colcon_core.environment:checking '/home/moon/project/fishros/chapt8_ws/install/fishbot_description/bin'
[0.772s] Level 1:colcon.colcon_core.environment:create_environment_scripts_only(fishbot_description)
[0.772s] INFO:colcon.colcon_core.shell:Creating package script '/home/moon/project/fishros/chapt8_ws/install/fishbot_description/share/fishbot_description/package.ps1'
[0.773s] INFO:colcon.colcon_core.shell:Creating package descriptor '/home/moon/project/fishros/chapt8_ws/install/fishbot_description/share/fishbot_description/package.dsv'
[0.773s] INFO:colcon.colcon_core.shell:Creating package script '/home/moon/project/fishros/chapt8_ws/install/fishbot_description/share/fishbot_description/package.sh'
[0.773s] INFO:colcon.colcon_core.shell:Creating package script '/home/moon/project/fishros/chapt8_ws/install/fishbot_description/share/fishbot_description/package.bash'
[0.774s] INFO:colcon.colcon_core.shell:Creating package script '/home/moon/project/fishros/chapt8_ws/install/fishbot_description/share/fishbot_description/package.zsh'
[0.774s] Level 1:colcon.colcon_core.environment:create_file_with_runtime_dependencies(/home/moon/project/fishros/chapt8_ws/install/fishbot_description/share/colcon-core/packages/fishbot_description)
[0.774s] DEBUG:colcon.colcon_parallel_executor.executor.parallel:closing loop
[0.774s] DEBUG:colcon.colcon_parallel_executor.executor.parallel:loop closed
[0.774s] DEBUG:colcon.colcon_parallel_executor.executor.parallel:run_until_complete finished with '0'
[0.774s] DEBUG:colcon.colcon_core.event_reactor:joining thread
[0.778s] INFO:colcon.colcon_core.plugin_system:Skipping extension 'colcon_notification.desktop_notification.terminal_notifier': Not used on non-Darwin systems
[0.778s] INFO:colcon.colcon_core.plugin_system:Skipping extension 'colcon_notification.desktop_notification.win32': Not used on non-Windows systems
[0.778s] INFO:colcon.colcon_notification.desktop_notification:Sending desktop notification using 'notify2'
[0.785s] DEBUG:colcon.colcon_core.event_reactor:joined thread
[0.785s] INFO:colcon.colcon_core.shell:Creating prefix script '/home/moon/project/fishros/chapt8_ws/install/local_setup.ps1'
[0.787s] INFO:colcon.colcon_core.shell:Creating prefix util module '/home/moon/project/fishros/chapt8_ws/install/_local_setup_util_ps1.py'
[0.788s] INFO:colcon.colcon_core.shell:Creating prefix chain script '/home/moon/project/fishros/chapt8_ws/install/setup.ps1'
[0.789s] INFO:colcon.colcon_core.shell:Creating prefix script '/home/moon/project/fishros/chapt8_ws/install/local_setup.sh'
[0.789s] INFO:colcon.colcon_core.shell:Creating prefix util module '/home/moon/project/fishros/chapt8_ws/install/_local_setup_util_sh.py'
[0.789s] INFO:colcon.colcon_core.shell:Creating prefix chain script '/home/moon/project/fishros/chapt8_ws/install/setup.sh'
[0.790s] INFO:colcon.colcon_core.shell:Creating prefix script '/home/moon/project/fishros/chapt8_ws/install/local_setup.bash'
[0.790s] INFO:colcon.colcon_core.shell:Creating prefix chain script '/home/moon/project/fishros/chapt8_ws/install/setup.bash'
[0.791s] INFO:colcon.colcon_core.shell:Creating prefix script '/home/moon/project/fishros/chapt8_ws/install/local_setup.zsh'
[0.791s] INFO:colcon.colcon_core.shell:Creating prefix chain script '/home/moon/project/fishros/chapt8_ws/install/setup.zsh'
