[0.007s] Invoking command in '/home/moon/project/fishros/town_ws/build/village_interfaces': CMAKE_PREFIX_PATH=${CMAKE_PREFIX_PATH}:/home/moon/project/fishros/town_ws/install/village_wang:/home/moon/project/fishros/town_ws/install/village_li:/opt/ros/humble /usr/bin/cmake --build /home/moon/project/fishros/town_ws/build/village_interfaces -- -j16 -l16
[0.024s] -- Found ament_cmake: 1.3.10 (/opt/ros/humble/share/ament_cmake/cmake)
[0.095s] -- Found sensor_msgs: 4.2.4 (/opt/ros/humble/share/sensor_msgs/cmake)
[0.108s] -- Found rosidl_generator_c: 3.1.5 (/opt/ros/humble/share/rosidl_generator_c/cmake)
[0.110s] -- Found rosidl_adapter: 3.1.5 (/opt/ros/humble/share/rosidl_adapter/cmake)
[0.113s] -- Found rosidl_generator_cpp: 3.1.5 (/opt/ros/humble/share/rosidl_generator_cpp/cmake)
[0.117s] -- Using all available rosidl_typesupport_c: rosidl_typesupport_fastrtps_c;rosidl_typesupport_introspection_c
[0.123s] -- Using all available rosidl_typesupport_cpp: rosidl_typesupport_fastrtps_cpp;rosidl_typesupport_introspection_cpp
[0.150s] -- Found rosidl_default_generators: 1.2.0 (/opt/ros/humble/share/rosidl_default_generators/cmake)
[0.316s] -- Found ament_cmake_ros: 0.10.0 (/opt/ros/humble/share/ament_cmake_ros/cmake)
[0.576s] -- Using all available rosidl_typesupport_c: rosidl_typesupport_fastrtps_c;rosidl_typesupport_introspection_c
[0.680s] -- Using all available rosidl_typesupport_cpp: rosidl_typesupport_fastrtps_cpp;rosidl_typesupport_introspection_cpp
[0.695s] -- Found python_cmake_module: 0.10.0 (/opt/ros/humble/share/python_cmake_module/cmake)
[0.709s] -- Using PYTHON_EXECUTABLE: /usr/bin/python3
[0.709s] -- Using PYTHON_INCLUDE_DIRS: /usr/include/python3.10
[0.709s] -- Using PYTHON_LIBRARIES: /usr/lib/x86_64-linux-gnu/libpython3.10.so
[0.735s] -- Found ament_lint_auto: 0.12.11 (/opt/ros/humble/share/ament_lint_auto/cmake)
[0.740s] -- Added test 'lint_cmake' to check CMake code style
[0.741s] -- Added test 'xmllint' to check XML markup files
[0.741s] -- Configuring done
[0.764s] -- Generating done
[0.766s] -- Build files have been written to: /home/moon/project/fishros/town_ws/build/village_interfaces
[0.786s] [  2%] [34m[1mGenerating C code for ROS interfaces[0m
[0.793s] [  5%] [34m[1mGenerating C++ code for ROS interfaces[0m
[0.799s] [  5%] Built target ament_cmake_python_copy_village_interfaces
[0.930s] running egg_info
[0.931s] writing village_interfaces.egg-info/PKG-INFO
[0.931s] writing dependency_links to village_interfaces.egg-info/dependency_links.txt
[0.931s] writing top-level names to village_interfaces.egg-info/top_level.txt
[0.932s] reading manifest file 'village_interfaces.egg-info/SOURCES.txt'
[0.932s] writing manifest file 'village_interfaces.egg-info/SOURCES.txt'
[0.952s] [  5%] Built target ament_cmake_python_build_village_interfaces_egg
[0.956s] [35m[1mConsolidate compiler generated dependencies of target village_interfaces__rosidl_generator_c[0m
[0.963s] [  5%] Built target village_interfaces__cpp
[0.965s] [ 10%] [32mBuilding C object CMakeFiles/village_interfaces__rosidl_generator_c.dir/rosidl_generator_c/village_interfaces/msg/detail/novel__functions.c.o[0m
[0.965s] [ 10%] [32mBuilding C object CMakeFiles/village_interfaces__rosidl_generator_c.dir/rosidl_generator_c/village_interfaces/srv/detail/borrow_money__functions.c.o[0m
[0.970s] [ 15%] [34m[1mGenerating C++ type support for eProsima Fast-RTPS[0m
[0.970s] [ 15%] [34m[1mGenerating C++ type support dispatch for ROS interfaces[0m
[0.971s] [ 17%] [34m[1mGenerating C++ introspection for ROS interfaces[0m
[1.001s] [ 20%] [32m[1mLinking C shared library libvillage_interfaces__rosidl_generator_c.so[0m
[1.029s] [ 20%] Built target village_interfaces__rosidl_generator_c
[1.036s] [ 28%] [34m[1mGenerating C type support for eProsima Fast-RTPS[0m
[1.036s] [ 28%] [34m[1mGenerating C introspection for ROS interfaces[0m
[1.037s] [ 28%] [34m[1mGenerating C type support dispatch for ROS interfaces[0m
[1.111s] [35m[1mConsolidate compiler generated dependencies of target village_interfaces__rosidl_typesupport_cpp[0m
[1.120s] [ 33%] [32mBuilding CXX object CMakeFiles/village_interfaces__rosidl_typesupport_cpp.dir/rosidl_typesupport_cpp/village_interfaces/msg/novel__type_support.cpp.o[0m
[1.120s] [ 33%] [32mBuilding CXX object CMakeFiles/village_interfaces__rosidl_typesupport_cpp.dir/rosidl_typesupport_cpp/village_interfaces/srv/borrow_money__type_support.cpp.o[0m
[1.122s] [35m[1mConsolidate compiler generated dependencies of target village_interfaces__rosidl_typesupport_introspection_cpp[0m
[1.132s] [ 35%] [32mBuilding CXX object CMakeFiles/village_interfaces__rosidl_typesupport_introspection_cpp.dir/rosidl_typesupport_introspection_cpp/village_interfaces/msg/detail/novel__type_support.cpp.o[0m
[1.132s] [ 38%] [32mBuilding CXX object CMakeFiles/village_interfaces__rosidl_typesupport_introspection_cpp.dir/rosidl_typesupport_introspection_cpp/village_interfaces/srv/detail/borrow_money__type_support.cpp.o[0m
[1.134s] [35m[1mConsolidate compiler generated dependencies of target village_interfaces__rosidl_typesupport_fastrtps_cpp[0m
[1.145s] [ 41%] [32mBuilding CXX object CMakeFiles/village_interfaces__rosidl_typesupport_fastrtps_cpp.dir/rosidl_typesupport_fastrtps_cpp/village_interfaces/msg/detail/dds_fastrtps/novel__type_support.cpp.o[0m
[1.145s] [ 43%] [32mBuilding CXX object CMakeFiles/village_interfaces__rosidl_typesupport_fastrtps_cpp.dir/rosidl_typesupport_fastrtps_cpp/village_interfaces/srv/detail/dds_fastrtps/borrow_money__type_support.cpp.o[0m
[1.183s] [35m[1mConsolidate compiler generated dependencies of target village_interfaces__rosidl_typesupport_c[0m
[1.193s] [ 48%] [32mBuilding CXX object CMakeFiles/village_interfaces__rosidl_typesupport_c.dir/rosidl_typesupport_c/village_interfaces/msg/novel__type_support.cpp.o[0m
[1.193s] [ 48%] [32mBuilding CXX object CMakeFiles/village_interfaces__rosidl_typesupport_c.dir/rosidl_typesupport_c/village_interfaces/srv/borrow_money__type_support.cpp.o[0m
[1.207s] [35m[1mConsolidate compiler generated dependencies of target village_interfaces__rosidl_typesupport_introspection_c[0m
[1.207s] [35m[1mConsolidate compiler generated dependencies of target village_interfaces__rosidl_typesupport_fastrtps_c[0m
[1.217s] [ 51%] [32mBuilding C object CMakeFiles/village_interfaces__rosidl_typesupport_introspection_c.dir/rosidl_typesupport_introspection_c/village_interfaces/srv/detail/borrow_money__type_support.c.o[0m
[1.217s] [ 53%] [32mBuilding C object CMakeFiles/village_interfaces__rosidl_typesupport_introspection_c.dir/rosidl_typesupport_introspection_c/village_interfaces/msg/detail/novel__type_support.c.o[0m
[1.217s] [ 56%] [32mBuilding CXX object CMakeFiles/village_interfaces__rosidl_typesupport_fastrtps_c.dir/rosidl_typesupport_fastrtps_c/village_interfaces/msg/detail/novel__type_support_c.cpp.o[0m
[1.217s] [ 58%] [32mBuilding CXX object CMakeFiles/village_interfaces__rosidl_typesupport_fastrtps_c.dir/rosidl_typesupport_fastrtps_c/village_interfaces/srv/detail/borrow_money__type_support_c.cpp.o[0m
[1.220s] [ 61%] [32m[1mLinking CXX shared library libvillage_interfaces__rosidl_typesupport_c.so[0m
[1.250s] [ 64%] [32m[1mLinking C shared library libvillage_interfaces__rosidl_typesupport_introspection_c.so[0m
[1.257s] [ 64%] Built target village_interfaces__rosidl_typesupport_c
[1.275s] [ 64%] Built target village_interfaces__rosidl_typesupport_introspection_c
[1.286s] [ 66%] [32m[1mLinking CXX shared library libvillage_interfaces__rosidl_typesupport_cpp.so[0m
[1.318s] [ 66%] Built target village_interfaces__rosidl_typesupport_cpp
[1.414s] [ 69%] [32m[1mLinking CXX shared library libvillage_interfaces__rosidl_typesupport_introspection_cpp.so[0m
[1.414s] [ 71%] [32m[1mLinking CXX shared library libvillage_interfaces__rosidl_typesupport_fastrtps_c.so[0m
[1.437s] [ 74%] [32m[1mLinking CXX shared library libvillage_interfaces__rosidl_typesupport_fastrtps_cpp.so[0m
[1.457s] [ 74%] Built target village_interfaces__rosidl_typesupport_introspection_cpp
[1.464s] [ 74%] Built target village_interfaces__rosidl_typesupport_fastrtps_c
[1.485s] [ 74%] Built target village_interfaces__rosidl_typesupport_fastrtps_cpp
[1.500s] [ 74%] Built target village_interfaces
[1.516s] [ 76%] [34m[1mGenerating Python code for ROS interfaces[0m
[1.744s] [ 76%] Built target village_interfaces__py
[1.752s] [35m[1mConsolidate compiler generated dependencies of target village_interfaces__rosidl_generator_py[0m
[1.761s] [ 79%] [32mBuilding C object CMakeFiles/village_interfaces__rosidl_generator_py.dir/rosidl_generator_py/village_interfaces/msg/_novel_s.c.o[0m
[1.762s] [ 82%] [32mBuilding C object CMakeFiles/village_interfaces__rosidl_generator_py.dir/rosidl_generator_py/village_interfaces/srv/_borrow_money_s.c.o[0m
[1.823s] [ 84%] [32m[1mLinking C shared library rosidl_generator_py/village_interfaces/libvillage_interfaces__rosidl_generator_py.so[0m
[1.853s] [ 84%] Built target village_interfaces__rosidl_generator_py
[1.860s] [35m[1mConsolidate compiler generated dependencies of target village_interfaces__rosidl_typesupport_introspection_c__pyext[0m
[1.860s] [35m[1mConsolidate compiler generated dependencies of target village_interfaces__rosidl_typesupport_fastrtps_c__pyext[0m
[1.860s] [35m[1mConsolidate compiler generated dependencies of target village_interfaces__rosidl_typesupport_c__pyext[0m
[1.869s] [ 92%] [32mBuilding C object CMakeFiles/village_interfaces__rosidl_typesupport_introspection_c__pyext.dir/rosidl_generator_py/village_interfaces/_village_interfaces_s.ep.rosidl_typesupport_introspection_c.c.o[0m
[1.869s] [ 92%] [32mBuilding C object CMakeFiles/village_interfaces__rosidl_typesupport_fastrtps_c__pyext.dir/rosidl_generator_py/village_interfaces/_village_interfaces_s.ep.rosidl_typesupport_fastrtps_c.c.o[0m
[1.869s] [ 92%] [32mBuilding C object CMakeFiles/village_interfaces__rosidl_typesupport_c__pyext.dir/rosidl_generator_py/village_interfaces/_village_interfaces_s.ep.rosidl_typesupport_c.c.o[0m
[1.932s] [100%] [32m[1mLinking C shared library rosidl_generator_py/village_interfaces/village_interfaces_s__rosidl_typesupport_fastrtps_c.cpython-310-x86_64-linux-gnu.so[0m
[1.932s] [100%] [32m[1mLinking C shared library rosidl_generator_py/village_interfaces/village_interfaces_s__rosidl_typesupport_c.cpython-310-x86_64-linux-gnu.so[0m
[1.932s] [100%] [32m[1mLinking C shared library rosidl_generator_py/village_interfaces/village_interfaces_s__rosidl_typesupport_introspection_c.cpython-310-x86_64-linux-gnu.so[0m
[1.960s] [100%] Built target village_interfaces__rosidl_typesupport_c__pyext
[1.960s] [100%] Built target village_interfaces__rosidl_typesupport_introspection_c__pyext
[1.960s] [100%] Built target village_interfaces__rosidl_typesupport_fastrtps_c__pyext
[1.968s] Invoked command in '/home/moon/project/fishros/town_ws/build/village_interfaces' returned '0': CMAKE_PREFIX_PATH=${CMAKE_PREFIX_PATH}:/home/moon/project/fishros/town_ws/install/village_wang:/home/moon/project/fishros/town_ws/install/village_li:/opt/ros/humble /usr/bin/cmake --build /home/moon/project/fishros/town_ws/build/village_interfaces -- -j16 -l16
[2.039s] Invoking command in '/home/moon/project/fishros/town_ws/build/village_interfaces': CMAKE_PREFIX_PATH=${CMAKE_PREFIX_PATH}:/home/moon/project/fishros/town_ws/install/village_wang:/home/moon/project/fishros/town_ws/install/village_li:/opt/ros/humble /usr/bin/cmake --install /home/moon/project/fishros/town_ws/build/village_interfaces
[2.045s] -- Install configuration: ""
[2.045s] -- Installing: /home/moon/project/fishros/town_ws/install/village_interfaces/share/ament_index/resource_index/rosidl_interfaces/village_interfaces
[2.045s] -- Up-to-date: /home/moon/project/fishros/town_ws/install/village_interfaces/include/village_interfaces/village_interfaces
[2.045s] -- Up-to-date: /home/moon/project/fishros/town_ws/install/village_interfaces/include/village_interfaces/village_interfaces/msg
[2.045s] -- Up-to-date: /home/moon/project/fishros/town_ws/install/village_interfaces/include/village_interfaces/village_interfaces/msg/detail
[2.045s] -- Installing: /home/moon/project/fishros/town_ws/install/village_interfaces/include/village_interfaces/village_interfaces/msg/detail/novel__type_support.h
[2.045s] -- Installing: /home/moon/project/fishros/town_ws/install/village_interfaces/include/village_interfaces/village_interfaces/msg/detail/novel__functions.h
[2.045s] -- Installing: /home/moon/project/fishros/town_ws/install/village_interfaces/include/village_interfaces/village_interfaces/msg/detail/novel__struct.h
[2.045s] -- Installing: /home/moon/project/fishros/town_ws/install/village_interfaces/include/village_interfaces/village_interfaces/msg/detail/novel__functions.c
[2.045s] -- Installing: /home/moon/project/fishros/town_ws/install/village_interfaces/include/village_interfaces/village_interfaces/msg/novel.h
[2.045s] -- Up-to-date: /home/moon/project/fishros/town_ws/install/village_interfaces/include/village_interfaces/village_interfaces/msg/rosidl_generator_c__visibility_control.h
[2.045s] -- Installing: /home/moon/project/fishros/town_ws/install/village_interfaces/include/village_interfaces/village_interfaces/srv
[2.045s] -- Installing: /home/moon/project/fishros/town_ws/install/village_interfaces/include/village_interfaces/village_interfaces/srv/detail
[2.045s] -- Installing: /home/moon/project/fishros/town_ws/install/village_interfaces/include/village_interfaces/village_interfaces/srv/detail/borrow_money__type_support.h
[2.046s] -- Installing: /home/moon/project/fishros/town_ws/install/village_interfaces/include/village_interfaces/village_interfaces/srv/detail/borrow_money__functions.c
[2.046s] -- Installing: /home/moon/project/fishros/town_ws/install/village_interfaces/include/village_interfaces/village_interfaces/srv/detail/borrow_money__functions.h
[2.046s] -- Installing: /home/moon/project/fishros/town_ws/install/village_interfaces/include/village_interfaces/village_interfaces/srv/detail/borrow_money__struct.h
[2.046s] -- Installing: /home/moon/project/fishros/town_ws/install/village_interfaces/include/village_interfaces/village_interfaces/srv/borrow_money.h
[2.046s] -- Up-to-date: /home/moon/project/fishros/town_ws/install/village_interfaces/share/village_interfaces/environment/library_path.sh
[2.046s] -- Installing: /home/moon/project/fishros/town_ws/install/village_interfaces/share/village_interfaces/environment/library_path.dsv
[2.046s] -- Installing: /home/moon/project/fishros/town_ws/install/village_interfaces/lib/libvillage_interfaces__rosidl_generator_c.so
[2.046s] -- Set runtime path of "/home/moon/project/fishros/town_ws/install/village_interfaces/lib/libvillage_interfaces__rosidl_generator_c.so" to ""
[2.046s] -- Up-to-date: /home/moon/project/fishros/town_ws/install/village_interfaces/include/village_interfaces/village_interfaces
[2.046s] -- Up-to-date: /home/moon/project/fishros/town_ws/install/village_interfaces/include/village_interfaces/village_interfaces/msg
[2.046s] -- Up-to-date: /home/moon/project/fishros/town_ws/install/village_interfaces/include/village_interfaces/village_interfaces/msg/rosidl_typesupport_fastrtps_c__visibility_control.h
[2.046s] -- Up-to-date: /home/moon/project/fishros/town_ws/install/village_interfaces/include/village_interfaces/village_interfaces/msg/detail
[2.046s] -- Installing: /home/moon/project/fishros/town_ws/install/village_interfaces/include/village_interfaces/village_interfaces/msg/detail/novel__rosidl_typesupport_fastrtps_c.h
[2.046s] -- Up-to-date: /home/moon/project/fishros/town_ws/install/village_interfaces/include/village_interfaces/village_interfaces/srv
[2.047s] -- Up-to-date: /home/moon/project/fishros/town_ws/install/village_interfaces/include/village_interfaces/village_interfaces/srv/detail
[2.047s] -- Installing: /home/moon/project/fishros/town_ws/install/village_interfaces/include/village_interfaces/village_interfaces/srv/detail/borrow_money__rosidl_typesupport_fastrtps_c.h
[2.047s] -- Installing: /home/moon/project/fishros/town_ws/install/village_interfaces/lib/libvillage_interfaces__rosidl_typesupport_fastrtps_c.so
[2.047s] -- Set runtime path of "/home/moon/project/fishros/town_ws/install/village_interfaces/lib/libvillage_interfaces__rosidl_typesupport_fastrtps_c.so" to ""
[2.047s] -- Up-to-date: /home/moon/project/fishros/town_ws/install/village_interfaces/include/village_interfaces/village_interfaces
[2.047s] -- Up-to-date: /home/moon/project/fishros/town_ws/install/village_interfaces/include/village_interfaces/village_interfaces/msg
[2.047s] -- Up-to-date: /home/moon/project/fishros/town_ws/install/village_interfaces/include/village_interfaces/village_interfaces/msg/detail
[2.047s] -- Installing: /home/moon/project/fishros/town_ws/install/village_interfaces/include/village_interfaces/village_interfaces/msg/detail/novel__struct.hpp
[2.047s] -- Installing: /home/moon/project/fishros/town_ws/install/village_interfaces/include/village_interfaces/village_interfaces/msg/detail/novel__builder.hpp
[2.047s] -- Installing: /home/moon/project/fishros/town_ws/install/village_interfaces/include/village_interfaces/village_interfaces/msg/detail/novel__traits.hpp
[2.047s] -- Installing: /home/moon/project/fishros/town_ws/install/village_interfaces/include/village_interfaces/village_interfaces/msg/novel.hpp
[2.047s] -- Up-to-date: /home/moon/project/fishros/town_ws/install/village_interfaces/include/village_interfaces/village_interfaces/srv
[2.048s] -- Up-to-date: /home/moon/project/fishros/town_ws/install/village_interfaces/include/village_interfaces/village_interfaces/srv/detail
[2.048s] -- Installing: /home/moon/project/fishros/town_ws/install/village_interfaces/include/village_interfaces/village_interfaces/srv/detail/borrow_money__traits.hpp
[2.048s] -- Installing: /home/moon/project/fishros/town_ws/install/village_interfaces/include/village_interfaces/village_interfaces/srv/detail/borrow_money__struct.hpp
[2.048s] -- Installing: /home/moon/project/fishros/town_ws/install/village_interfaces/include/village_interfaces/village_interfaces/srv/detail/borrow_money__builder.hpp
[2.048s] -- Installing: /home/moon/project/fishros/town_ws/install/village_interfaces/include/village_interfaces/village_interfaces/srv/borrow_money.hpp
[2.048s] -- Up-to-date: /home/moon/project/fishros/town_ws/install/village_interfaces/include/village_interfaces/village_interfaces
[2.048s] -- Up-to-date: /home/moon/project/fishros/town_ws/install/village_interfaces/include/village_interfaces/village_interfaces/msg
[2.048s] -- Up-to-date: /home/moon/project/fishros/town_ws/install/village_interfaces/include/village_interfaces/village_interfaces/msg/rosidl_typesupport_fastrtps_cpp__visibility_control.h
[2.048s] -- Up-to-date: /home/moon/project/fishros/town_ws/install/village_interfaces/include/village_interfaces/village_interfaces/msg/detail
[2.048s] -- Installing: /home/moon/project/fishros/town_ws/install/village_interfaces/include/village_interfaces/village_interfaces/msg/detail/novel__rosidl_typesupport_fastrtps_cpp.hpp
[2.048s] -- Up-to-date: /home/moon/project/fishros/town_ws/install/village_interfaces/include/village_interfaces/village_interfaces/msg/detail/dds_fastrtps
[2.048s] -- Up-to-date: /home/moon/project/fishros/town_ws/install/village_interfaces/include/village_interfaces/village_interfaces/srv
[2.048s] -- Up-to-date: /home/moon/project/fishros/town_ws/install/village_interfaces/include/village_interfaces/village_interfaces/srv/detail
[2.048s] -- Installing: /home/moon/project/fishros/town_ws/install/village_interfaces/include/village_interfaces/village_interfaces/srv/detail/borrow_money__rosidl_typesupport_fastrtps_cpp.hpp
[2.048s] -- Installing: /home/moon/project/fishros/town_ws/install/village_interfaces/include/village_interfaces/village_interfaces/srv/detail/dds_fastrtps
[2.048s] -- Installing: /home/moon/project/fishros/town_ws/install/village_interfaces/lib/libvillage_interfaces__rosidl_typesupport_fastrtps_cpp.so
[2.049s] -- Set runtime path of "/home/moon/project/fishros/town_ws/install/village_interfaces/lib/libvillage_interfaces__rosidl_typesupport_fastrtps_cpp.so" to ""
[2.049s] -- Up-to-date: /home/moon/project/fishros/town_ws/install/village_interfaces/include/village_interfaces/village_interfaces
[2.049s] -- Up-to-date: /home/moon/project/fishros/town_ws/install/village_interfaces/include/village_interfaces/village_interfaces/msg
[2.049s] -- Up-to-date: /home/moon/project/fishros/town_ws/install/village_interfaces/include/village_interfaces/village_interfaces/msg/rosidl_typesupport_introspection_c__visibility_control.h
[2.049s] -- Up-to-date: /home/moon/project/fishros/town_ws/install/village_interfaces/include/village_interfaces/village_interfaces/msg/detail
[2.049s] -- Installing: /home/moon/project/fishros/town_ws/install/village_interfaces/include/village_interfaces/village_interfaces/msg/detail/novel__rosidl_typesupport_introspection_c.h
[2.049s] -- Installing: /home/moon/project/fishros/town_ws/install/village_interfaces/include/village_interfaces/village_interfaces/msg/detail/novel__type_support.c
[2.049s] -- Up-to-date: /home/moon/project/fishros/town_ws/install/village_interfaces/include/village_interfaces/village_interfaces/srv
[2.049s] -- Up-to-date: /home/moon/project/fishros/town_ws/install/village_interfaces/include/village_interfaces/village_interfaces/srv/detail
[2.049s] -- Installing: /home/moon/project/fishros/town_ws/install/village_interfaces/include/village_interfaces/village_interfaces/srv/detail/borrow_money__type_support.c
[2.049s] -- Installing: /home/moon/project/fishros/town_ws/install/village_interfaces/include/village_interfaces/village_interfaces/srv/detail/borrow_money__rosidl_typesupport_introspection_c.h
[2.049s] -- Installing: /home/moon/project/fishros/town_ws/install/village_interfaces/lib/libvillage_interfaces__rosidl_typesupport_introspection_c.so
[2.050s] -- Set runtime path of "/home/moon/project/fishros/town_ws/install/village_interfaces/lib/libvillage_interfaces__rosidl_typesupport_introspection_c.so" to ""
[2.050s] -- Installing: /home/moon/project/fishros/town_ws/install/village_interfaces/lib/libvillage_interfaces__rosidl_typesupport_c.so
[2.050s] -- Set runtime path of "/home/moon/project/fishros/town_ws/install/village_interfaces/lib/libvillage_interfaces__rosidl_typesupport_c.so" to ""
[2.050s] -- Up-to-date: /home/moon/project/fishros/town_ws/install/village_interfaces/include/village_interfaces/village_interfaces
[2.050s] -- Up-to-date: /home/moon/project/fishros/town_ws/install/village_interfaces/include/village_interfaces/village_interfaces/msg
[2.050s] -- Up-to-date: /home/moon/project/fishros/town_ws/install/village_interfaces/include/village_interfaces/village_interfaces/msg/detail
[2.050s] -- Installing: /home/moon/project/fishros/town_ws/install/village_interfaces/include/village_interfaces/village_interfaces/msg/detail/novel__type_support.cpp
[2.050s] -- Installing: /home/moon/project/fishros/town_ws/install/village_interfaces/include/village_interfaces/village_interfaces/msg/detail/novel__rosidl_typesupport_introspection_cpp.hpp
[2.050s] -- Up-to-date: /home/moon/project/fishros/town_ws/install/village_interfaces/include/village_interfaces/village_interfaces/srv
[2.050s] -- Up-to-date: /home/moon/project/fishros/town_ws/install/village_interfaces/include/village_interfaces/village_interfaces/srv/detail
[2.050s] -- Installing: /home/moon/project/fishros/town_ws/install/village_interfaces/include/village_interfaces/village_interfaces/srv/detail/borrow_money__type_support.cpp
[2.050s] -- Installing: /home/moon/project/fishros/town_ws/install/village_interfaces/include/village_interfaces/village_interfaces/srv/detail/borrow_money__rosidl_typesupport_introspection_cpp.hpp
[2.050s] -- Installing: /home/moon/project/fishros/town_ws/install/village_interfaces/lib/libvillage_interfaces__rosidl_typesupport_introspection_cpp.so
[2.051s] -- Set runtime path of "/home/moon/project/fishros/town_ws/install/village_interfaces/lib/libvillage_interfaces__rosidl_typesupport_introspection_cpp.so" to ""
[2.051s] -- Installing: /home/moon/project/fishros/town_ws/install/village_interfaces/lib/libvillage_interfaces__rosidl_typesupport_cpp.so
[2.051s] -- Set runtime path of "/home/moon/project/fishros/town_ws/install/village_interfaces/lib/libvillage_interfaces__rosidl_typesupport_cpp.so" to ""
[2.051s] -- Up-to-date: /home/moon/project/fishros/town_ws/install/village_interfaces/share/village_interfaces/environment/pythonpath.sh
[2.051s] -- Installing: /home/moon/project/fishros/town_ws/install/village_interfaces/share/village_interfaces/environment/pythonpath.dsv
[2.051s] -- Up-to-date: /home/moon/project/fishros/town_ws/install/village_interfaces/local/lib/python3.10/dist-packages/village_interfaces-0.0.0-py3.10.egg-info
[2.051s] -- Installing: /home/moon/project/fishros/town_ws/install/village_interfaces/local/lib/python3.10/dist-packages/village_interfaces-0.0.0-py3.10.egg-info/PKG-INFO
[2.051s] -- Installing: /home/moon/project/fishros/town_ws/install/village_interfaces/local/lib/python3.10/dist-packages/village_interfaces-0.0.0-py3.10.egg-info/dependency_links.txt
[2.051s] -- Installing: /home/moon/project/fishros/town_ws/install/village_interfaces/local/lib/python3.10/dist-packages/village_interfaces-0.0.0-py3.10.egg-info/top_level.txt
[2.052s] -- Installing: /home/moon/project/fishros/town_ws/install/village_interfaces/local/lib/python3.10/dist-packages/village_interfaces-0.0.0-py3.10.egg-info/SOURCES.txt
[2.052s] -- Up-to-date: /home/moon/project/fishros/town_ws/install/village_interfaces/local/lib/python3.10/dist-packages/village_interfaces
[2.052s] -- Installing: /home/moon/project/fishros/town_ws/install/village_interfaces/local/lib/python3.10/dist-packages/village_interfaces/village_interfaces_s__rosidl_typesupport_introspection_c.cpython-310-x86_64-linux-gnu.so
[2.052s] -- Installing: /home/moon/project/fishros/town_ws/install/village_interfaces/local/lib/python3.10/dist-packages/village_interfaces/village_interfaces_s__rosidl_typesupport_fastrtps_c.cpython-310-x86_64-linux-gnu.so
[2.052s] -- Up-to-date: /home/moon/project/fishros/town_ws/install/village_interfaces/local/lib/python3.10/dist-packages/village_interfaces/msg
[2.052s] -- Installing: /home/moon/project/fishros/town_ws/install/village_interfaces/local/lib/python3.10/dist-packages/village_interfaces/msg/_novel_s.c
[2.052s] -- Installing: /home/moon/project/fishros/town_ws/install/village_interfaces/local/lib/python3.10/dist-packages/village_interfaces/msg/__init__.py
[2.052s] -- Installing: /home/moon/project/fishros/town_ws/install/village_interfaces/local/lib/python3.10/dist-packages/village_interfaces/msg/_novel.py
[2.052s] -- Installing: /home/moon/project/fishros/town_ws/install/village_interfaces/local/lib/python3.10/dist-packages/village_interfaces/_village_interfaces_s.ep.rosidl_typesupport_c.c
[2.052s] -- Installing: /home/moon/project/fishros/town_ws/install/village_interfaces/local/lib/python3.10/dist-packages/village_interfaces/_village_interfaces_s.ep.rosidl_typesupport_introspection_c.c
[2.052s] -- Installing: /home/moon/project/fishros/town_ws/install/village_interfaces/local/lib/python3.10/dist-packages/village_interfaces/srv
[2.052s] -- Installing: /home/moon/project/fishros/town_ws/install/village_interfaces/local/lib/python3.10/dist-packages/village_interfaces/srv/_borrow_money.py
[2.053s] -- Installing: /home/moon/project/fishros/town_ws/install/village_interfaces/local/lib/python3.10/dist-packages/village_interfaces/srv/_borrow_money_s.c
[2.053s] -- Installing: /home/moon/project/fishros/town_ws/install/village_interfaces/local/lib/python3.10/dist-packages/village_interfaces/srv/__init__.py
[2.053s] -- Installing: /home/moon/project/fishros/town_ws/install/village_interfaces/local/lib/python3.10/dist-packages/village_interfaces/_village_interfaces_s.ep.rosidl_typesupport_fastrtps_c.c
[2.053s] -- Installing: /home/moon/project/fishros/town_ws/install/village_interfaces/local/lib/python3.10/dist-packages/village_interfaces/__init__.py
[2.053s] -- Installing: /home/moon/project/fishros/town_ws/install/village_interfaces/local/lib/python3.10/dist-packages/village_interfaces/libvillage_interfaces__rosidl_generator_py.so
[2.053s] -- Installing: /home/moon/project/fishros/town_ws/install/village_interfaces/local/lib/python3.10/dist-packages/village_interfaces/village_interfaces_s__rosidl_typesupport_c.cpython-310-x86_64-linux-gnu.so
[2.074s] Listing '/home/moon/project/fishros/town_ws/install/village_interfaces/local/lib/python3.10/dist-packages/village_interfaces'...
[2.075s] Compiling '/home/moon/project/fishros/town_ws/install/village_interfaces/local/lib/python3.10/dist-packages/village_interfaces/__init__.py'...
[2.075s] Listing '/home/moon/project/fishros/town_ws/install/village_interfaces/local/lib/python3.10/dist-packages/village_interfaces/msg'...
[2.075s] Compiling '/home/moon/project/fishros/town_ws/install/village_interfaces/local/lib/python3.10/dist-packages/village_interfaces/msg/__init__.py'...
[2.075s] Compiling '/home/moon/project/fishros/town_ws/install/village_interfaces/local/lib/python3.10/dist-packages/village_interfaces/msg/_novel.py'...
[2.075s] Listing '/home/moon/project/fishros/town_ws/install/village_interfaces/local/lib/python3.10/dist-packages/village_interfaces/srv'...
[2.075s] Compiling '/home/moon/project/fishros/town_ws/install/village_interfaces/local/lib/python3.10/dist-packages/village_interfaces/srv/__init__.py'...
[2.075s] Compiling '/home/moon/project/fishros/town_ws/install/village_interfaces/local/lib/python3.10/dist-packages/village_interfaces/srv/_borrow_money.py'...
[2.078s] -- Installing: /home/moon/project/fishros/town_ws/install/village_interfaces/local/lib/python3.10/dist-packages/village_interfaces/village_interfaces_s__rosidl_typesupport_fastrtps_c.cpython-310-x86_64-linux-gnu.so
[2.078s] -- Set runtime path of "/home/moon/project/fishros/town_ws/install/village_interfaces/local/lib/python3.10/dist-packages/village_interfaces/village_interfaces_s__rosidl_typesupport_fastrtps_c.cpython-310-x86_64-linux-gnu.so" to ""
[2.078s] -- Installing: /home/moon/project/fishros/town_ws/install/village_interfaces/local/lib/python3.10/dist-packages/village_interfaces/village_interfaces_s__rosidl_typesupport_introspection_c.cpython-310-x86_64-linux-gnu.so
[2.078s] -- Set runtime path of "/home/moon/project/fishros/town_ws/install/village_interfaces/local/lib/python3.10/dist-packages/village_interfaces/village_interfaces_s__rosidl_typesupport_introspection_c.cpython-310-x86_64-linux-gnu.so" to ""
[2.078s] -- Installing: /home/moon/project/fishros/town_ws/install/village_interfaces/local/lib/python3.10/dist-packages/village_interfaces/village_interfaces_s__rosidl_typesupport_c.cpython-310-x86_64-linux-gnu.so
[2.078s] -- Set runtime path of "/home/moon/project/fishros/town_ws/install/village_interfaces/local/lib/python3.10/dist-packages/village_interfaces/village_interfaces_s__rosidl_typesupport_c.cpython-310-x86_64-linux-gnu.so" to ""
[2.078s] -- Installing: /home/moon/project/fishros/town_ws/install/village_interfaces/lib/libvillage_interfaces__rosidl_generator_py.so
[2.079s] -- Set runtime path of "/home/moon/project/fishros/town_ws/install/village_interfaces/lib/libvillage_interfaces__rosidl_generator_py.so" to ""
[2.079s] -- Up-to-date: /home/moon/project/fishros/town_ws/install/village_interfaces/share/village_interfaces/msg/Novel.idl
[2.079s] -- Installing: /home/moon/project/fishros/town_ws/install/village_interfaces/share/village_interfaces/srv/BorrowMoney.idl
[2.079s] -- Up-to-date: /home/moon/project/fishros/town_ws/install/village_interfaces/share/village_interfaces/msg/Novel.msg
[2.079s] -- Installing: /home/moon/project/fishros/town_ws/install/village_interfaces/share/village_interfaces/srv/BorrowMoney.srv
[2.079s] -- Installing: /home/moon/project/fishros/town_ws/install/village_interfaces/share/village_interfaces/srv/BorrowMoney_Request.msg
[2.079s] -- Installing: /home/moon/project/fishros/town_ws/install/village_interfaces/share/village_interfaces/srv/BorrowMoney_Response.msg
[2.079s] -- Up-to-date: /home/moon/project/fishros/town_ws/install/village_interfaces/share/ament_index/resource_index/package_run_dependencies/village_interfaces
[2.079s] -- Installing: /home/moon/project/fishros/town_ws/install/village_interfaces/share/ament_index/resource_index/parent_prefix_path/village_interfaces
[2.079s] -- Up-to-date: /home/moon/project/fishros/town_ws/install/village_interfaces/share/village_interfaces/environment/ament_prefix_path.sh
[2.079s] -- Installing: /home/moon/project/fishros/town_ws/install/village_interfaces/share/village_interfaces/environment/ament_prefix_path.dsv
[2.079s] -- Up-to-date: /home/moon/project/fishros/town_ws/install/village_interfaces/share/village_interfaces/environment/path.sh
[2.080s] -- Installing: /home/moon/project/fishros/town_ws/install/village_interfaces/share/village_interfaces/environment/path.dsv
[2.080s] -- Up-to-date: /home/moon/project/fishros/town_ws/install/village_interfaces/share/village_interfaces/local_setup.bash
[2.080s] -- Up-to-date: /home/moon/project/fishros/town_ws/install/village_interfaces/share/village_interfaces/local_setup.sh
[2.080s] -- Up-to-date: /home/moon/project/fishros/town_ws/install/village_interfaces/share/village_interfaces/local_setup.zsh
[2.080s] -- Installing: /home/moon/project/fishros/town_ws/install/village_interfaces/share/village_interfaces/local_setup.dsv
[2.080s] -- Installing: /home/moon/project/fishros/town_ws/install/village_interfaces/share/village_interfaces/package.dsv
[2.080s] -- Up-to-date: /home/moon/project/fishros/town_ws/install/village_interfaces/share/ament_index/resource_index/packages/village_interfaces
[2.080s] -- Up-to-date: /home/moon/project/fishros/town_ws/install/village_interfaces/share/village_interfaces/cmake/export_village_interfaces__rosidl_generator_cExport.cmake
[2.080s] -- Up-to-date: /home/moon/project/fishros/town_ws/install/village_interfaces/share/village_interfaces/cmake/export_village_interfaces__rosidl_generator_cExport-noconfig.cmake
[2.080s] -- Up-to-date: /home/moon/project/fishros/town_ws/install/village_interfaces/share/village_interfaces/cmake/export_village_interfaces__rosidl_typesupport_fastrtps_cExport.cmake
[2.080s] -- Up-to-date: /home/moon/project/fishros/town_ws/install/village_interfaces/share/village_interfaces/cmake/export_village_interfaces__rosidl_typesupport_fastrtps_cExport-noconfig.cmake
[2.080s] -- Up-to-date: /home/moon/project/fishros/town_ws/install/village_interfaces/share/village_interfaces/cmake/export_village_interfaces__rosidl_generator_cppExport.cmake
[2.080s] -- Up-to-date: /home/moon/project/fishros/town_ws/install/village_interfaces/share/village_interfaces/cmake/export_village_interfaces__rosidl_typesupport_fastrtps_cppExport.cmake
[2.080s] -- Up-to-date: /home/moon/project/fishros/town_ws/install/village_interfaces/share/village_interfaces/cmake/export_village_interfaces__rosidl_typesupport_fastrtps_cppExport-noconfig.cmake
[2.080s] -- Up-to-date: /home/moon/project/fishros/town_ws/install/village_interfaces/share/village_interfaces/cmake/village_interfaces__rosidl_typesupport_introspection_cExport.cmake
[2.080s] -- Up-to-date: /home/moon/project/fishros/town_ws/install/village_interfaces/share/village_interfaces/cmake/village_interfaces__rosidl_typesupport_introspection_cExport-noconfig.cmake
[2.080s] -- Up-to-date: /home/moon/project/fishros/town_ws/install/village_interfaces/share/village_interfaces/cmake/village_interfaces__rosidl_typesupport_cExport.cmake
[2.080s] -- Up-to-date: /home/moon/project/fishros/town_ws/install/village_interfaces/share/village_interfaces/cmake/village_interfaces__rosidl_typesupport_cExport-noconfig.cmake
[2.080s] -- Up-to-date: /home/moon/project/fishros/town_ws/install/village_interfaces/share/village_interfaces/cmake/village_interfaces__rosidl_typesupport_introspection_cppExport.cmake
[2.080s] -- Up-to-date: /home/moon/project/fishros/town_ws/install/village_interfaces/share/village_interfaces/cmake/village_interfaces__rosidl_typesupport_introspection_cppExport-noconfig.cmake
[2.080s] -- Up-to-date: /home/moon/project/fishros/town_ws/install/village_interfaces/share/village_interfaces/cmake/village_interfaces__rosidl_typesupport_cppExport.cmake
[2.081s] -- Up-to-date: /home/moon/project/fishros/town_ws/install/village_interfaces/share/village_interfaces/cmake/village_interfaces__rosidl_typesupport_cppExport-noconfig.cmake
[2.081s] -- Up-to-date: /home/moon/project/fishros/town_ws/install/village_interfaces/share/village_interfaces/cmake/export_village_interfaces__rosidl_generator_pyExport.cmake
[2.081s] -- Up-to-date: /home/moon/project/fishros/town_ws/install/village_interfaces/share/village_interfaces/cmake/export_village_interfaces__rosidl_generator_pyExport-noconfig.cmake
[2.081s] -- Installing: /home/moon/project/fishros/town_ws/install/village_interfaces/share/village_interfaces/cmake/rosidl_cmake-extras.cmake
[2.081s] -- Up-to-date: /home/moon/project/fishros/town_ws/install/village_interfaces/share/village_interfaces/cmake/ament_cmake_export_dependencies-extras.cmake
[2.081s] -- Up-to-date: /home/moon/project/fishros/town_ws/install/village_interfaces/share/village_interfaces/cmake/ament_cmake_export_include_directories-extras.cmake
[2.081s] -- Up-to-date: /home/moon/project/fishros/town_ws/install/village_interfaces/share/village_interfaces/cmake/ament_cmake_export_libraries-extras.cmake
[2.081s] -- Up-to-date: /home/moon/project/fishros/town_ws/install/village_interfaces/share/village_interfaces/cmake/ament_cmake_export_targets-extras.cmake
[2.081s] -- Up-to-date: /home/moon/project/fishros/town_ws/install/village_interfaces/share/village_interfaces/cmake/rosidl_cmake_export_typesupport_targets-extras.cmake
[2.081s] -- Up-to-date: /home/moon/project/fishros/town_ws/install/village_interfaces/share/village_interfaces/cmake/rosidl_cmake_export_typesupport_libraries-extras.cmake
[2.081s] -- Up-to-date: /home/moon/project/fishros/town_ws/install/village_interfaces/share/village_interfaces/cmake/village_interfacesConfig.cmake
[2.081s] -- Up-to-date: /home/moon/project/fishros/town_ws/install/village_interfaces/share/village_interfaces/cmake/village_interfacesConfig-version.cmake
[2.081s] -- Up-to-date: /home/moon/project/fishros/town_ws/install/village_interfaces/share/village_interfaces/package.xml
[2.083s] Invoked command in '/home/moon/project/fishros/town_ws/build/village_interfaces' returned '0': CMAKE_PREFIX_PATH=${CMAKE_PREFIX_PATH}:/home/moon/project/fishros/town_ws/install/village_wang:/home/moon/project/fishros/town_ws/install/village_li:/opt/ros/humble /usr/bin/cmake --install /home/moon/project/fishros/town_ws/build/village_interfaces
