[0.009s] Invoking command in '/home/moon/project/fishros/chapt8_ws/src/build/cartographer': CMAKE_PREFIX_PATH=${CMAKE_PREFIX_PATH}:/home/moon/project/fishros/chapt8_ws/install/fishbot_description:/opt/ros/humble CONDA_PROMPT_MODIFIER=(base) /usr/bin/cmake /home/moon/project/fishros/chapt8_ws/src/cartographer -DCMAKE_INSTALL_PREFIX=/home/moon/project/fishros/chapt8_ws/src/install/cartographer
[0.049s] -- The C compiler identification is GNU 11.4.0
[0.086s] -- The CXX compiler identification is GNU 11.4.0
[0.091s] -- Detecting C compiler ABI info
[0.142s] -- Detecting C compiler ABI info - done
[0.145s] -- Check for working C compiler: /usr/bin/cc - skipped
[0.146s] -- Detecting C compile features
[0.146s] -- Detecting C compile features - done
[0.147s] -- Detecting CXX compiler ABI info
[0.201s] -- Detecting CXX compiler ABI info - done
[0.205s] -- Check for working CXX compiler: /usr/bin/c++ - skipped
[0.205s] -- Detecting CXX compile features
[0.205s] -- Detecting CXX compile features - done
[0.206s] -- Build type: Release
[0.214s] 文件 /home/moon/project/fishros/chapt8_ws/src/build/cartographer/AllFiles.cmake 和 - 不同
[0.489s] -- Found Python: /usr/bin/python3.10 (found version "3.10.12") found components: Interpreter 
[0.490s] -- Looking for pthread.h
[0.544s] -- Looking for pthread.h - found
[0.544s] -- Performing Test CMAKE_HAVE_LIBC_PTHREAD
[0.600s] -- Performing Test CMAKE_HAVE_LIBC_PTHREAD - Success
[0.601s] -- Found Threads: TRUE  
[0.603s] -- Found GMock: gmock_main  
[0.614s] -- Found Boost: /usr/lib/x86_64-linux-gnu/cmake/Boost-1.74.0/BoostConfig.cmake (found version "1.74.0") found components: iostreams 
[0.621s] -- Found required Ceres dependency: Eigen version 3.4.0 in /usr/include/eigen3
[0.624s] -- Found required Ceres dependency: glog
[0.625s] -- Found required Ceres dependency: gflags
[0.625s] -- Found Ceres version: 2.0.0 installed in: /usr with components: [EigenSparse, SparseLinearAlgebraLibrary, LAPACK, SuiteSparse, CXSparse, SchurSpecializations, Multithreading]
[0.631s] -- Found Lua: /usr/lib/x86_64-linux-gnu/liblua5.2.so;/usr/lib/x86_64-linux-gnu/libm.so (found version "5.2.4") 
[0.640s] -- Found Protobuf: /usr/lib/x86_64-linux-gnu/libprotobuf.so (found suitable version "3.12.4", minimum required is "3.0.0") 
[0.644s] -- Found PkgConfig: /usr/bin/pkg-config (found version "0.29.2") 
[0.644s] -- Checking for one of the modules 'cairo>=1.12.16'
[0.701s] -- Found Sphinx: /home/moon/conda/bin/sphinx-build  
[0.735s] -- Configuring done
[0.901s] -- Generating done
[0.906s] -- Build files have been written to: /home/moon/project/fishros/chapt8_ws/src/build/cartographer
[0.917s] Invoked command in '/home/moon/project/fishros/chapt8_ws/src/build/cartographer' returned '0': CMAKE_PREFIX_PATH=${CMAKE_PREFIX_PATH}:/home/moon/project/fishros/chapt8_ws/install/fishbot_description:/opt/ros/humble CONDA_PROMPT_MODIFIER=(base) /usr/bin/cmake /home/moon/project/fishros/chapt8_ws/src/cartographer -DCMAKE_INSTALL_PREFIX=/home/moon/project/fishros/chapt8_ws/src/install/cartographer
[0.918s] Invoking command in '/home/moon/project/fishros/chapt8_ws/src/build/cartographer': CMAKE_PREFIX_PATH=${CMAKE_PREFIX_PATH}:/home/moon/project/fishros/chapt8_ws/install/fishbot_description:/opt/ros/humble CONDA_PROMPT_MODIFIER=(base) /usr/bin/cmake --build /home/moon/project/fishros/chapt8_ws/src/build/cartographer -- -j16 -l16
[0.959s] [  0%] [34m[1mRunning C++ protocol buffer compiler on /home/moon/project/fishros/chapt8_ws/src/cartographer/cartographer/ground_truth/proto/relations.proto[0m
[0.961s] [  1%] [34m[1mRunning C++ protocol buffer compiler on /home/moon/project/fishros/chapt8_ws/src/cartographer/cartographer/mapping/proto/cell_limits_2d.proto[0m
[0.961s] [  1%] [34m[1mRunning C++ protocol buffer compiler on /home/moon/project/fishros/chapt8_ws/src/cartographer/cartographer/mapping/proto/connected_components.proto[0m
[0.961s] [  0%] [34m[1mRunning C++ protocol buffer compiler on /home/moon/project/fishros/chapt8_ws/src/cartographer/cartographer/transform/proto/transform.proto[0m
[0.961s] [  1%] [34m[1mRunning C++ protocol buffer compiler on /home/moon/project/fishros/chapt8_ws/src/cartographer/cartographer/mapping/proto/grid_2d.proto[0m
[0.961s] [  1%] [34m[1mRunning C++ protocol buffer compiler on /home/moon/project/fishros/chapt8_ws/src/cartographer/cartographer/common/proto/ceres_solver_options.proto[0m
[0.961s] [  1%] [34m[1mRunning C++ protocol buffer compiler on /home/moon/project/fishros/chapt8_ws/src/cartographer/cartographer/mapping/proto/grid_2d_options.proto[0m
[0.961s] [  2%] [34m[1mRunning C++ protocol buffer compiler on /home/moon/project/fishros/chapt8_ws/src/cartographer/cartographer/mapping/proto/hybrid_grid.proto[0m
[0.961s] [  2%] [34m[1mRunning C++ protocol buffer compiler on /home/moon/project/fishros/chapt8_ws/src/cartographer/cartographer/mapping/proto/local_trajectory_builder_options_2d.proto[0m
[0.961s] [  2%] [34m[1mRunning C++ protocol buffer compiler on /home/moon/project/fishros/chapt8_ws/src/cartographer/cartographer/mapping/proto/local_trajectory_builder_options_3d.proto[0m
[0.961s] [  2%] [34m[1mRunning C++ protocol buffer compiler on /home/moon/project/fishros/chapt8_ws/src/cartographer/cartographer/mapping/proto/map_builder_options.proto[0m
[0.962s] [  3%] [34m[1mRunning C++ protocol buffer compiler on /home/moon/project/fishros/chapt8_ws/src/cartographer/cartographer/mapping/proto/map_limits.proto[0m
[0.966s] [  3%] [34m[1mRunning C++ protocol buffer compiler on /home/moon/project/fishros/chapt8_ws/src/cartographer/cartographer/mapping/proto/motion_filter_options.proto[0m
[0.969s] [  4%] [34m[1mBuilding documentation.[0m
[0.969s] [  4%] [32mBuilding CXX object googletest/CMakeFiles/gtest.dir/src/gtest-all.cc.o[0m
[0.973s] [  5%] [34m[1mRunning C++ protocol buffer compiler on /home/moon/project/fishros/chapt8_ws/src/cartographer/cartographer/mapping/proto/pose_graph/constraint_builder_options.proto[0m
[0.974s] [  5%] [34m[1mRunning C++ protocol buffer compiler on /home/moon/project/fishros/chapt8_ws/src/cartographer/cartographer/mapping/proto/pose_graph.proto[0m
[0.974s] [  5%] [34m[1mRunning C++ protocol buffer compiler on /home/moon/project/fishros/chapt8_ws/src/cartographer/cartographer/mapping/proto/normal_estimation_options_2d.proto[0m
[0.976s] [  5%] [34m[1mRunning C++ protocol buffer compiler on /home/moon/project/fishros/chapt8_ws/src/cartographer/cartographer/mapping/proto/pose_extrapolator_options.proto[0m
[0.976s] [  5%] [34m[1mRunning C++ protocol buffer compiler on /home/moon/project/fishros/chapt8_ws/src/cartographer/cartographer/mapping/proto/pose_graph/optimization_problem_options.proto[0m
[0.976s] [  6%] [34m[1mRunning C++ protocol buffer compiler on /home/moon/project/fishros/chapt8_ws/src/cartographer/cartographer/mapping/proto/range_data_inserter_options.proto[0m
[0.977s] [  6%] [34m[1mRunning C++ protocol buffer compiler on /home/moon/project/fishros/chapt8_ws/src/cartographer/cartographer/mapping/proto/range_data_inserter_options_3d.proto[0m
[0.977s] [  6%] [34m[1mRunning C++ protocol buffer compiler on /home/moon/project/fishros/chapt8_ws/src/cartographer/cartographer/mapping/proto/probability_grid.proto[0m
[0.977s] [  6%] [34m[1mRunning C++ protocol buffer compiler on /home/moon/project/fishros/chapt8_ws/src/cartographer/cartographer/mapping/proto/pose_graph_options.proto[0m
[0.977s] [  6%] [34m[1mRunning C++ protocol buffer compiler on /home/moon/project/fishros/chapt8_ws/src/cartographer/cartographer/mapping/proto/probability_grid_range_data_inserter_options_2d.proto[0m
[0.978s] [  7%] [34m[1mRunning C++ protocol buffer compiler on /home/moon/project/fishros/chapt8_ws/src/cartographer/cartographer/mapping/proto/scan_matching/ceres_scan_matcher_options_2d.proto[0m
[0.978s] [  7%] [34m[1mRunning C++ protocol buffer compiler on /home/moon/project/fishros/chapt8_ws/src/cartographer/cartographer/mapping/proto/scan_matching/ceres_scan_matcher_options_3d.proto[0m
[0.983s] [  7%] [34m[1mRunning C++ protocol buffer compiler on /home/moon/project/fishros/chapt8_ws/src/cartographer/cartographer/mapping/proto/scan_matching/fast_correlative_scan_matcher_options_2d.proto[0m
[0.983s] [  7%] Built target cartographer_detect_changes
[0.989s] [  8%] [34m[1mRunning C++ protocol buffer compiler on /home/moon/project/fishros/chapt8_ws/src/cartographer/cartographer/mapping/proto/submap.proto[0m
[0.989s] [  8%] [34m[1mRunning C++ protocol buffer compiler on /home/moon/project/fishros/chapt8_ws/src/cartographer/cartographer/mapping/proto/submap_visualization.proto[0m
[0.989s] [  8%] [34m[1mRunning C++ protocol buffer compiler on /home/moon/project/fishros/chapt8_ws/src/cartographer/cartographer/mapping/proto/scan_matching/real_time_correlative_scan_matcher_options.proto[0m
[0.991s] [  8%] [34m[1mRunning C++ protocol buffer compiler on /home/moon/project/fishros/chapt8_ws/src/cartographer/cartographer/mapping/proto/serialization.proto[0m
[0.993s] [  8%] [34m[1mRunning C++ protocol buffer compiler on /home/moon/project/fishros/chapt8_ws/src/cartographer/cartographer/mapping/proto/scan_matching/fast_correlative_scan_matcher_options_3d.proto[0m
[0.993s] [  8%] [34m[1mRunning C++ protocol buffer compiler on /home/moon/project/fishros/chapt8_ws/src/cartographer/cartographer/mapping/proto/tsdf_2d.proto[0m
[0.993s] [  8%] [34m[1mRunning C++ protocol buffer compiler on /home/moon/project/fishros/chapt8_ws/src/cartographer/cartographer/mapping/proto/submaps_options_3d.proto[0m
[0.993s] [  8%] [34m[1mRunning C++ protocol buffer compiler on /home/moon/project/fishros/chapt8_ws/src/cartographer/cartographer/mapping/proto/trajectory.proto[0m
[0.993s] [  8%] [34m[1mRunning C++ protocol buffer compiler on /home/moon/project/fishros/chapt8_ws/src/cartographer/cartographer/mapping/proto/tsdf_range_data_inserter_options_2d.proto[0m
[0.993s] [  9%] [34m[1mRunning C++ protocol buffer compiler on /home/moon/project/fishros/chapt8_ws/src/cartographer/cartographer/mapping/proto/submaps_options_2d.proto[0m
[0.993s] [  9%] [34m[1mRunning C++ protocol buffer compiler on /home/moon/project/fishros/chapt8_ws/src/cartographer/cartographer/mapping/proto/trajectory_builder_options.proto[0m
[0.994s] [ 10%] [34m[1mRunning C++ protocol buffer compiler on /home/moon/project/fishros/chapt8_ws/src/cartographer/cartographer/mapping/proto/trajectory_node_data.proto[0m
[0.997s] [ 11%] [34m[1mRunning C++ protocol buffer compiler on /home/moon/project/fishros/chapt8_ws/src/cartographer/cartographer/sensor/proto/adaptive_voxel_filter_options.proto[0m
[0.997s] [ 11%] [34m[1mRunning C++ protocol buffer compiler on /home/moon/project/fishros/chapt8_ws/src/cartographer/cartographer/sensor/proto/sensor.proto[0m
[1.004s] [ 11%] [34m[1mRunning C++ protocol buffer compiler on /home/moon/project/fishros/chapt8_ws/src/cartographer/cartographer/transform/proto/timestamped_transform.proto[0m
[1.051s] [ 13%] [32mBuilding CXX object CMakeFiles/cartographer.dir/cartographer/common/configuration_file_resolver.cc.o[0m
[1.051s] [ 13%] [32mBuilding CXX object CMakeFiles/cartographer.dir/cartographer/common/fixed_ratio_sampler.cc.o[0m
[1.052s] [ 13%] [32mBuilding CXX object CMakeFiles/cartographer.dir/cartographer/common/internal/testing/thread_pool_for_testing.cc.o[0m
[1.052s] [ 13%] [32mBuilding CXX object CMakeFiles/cartographer.dir/cartographer/common/histogram.cc.o[0m
[1.052s] [ 13%] [32mBuilding CXX object CMakeFiles/cartographer.dir/cartographer/common/internal/ceres_solver_options.cc.o[0m
[1.052s] [ 14%] [32mBuilding CXX object CMakeFiles/cartographer.dir/cartographer/common/task.cc.o[0m
[1.052s] [ 14%] [32mBuilding CXX object CMakeFiles/cartographer.dir/cartographer/common/time.cc.o[0m
[1.053s] [ 14%] [32mBuilding CXX object CMakeFiles/cartographer.dir/cartographer/common/thread_pool.cc.o[0m
[1.053s] [ 14%] [32mBuilding CXX object CMakeFiles/cartographer.dir/cartographer/ground_truth/relations_text_file.cc.o[0m
[1.053s] [ 14%] [32mBuilding CXX object CMakeFiles/cartographer.dir/cartographer/io/color.cc.o[0m
[1.053s] [ 14%] [32mBuilding CXX object CMakeFiles/cartographer.dir/cartographer/ground_truth/autogenerate_ground_truth.cc.o[0m
[1.053s] [ 15%] [32mBuilding CXX object CMakeFiles/cartographer.dir/cartographer/common/lua_parameter_dictionary.cc.o[0m
[1.053s] [ 15%] [32mBuilding CXX object CMakeFiles/cartographer.dir/cartographer/io/coloring_points_processor.cc.o[0m
[1.060s] [ 15%] [32mBuilding CXX object CMakeFiles/cartographer.dir/cartographer/io/counting_points_processor.cc.o[0m
[1.246s] 正在运行 Sphinx v5.0.2
[1.653s] 创建输出目录... 完成
[1.670s] 构建 [mo]： 0 个 po 文件的目标文件已过期
[1.675s] 构建 [html]： 6 个源文件的目标文件已过期
[1.676s] 更新环境: [新配置] 已添加 6，0 已更改，0 已移除
[1.676s] 阅读源... [ 16%] configuration
[1.830s] 阅读源... [ 33%] cost_functions
[1.842s] 阅读源... [ 50%] evaluation
[1.859s] 阅读源... [ 66%] index
[1.894s] 阅读源... [ 83%] pbstream_migration
[1.901s] 阅读源... [100%] terminology
[1.910s] 
[1.911s] 查找当前已过期的文件... 没有找到
[1.913s] pickling环境... 完成
[1.913s] 检查一致性... 完成
[1.919s] 准备文件... 完成
[1.919s] 写入输出... [ 16%] configuration
[1.989s] 写入输出... [ 33%] cost_functions
[1.998s] 写入输出... [ 50%] evaluation
[2.014s] 写入输出... [ 66%] index
[2.028s] 写入输出... [ 83%] pbstream_migration
[2.060s] 写入输出... [100%] terminology
[2.067s] 
[2.079s] 正在生成索引... genindex 完成
[2.097s] 正在写入附加页面... search 完成
[2.097s] 复制图像... [ 50%] autogenerate_groundtruth.png
[2.097s] 复制图像... [100%] high_level_system_overview.png
[2.097s] 
[2.143s] 正在复制静态文件... 完成
[2.143s] 正在复制额外文件... 完成
[2.145s] 正在导出 English (code: en) 的搜索索引... 完成
[2.145s] 正在导出对象清单... 完成
[2.145s] 构建 成功.
[2.145s] 
[2.145s] HTML 页面保存在 html 目录。
[2.418s] [ 15%] Built target build_doc
[2.452s] [ 15%] [32mBuilding CXX object CMakeFiles/cartographer.dir/cartographer/io/draw_trajectories.cc.o[0m
[2.659s] [ 16%] [32mBuilding CXX object CMakeFiles/cartographer.dir/cartographer/io/file_writer.cc.o[0m
[2.659s] [ 16%] [32mBuilding CXX object CMakeFiles/cartographer.dir/cartographer/io/fixed_ratio_sampling_points_processor.cc.o[0m
[2.710s] [ 16%] [32mBuilding CXX object CMakeFiles/cartographer.dir/cartographer/io/frame_id_filtering_points_processor.cc.o[0m
[2.762s] [ 16%] [32mBuilding CXX object CMakeFiles/cartographer.dir/cartographer/io/hybrid_grid_points_processor.cc.o[0m
[2.847s] [ 16%] [32mBuilding CXX object CMakeFiles/cartographer.dir/cartographer/io/image.cc.o[0m
[3.047s] [ 17%] [32mBuilding CXX object CMakeFiles/cartographer.dir/cartographer/io/intensity_to_color_points_processor.cc.o[0m
[3.646s] [ 17%] [32mBuilding CXX object CMakeFiles/cartographer.dir/cartographer/io/internal/in_memory_proto_stream.cc.o[0m
[3.689s] [ 17%] [32mBuilding CXX object CMakeFiles/cartographer.dir/cartographer/io/internal/mapping_state_serialization.cc.o[0m
[3.769s] [ 17%] [32mBuilding CXX object CMakeFiles/cartographer.dir/cartographer/io/internal/pbstream_info.cc.o[0m
[4.201s] [ 18%] [32mBuilding CXX object CMakeFiles/cartographer.dir/cartographer/io/internal/pbstream_migrate.cc.o[0m
[4.598s] [ 18%] [32mBuilding CXX object CMakeFiles/cartographer.dir/cartographer/io/min_max_range_filtering_points_processor.cc.o[0m
[4.694s] [ 18%] [32mBuilding CXX object CMakeFiles/cartographer.dir/cartographer/io/outlier_removing_points_processor.cc.o[0m
[5.015s] [ 18%] [32mBuilding CXX object CMakeFiles/cartographer.dir/cartographer/io/pcd_writing_points_processor.cc.o[0m
[5.045s] [ 19%] [32mBuilding CXX object CMakeFiles/cartographer.dir/cartographer/io/ply_writing_points_processor.cc.o[0m
[5.301s] [ 19%] [32mBuilding CXX object CMakeFiles/cartographer.dir/cartographer/io/points_batch.cc.o[0m
[6.121s] [ 19%] [32mBuilding CXX object CMakeFiles/cartographer.dir/cartographer/io/points_processor_pipeline_builder.cc.o[0m
[7.228s] [ 19%] [32mBuilding CXX object CMakeFiles/cartographer.dir/cartographer/io/probability_grid_points_processor.cc.o[0m
[8.021s] [ 20%] [32mBuilding CXX object CMakeFiles/cartographer.dir/cartographer/io/proto_stream.cc.o[0m
[8.473s] [ 20%] [32mBuilding CXX object CMakeFiles/cartographer.dir/cartographer/io/proto_stream_deserializer.cc.o[0m
[8.616s] [ 20%] [32mBuilding CXX object CMakeFiles/cartographer.dir/cartographer/io/serialization_format_migration.cc.o[0m
[8.705s] [ 21%] [32mBuilding CXX object CMakeFiles/cartographer.dir/cartographer/io/submap_painter.cc.o[0m
[8.722s] [ 21%] [32mBuilding CXX object CMakeFiles/cartographer.dir/cartographer/io/vertical_range_filtering_points_processor.cc.o[0m
[8.917s] [ 21%] [32mBuilding CXX object CMakeFiles/cartographer.dir/cartographer/io/xray_points_processor.cc.o[0m
[8.976s] [ 21%] [32mBuilding CXX object CMakeFiles/cartographer.dir/cartographer/io/xyz_writing_points_processor.cc.o[0m
[9.784s] [ 22%] [32mBuilding CXX object CMakeFiles/cartographer.dir/cartographer/mapping/2d/grid_2d.cc.o[0m
[12.191s] [ 22%] [32mBuilding CXX object CMakeFiles/cartographer.dir/cartographer/mapping/2d/probability_grid.cc.o[0m
[12.459s] [ 22%] [32mBuilding CXX object CMakeFiles/cartographer.dir/cartographer/mapping/2d/probability_grid_range_data_inserter_2d.cc.o[0m
[12.537s] [ 22%] [32mBuilding CXX object CMakeFiles/cartographer.dir/cartographer/mapping/2d/submap_2d.cc.o[0m
[12.551s] [ 23%] [32mBuilding CXX object CMakeFiles/cartographer.dir/cartographer/mapping/3d/range_data_inserter_3d.cc.o[0m
[12.953s] [ 23%] [32mBuilding CXX object CMakeFiles/cartographer.dir/cartographer/mapping/3d/submap_3d.cc.o[0m
[13.860s] [ 23%] [32mBuilding CXX object CMakeFiles/cartographer.dir/cartographer/mapping/detect_floors.cc.o[0m
[14.079s] [ 23%] [32mBuilding CXX object CMakeFiles/cartographer.dir/cartographer/mapping/imu_tracker.cc.o[0m
[14.590s] [ 24%] [32mBuilding CXX object CMakeFiles/cartographer.dir/cartographer/mapping/internal/2d/local_slam_result_2d.cc.o[0m
[14.782s] [ 24%] [32mBuilding CXX object CMakeFiles/cartographer.dir/cartographer/mapping/internal/2d/local_trajectory_builder_2d.cc.o[0m
[14.979s] [ 24%] [32mBuilding CXX object CMakeFiles/cartographer.dir/cartographer/mapping/internal/2d/local_trajectory_builder_options_2d.cc.o[0m
[15.200s] [ 24%] [32mBuilding CXX object CMakeFiles/cartographer.dir/cartographer/mapping/internal/2d/normal_estimation_2d.cc.o[0m
[15.751s] [ 25%] [32mBuilding CXX object CMakeFiles/cartographer.dir/cartographer/mapping/internal/2d/overlapping_submaps_trimmer_2d.cc.o[0m
[16.002s] [ 25%] [32m[1mLinking CXX static library ../lib/libgtest.a[0m
[16.125s] [ 25%] Built target gtest
[16.152s] [ 25%] [32mBuilding CXX object CMakeFiles/cartographer.dir/cartographer/mapping/internal/2d/pose_graph_2d.cc.o[0m
[16.918s] [ 26%] [32mBuilding CXX object gmock/CMakeFiles/gmock.dir/src/gmock-all.cc.o[0m
[17.554s] [ 26%] [32mBuilding CXX object CMakeFiles/cartographer.dir/cartographer/mapping/internal/2d/ray_to_pixel_mask.cc.o[0m
[17.689s] [ 26%] [32mBuilding CXX object CMakeFiles/cartographer.dir/cartographer/mapping/internal/2d/scan_matching/ceres_scan_matcher_2d.cc.o[0m
[17.793s] [ 27%] [32mBuilding CXX object CMakeFiles/cartographer.dir/cartographer/mapping/internal/2d/scan_matching/correlative_scan_matcher_2d.cc.o[0m
[17.913s] [ 27%] [32mBuilding CXX object CMakeFiles/cartographer.dir/cartographer/mapping/internal/2d/scan_matching/fast_correlative_scan_matcher_2d.cc.o[0m
[18.308s] [ 27%] [32mBuilding CXX object CMakeFiles/cartographer.dir/cartographer/mapping/internal/2d/scan_matching/occupied_space_cost_function_2d.cc.o[0m
[18.731s] [ 27%] [32mBuilding CXX object CMakeFiles/cartographer.dir/cartographer/mapping/internal/2d/scan_matching/real_time_correlative_scan_matcher_2d.cc.o[0m
[19.276s] [ 28%] [32mBuilding CXX object CMakeFiles/cartographer.dir/cartographer/mapping/internal/2d/scan_matching/tsdf_match_cost_function_2d.cc.o[0m
[19.388s] [ 28%] [32mBuilding CXX object CMakeFiles/cartographer.dir/cartographer/mapping/internal/2d/tsd_value_converter.cc.o[0m
[19.452s] [ 28%] [32mBuilding CXX object CMakeFiles/cartographer.dir/cartographer/mapping/internal/2d/tsdf_2d.cc.o[0m
[19.982s] [ 28%] [32mBuilding CXX object CMakeFiles/cartographer.dir/cartographer/mapping/internal/2d/tsdf_range_data_inserter_2d.cc.o[0m
[21.422s] [ 28%] [32m[1mLinking CXX static library ../lib/libgmock.a[0m
[21.513s] [ 28%] Built target gmock
[21.537s] [ 29%] [32mBuilding CXX object CMakeFiles/cartographer.dir/cartographer/mapping/internal/3d/local_slam_result_3d.cc.o[0m
[21.687s] [ 29%] [32mBuilding CXX object gmock/CMakeFiles/gmock_main.dir/src/gmock_main.cc.o[0m
[22.178s] [ 29%] [32mBuilding CXX object CMakeFiles/cartographer.dir/cartographer/mapping/internal/3d/local_trajectory_builder_3d.cc.o[0m
[22.401s] [ 29%] [32mBuilding CXX object CMakeFiles/cartographer.dir/cartographer/mapping/internal/3d/local_trajectory_builder_options_3d.cc.o[0m
[22.532s] [ 29%] [32mBuilding CXX object CMakeFiles/cartographer.dir/cartographer/mapping/internal/3d/pose_graph_3d.cc.o[0m
[22.574s] [ 30%] [32mBuilding CXX object CMakeFiles/cartographer.dir/cartographer/mapping/internal/3d/scan_matching/ceres_scan_matcher_3d.cc.o[0m
[22.636s] [ 30%] [32mBuilding CXX object CMakeFiles/cartographer.dir/cartographer/mapping/internal/3d/scan_matching/fast_correlative_scan_matcher_3d.cc.o[0m
[22.959s] [ 30%] [32mBuilding CXX object CMakeFiles/cartographer.dir/cartographer/mapping/internal/3d/scan_matching/intensity_cost_function_3d.cc.o[0m
[22.976s] [ 30%] [32mBuilding CXX object CMakeFiles/cartographer.dir/cartographer/mapping/internal/3d/scan_matching/low_resolution_matcher.cc.o[0m
[23.135s] [ 30%] [32m[1mLinking CXX static library ../lib/libgmock_main.a[0m
[23.170s] [ 31%] [32mBuilding CXX object CMakeFiles/cartographer.dir/cartographer/mapping/internal/3d/scan_matching/precomputation_grid_3d.cc.o[0m
[23.222s] [ 31%] Built target gmock_main
[23.252s] [ 31%] [32mBuilding CXX object CMakeFiles/cartographer.dir/cartographer/mapping/internal/3d/scan_matching/real_time_correlative_scan_matcher_3d.cc.o[0m
[23.282s] [ 31%] [32mBuilding CXX object CMakeFiles/cartographer.dir/cartographer/mapping/internal/3d/scan_matching/rotational_scan_matcher.cc.o[0m
[24.797s] [ 32%] [32mBuilding CXX object CMakeFiles/cartographer.dir/cartographer/mapping/internal/collated_trajectory_builder.cc.o[0m
[25.245s] [ 32%] [32mBuilding CXX object CMakeFiles/cartographer.dir/cartographer/mapping/internal/connected_components.cc.o[0m
[26.197s] [ 32%] [32mBuilding CXX object CMakeFiles/cartographer.dir/cartographer/mapping/internal/constraints/constraint_builder.cc.o[0m
[26.902s] [ 32%] [32mBuilding CXX object CMakeFiles/cartographer.dir/cartographer/mapping/internal/constraints/constraint_builder_2d.cc.o[0m
[27.128s] [ 33%] [32mBuilding CXX object CMakeFiles/cartographer.dir/cartographer/mapping/internal/constraints/constraint_builder_3d.cc.o[0m
[27.225s] [ 33%] [32mBuilding CXX object CMakeFiles/cartographer.dir/cartographer/mapping/internal/eigen_quaterniond_from_two_vectors.cc.o[0m
[27.549s] [ 33%] [32mBuilding CXX object CMakeFiles/cartographer.dir/cartographer/mapping/internal/global_trajectory_builder.cc.o[0m
[27.832s] [ 33%] [32mBuilding CXX object CMakeFiles/cartographer.dir/cartographer/mapping/internal/imu_based_pose_extrapolator.cc.o[0m
[28.191s] [ 34%] [32mBuilding CXX object CMakeFiles/cartographer.dir/cartographer/mapping/internal/motion_filter.cc.o[0m
[28.528s] [ 34%] [32mBuilding CXX object CMakeFiles/cartographer.dir/cartographer/mapping/internal/optimization/ceres_pose.cc.o[0m
[29.316s] [ 34%] [32mBuilding CXX object CMakeFiles/cartographer.dir/cartographer/mapping/internal/optimization/cost_functions/spa_cost_function_2d.cc.o[0m
[29.840s] [ 34%] [32mBuilding CXX object CMakeFiles/cartographer.dir/cartographer/mapping/internal/optimization/optimization_problem_2d.cc.o[0m
[30.410s] [ 35%] [32mBuilding CXX object CMakeFiles/cartographer.dir/cartographer/mapping/internal/optimization/optimization_problem_3d.cc.o[0m
[30.469s] [ 35%] [32mBuilding CXX object CMakeFiles/cartographer.dir/cartographer/mapping/internal/optimization/optimization_problem_options.cc.o[0m
[30.563s] [ 35%] [32mBuilding CXX object CMakeFiles/cartographer.dir/cartographer/mapping/internal/range_data_collator.cc.o[0m
[30.636s] [ 35%] [32mBuilding CXX object CMakeFiles/cartographer.dir/cartographer/mapping/internal/scan_matching/real_time_correlative_scan_matcher.cc.o[0m
[30.646s] [ 36%] [32mBuilding CXX object CMakeFiles/cartographer.dir/cartographer/mapping/internal/submap_controller.cc.o[0m
[30.896s] [ 36%] [32mBuilding CXX object CMakeFiles/cartographer.dir/cartographer/mapping/internal/trajectory_connectivity_state.cc.o[0m
[31.618s] [ 36%] [32mBuilding CXX object CMakeFiles/cartographer.dir/cartographer/mapping/map_builder.cc.o[0m
[32.558s] [ 36%] [32mBuilding CXX object CMakeFiles/cartographer.dir/cartographer/mapping/map_builder_interface.cc.o[0m
[32.645s] [ 37%] [32mBuilding CXX object CMakeFiles/cartographer.dir/cartographer/mapping/pose_extrapolator.cc.o[0m
[33.811s] [ 37%] [32mBuilding CXX object CMakeFiles/cartographer.dir/cartographer/mapping/pose_extrapolator_interface.cc.o[0m
[34.194s] [ 37%] [32mBuilding CXX object CMakeFiles/cartographer.dir/cartographer/mapping/pose_graph.cc.o[0m
[34.541s] [ 37%] [32mBuilding CXX object CMakeFiles/cartographer.dir/cartographer/mapping/pose_graph_trimmer.cc.o[0m
[34.742s] [ 38%] [32mBuilding CXX object CMakeFiles/cartographer.dir/cartographer/mapping/probability_values.cc.o[0m
[35.339s] [ 38%] [32mBuilding CXX object CMakeFiles/cartographer.dir/cartographer/mapping/range_data_inserter_interface.cc.o[0m
[35.588s] [ 38%] [32mBuilding CXX object CMakeFiles/cartographer.dir/cartographer/mapping/trajectory_builder_interface.cc.o[0m
[35.656s] [ 38%] [32mBuilding CXX object CMakeFiles/cartographer.dir/cartographer/mapping/trajectory_node.cc.o[0m
[36.059s] [ 39%] [32mBuilding CXX object CMakeFiles/cartographer.dir/cartographer/mapping/value_conversion_tables.cc.o[0m
[36.795s] [ 39%] [32mBuilding CXX object CMakeFiles/cartographer.dir/cartographer/metrics/counter.cc.o[0m
[37.021s] [ 39%] [32mBuilding CXX object CMakeFiles/cartographer.dir/cartographer/metrics/gauge.cc.o[0m
[37.047s] [ 39%] [32mBuilding CXX object CMakeFiles/cartographer.dir/cartographer/metrics/histogram.cc.o[0m
[37.223s] [ 40%] [32mBuilding CXX object CMakeFiles/cartographer.dir/cartographer/metrics/register.cc.o[0m
[37.404s] [ 40%] [32mBuilding CXX object CMakeFiles/cartographer.dir/cartographer/sensor/compressed_point_cloud.cc.o[0m
[37.557s] [ 40%] [32mBuilding CXX object CMakeFiles/cartographer.dir/cartographer/sensor/fixed_frame_pose_data.cc.o[0m
[37.700s] [ 40%] [32mBuilding CXX object CMakeFiles/cartographer.dir/cartographer/sensor/imu_data.cc.o[0m
[37.830s] [ 41%] [32mBuilding CXX object CMakeFiles/cartographer.dir/cartographer/sensor/internal/collator.cc.o[0m
[37.839s] [ 41%] [32mBuilding CXX object CMakeFiles/cartographer.dir/cartographer/sensor/internal/ordered_multi_queue.cc.o[0m
[37.846s] [ 41%] [32mBuilding CXX object CMakeFiles/cartographer.dir/cartographer/sensor/internal/trajectory_collator.cc.o[0m
[38.727s] [ 42%] [32mBuilding CXX object CMakeFiles/cartographer.dir/cartographer/sensor/internal/voxel_filter.cc.o[0m
[39.295s] [ 42%] [32mBuilding CXX object CMakeFiles/cartographer.dir/cartographer/sensor/landmark_data.cc.o[0m
[39.362s] [ 42%] [32mBuilding CXX object CMakeFiles/cartographer.dir/cartographer/sensor/odometry_data.cc.o[0m
[39.678s] [ 42%] [32mBuilding CXX object CMakeFiles/cartographer.dir/cartographer/sensor/point_cloud.cc.o[0m
[40.605s] [ 43%] [32mBuilding CXX object CMakeFiles/cartographer.dir/cartographer/sensor/range_data.cc.o[0m
[40.816s] [ 43%] [32mBuilding CXX object CMakeFiles/cartographer.dir/cartographer/sensor/timed_point_cloud_data.cc.o[0m
[41.144s] [ 43%] [32mBuilding CXX object CMakeFiles/cartographer.dir/cartographer/transform/rigid_transform.cc.o[0m
[41.190s] [ 43%] [32mBuilding CXX object CMakeFiles/cartographer.dir/cartographer/transform/timestamped_transform.cc.o[0m
[41.733s] [ 44%] [32mBuilding CXX object CMakeFiles/cartographer.dir/cartographer/transform/transform.cc.o[0m
[42.279s] [ 44%] [32mBuilding CXX object CMakeFiles/cartographer.dir/cartographer/transform/transform_interpolation_buffer.cc.o[0m
[42.500s] [ 44%] [32mBuilding CXX object CMakeFiles/cartographer.dir/cartographer/common/proto/ceres_solver_options.pb.cc.o[0m
[42.517s] [ 44%] [32mBuilding CXX object CMakeFiles/cartographer.dir/cartographer/ground_truth/proto/relations.pb.cc.o[0m
[42.627s] [ 45%] [32mBuilding CXX object CMakeFiles/cartographer.dir/cartographer/mapping/proto/cell_limits_2d.pb.cc.o[0m
[42.659s] [ 45%] [32mBuilding CXX object CMakeFiles/cartographer.dir/cartographer/mapping/proto/connected_components.pb.cc.o[0m
[43.353s] [ 45%] [32mBuilding CXX object CMakeFiles/cartographer.dir/cartographer/mapping/proto/grid_2d.pb.cc.o[0m
[43.533s] [ 45%] [32mBuilding CXX object CMakeFiles/cartographer.dir/cartographer/mapping/proto/grid_2d_options.pb.cc.o[0m
[43.562s] [ 46%] [32mBuilding CXX object CMakeFiles/cartographer.dir/cartographer/mapping/proto/hybrid_grid.pb.cc.o[0m
[43.749s] [ 46%] [32mBuilding CXX object CMakeFiles/cartographer.dir/cartographer/mapping/proto/local_trajectory_builder_options_2d.pb.cc.o[0m
[43.760s] [ 46%] [32mBuilding CXX object CMakeFiles/cartographer.dir/cartographer/mapping/proto/local_trajectory_builder_options_3d.pb.cc.o[0m
[43.776s] [ 46%] [32mBuilding CXX object CMakeFiles/cartographer.dir/cartographer/mapping/proto/map_builder_options.pb.cc.o[0m
[43.948s] [ 47%] [32mBuilding CXX object CMakeFiles/cartographer.dir/cartographer/mapping/proto/map_limits.pb.cc.o[0m
[44.025s] [ 47%] [32mBuilding CXX object CMakeFiles/cartographer.dir/cartographer/mapping/proto/motion_filter_options.pb.cc.o[0m
[44.117s] [ 47%] [32mBuilding CXX object CMakeFiles/cartographer.dir/cartographer/mapping/proto/normal_estimation_options_2d.pb.cc.o[0m
[44.549s] [ 47%] [32mBuilding CXX object CMakeFiles/cartographer.dir/cartographer/mapping/proto/pose_extrapolator_options.pb.cc.o[0m
[44.650s] [ 48%] [32mBuilding CXX object CMakeFiles/cartographer.dir/cartographer/mapping/proto/pose_graph.pb.cc.o[0m
[44.709s] [ 48%] [32mBuilding CXX object CMakeFiles/cartographer.dir/cartographer/mapping/proto/pose_graph/constraint_builder_options.pb.cc.o[0m
[44.949s] [ 48%] [32mBuilding CXX object CMakeFiles/cartographer.dir/cartographer/mapping/proto/pose_graph/optimization_problem_options.pb.cc.o[0m
[44.974s] [ 48%] [32mBuilding CXX object CMakeFiles/cartographer.dir/cartographer/mapping/proto/pose_graph_options.pb.cc.o[0m
[44.982s] [ 49%] [32mBuilding CXX object CMakeFiles/cartographer.dir/cartographer/mapping/proto/probability_grid.pb.cc.o[0m
[45.033s] [ 49%] [32mBuilding CXX object CMakeFiles/cartographer.dir/cartographer/mapping/proto/probability_grid_range_data_inserter_options_2d.pb.cc.o[0m
[45.275s] [ 49%] [32mBuilding CXX object CMakeFiles/cartographer.dir/cartographer/mapping/proto/range_data_inserter_options.pb.cc.o[0m
[45.298s] [ 49%] [32mBuilding CXX object CMakeFiles/cartographer.dir/cartographer/mapping/proto/range_data_inserter_options_3d.pb.cc.o[0m
[45.303s] [ 50%] [32mBuilding CXX object CMakeFiles/cartographer.dir/cartographer/mapping/proto/scan_matching/ceres_scan_matcher_options_2d.pb.cc.o[0m
[45.307s] [ 50%] [32mBuilding CXX object CMakeFiles/cartographer.dir/cartographer/mapping/proto/scan_matching/ceres_scan_matcher_options_3d.pb.cc.o[0m
[45.347s] [ 50%] [32mBuilding CXX object CMakeFiles/cartographer.dir/cartographer/mapping/proto/scan_matching/fast_correlative_scan_matcher_options_2d.pb.cc.o[0m
[45.455s] [ 50%] [32mBuilding CXX object CMakeFiles/cartographer.dir/cartographer/mapping/proto/scan_matching/fast_correlative_scan_matcher_options_3d.pb.cc.o[0m
[45.499s] [ 51%] [32mBuilding CXX object CMakeFiles/cartographer.dir/cartographer/mapping/proto/scan_matching/real_time_correlative_scan_matcher_options.pb.cc.o[0m
[46.002s] [ 51%] [32mBuilding CXX object CMakeFiles/cartographer.dir/cartographer/mapping/proto/serialization.pb.cc.o[0m
[46.044s] [ 51%] [32mBuilding CXX object CMakeFiles/cartographer.dir/cartographer/mapping/proto/submap.pb.cc.o[0m
[46.068s] [ 52%] [32mBuilding CXX object CMakeFiles/cartographer.dir/cartographer/mapping/proto/submap_visualization.pb.cc.o[0m
[46.090s] [ 52%] [32mBuilding CXX object CMakeFiles/cartographer.dir/cartographer/mapping/proto/submaps_options_2d.pb.cc.o[0m
[46.197s] [ 52%] [32mBuilding CXX object CMakeFiles/cartographer.dir/cartographer/mapping/proto/submaps_options_3d.pb.cc.o[0m
[46.206s] [ 52%] [32mBuilding CXX object CMakeFiles/cartographer.dir/cartographer/mapping/proto/trajectory.pb.cc.o[0m
[46.414s] [ 53%] [32mBuilding CXX object CMakeFiles/cartographer.dir/cartographer/mapping/proto/trajectory_builder_options.pb.cc.o[0m
[46.428s] [ 53%] [32mBuilding CXX object CMakeFiles/cartographer.dir/cartographer/mapping/proto/trajectory_node_data.pb.cc.o[0m
[46.514s] [ 53%] [32mBuilding CXX object CMakeFiles/cartographer.dir/cartographer/mapping/proto/tsdf_2d.pb.cc.o[0m
[46.527s] [ 53%] [32mBuilding CXX object CMakeFiles/cartographer.dir/cartographer/mapping/proto/tsdf_range_data_inserter_options_2d.pb.cc.o[0m
[46.567s] [ 54%] [32mBuilding CXX object CMakeFiles/cartographer.dir/cartographer/sensor/proto/adaptive_voxel_filter_options.pb.cc.o[0m
[46.610s] [ 54%] [32mBuilding CXX object CMakeFiles/cartographer.dir/cartographer/sensor/proto/sensor.pb.cc.o[0m
[46.637s] [ 54%] [32mBuilding CXX object CMakeFiles/cartographer.dir/cartographer/transform/proto/timestamped_transform.pb.cc.o[0m
[46.732s] [ 54%] [32mBuilding CXX object CMakeFiles/cartographer.dir/cartographer/transform/proto/transform.pb.cc.o[0m
[48.928s] [ 55%] [32m[1mLinking CXX static library libcartographer.a[0m
[49.044s] [ 55%] Built target cartographer
[49.060s] [ 56%] [32mBuilding CXX object CMakeFiles/cartographer_compute_relations_metrics.dir/cartographer/ground_truth/compute_relations_metrics_main.cc.o[0m
[49.060s] [ 56%] [32mBuilding CXX object CMakeFiles/cartographer_test_library.dir/cartographer/io/internal/testing/test_helpers.cc.o[0m
[49.060s] [ 56%] [32mBuilding CXX object CMakeFiles/cartographer_test_library.dir/cartographer/io/fake_file_writer.cc.o[0m
[49.060s] [ 56%] [32mBuilding CXX object CMakeFiles/cartographer_autogenerate_ground_truth.dir/cartographer/ground_truth/autogenerate_ground_truth_main.cc.o[0m
[49.060s] [ 56%] [32mBuilding CXX object CMakeFiles/cartographer_print_configuration.dir/cartographer/common/print_configuration_main.cc.o[0m
[49.060s] [ 56%] [32mBuilding CXX object CMakeFiles/cartographer_test_library.dir/cartographer/io/fake_file_writer_test.cc.o[0m
[49.060s] [ 56%] [32mBuilding CXX object CMakeFiles/cartographer_test_library.dir/cartographer/mapping/internal/testing/test_helpers.cc.o[0m
[49.060s] [ 56%] [32mBuilding CXX object CMakeFiles/cartographer_pbstream.dir/cartographer/io/pbstream_main.cc.o[0m
[49.776s] [ 57%] [32m[1mLinking CXX executable cartographer_pbstream[0m
[50.136s] [ 57%] Built target cartographer_pbstream
[50.341s] [ 57%] [32m[1mLinking CXX executable cartographer_print_configuration[0m
[50.429s] [ 57%] Built target cartographer_print_configuration
[51.150s] [ 58%] [32m[1mLinking CXX executable cartographer_autogenerate_ground_truth[0m
[51.273s] [ 58%] Built target cartographer_autogenerate_ground_truth
[51.592s] [ 58%] [32m[1mLinking CXX executable cartographer_compute_relations_metrics[0m
[51.716s] [ 58%] Built target cartographer_compute_relations_metrics
[51.909s] [ 58%] [32m[1mLinking CXX static library libcartographer_test_library.a[0m
[51.938s] [ 58%] Built target cartographer_test_library
[51.961s] [ 58%] [32mBuilding CXX object CMakeFiles/cartographer.common.internal.blocking_queue_test.dir/cartographer/common/internal/blocking_queue_test.cc.o[0m
[51.962s] [ 58%] [32mBuilding CXX object CMakeFiles/cartographer.common.math_test.dir/cartographer/common/math_test.cc.o[0m
[51.962s] [ 58%] [32mBuilding CXX object CMakeFiles/cartographer.io.fake_file_writer_test.dir/cartographer/io/fake_file_writer_test.cc.o[0m
[51.962s] [ 58%] [32mBuilding CXX object CMakeFiles/cartographer.common.fixed_ratio_sampler_test.dir/cartographer/common/fixed_ratio_sampler_test.cc.o[0m
[51.962s] [ 58%] [32mBuilding CXX object CMakeFiles/cartographer.common.task_test.dir/cartographer/common/task_test.cc.o[0m
[51.962s] [ 58%] [32mBuilding CXX object CMakeFiles/cartographer.common.internal.rate_timer_test.dir/cartographer/common/internal/rate_timer_test.cc.o[0m
[51.962s] [ 58%] [32mBuilding CXX object CMakeFiles/cartographer.common.thread_pool_test.dir/cartographer/common/thread_pool_test.cc.o[0m
[51.962s] [ 58%] [32mBuilding CXX object CMakeFiles/cartographer.common.lua_parameter_dictionary_test.dir/cartographer/common/lua_parameter_dictionary_test.cc.o[0m
[51.962s] [ 58%] [32mBuilding CXX object CMakeFiles/cartographer.io.internal.in_memory_proto_stream_test.dir/cartographer/io/internal/in_memory_proto_stream_test.cc.o[0m
[51.962s] [ 58%] [32mBuilding CXX object CMakeFiles/cartographer.io.probability_grid_points_processor_test.dir/cartographer/io/probability_grid_points_processor_test.cc.o[0m
[51.962s] [ 58%] [32mBuilding CXX object CMakeFiles/cartographer.common.configuration_files_test.dir/cartographer/common/configuration_files_test.cc.o[0m
[51.962s] [ 59%] [32mBuilding CXX object CMakeFiles/cartographer.io.proto_stream_test.dir/cartographer/io/proto_stream_test.cc.o[0m
[51.963s] [ 59%] [32mBuilding CXX object CMakeFiles/cartographer.io.points_processor_pipeline_builder_test.dir/cartographer/io/points_processor_pipeline_builder_test.cc.o[0m
[51.964s] [ 60%] [32mBuilding CXX object CMakeFiles/cartographer.mapping.2d.map_limits_test.dir/cartographer/mapping/2d/map_limits_test.cc.o[0m
[51.964s] [ 60%] [32mBuilding CXX object CMakeFiles/cartographer.io.proto_stream_deserializer_test.dir/cartographer/io/proto_stream_deserializer_test.cc.o[0m
[51.965s] [ 60%] [32mBuilding CXX object CMakeFiles/cartographer.io.serialization_format_migration_test.dir/cartographer/io/serialization_format_migration_test.cc.o[0m
[54.336s] [ 61%] [32m[1mLinking CXX executable cartographer.common.fixed_ratio_sampler_test[0m
[54.657s] [ 62%] [32m[1mLinking CXX executable cartographer.common.thread_pool_test[0m
[54.707s] [ 62%] Built target cartographer.common.fixed_ratio_sampler_test
[54.768s] [ 62%] [32mBuilding CXX object CMakeFiles/cartographer.mapping.2d.probability_grid_test.dir/cartographer/mapping/2d/probability_grid_test.cc.o[0m
[54.911s] [ 62%] Built target cartographer.common.thread_pool_test
[54.966s] [ 63%] [32mBuilding CXX object CMakeFiles/cartographer.mapping.2d.range_data_inserter_2d_test.dir/cartographer/mapping/2d/range_data_inserter_2d_test.cc.o[0m
[55.064s] [ 63%] [32m[1mLinking CXX executable cartographer.io.fake_file_writer_test[0m
[55.192s] [ 63%] [32m[1mLinking CXX executable cartographer.io.proto_stream_test[0m
[55.372s] [ 63%] Built target cartographer.io.fake_file_writer_test
[55.426s] [ 63%] [32mBuilding CXX object CMakeFiles/cartographer.mapping.2d.submap_2d_test.dir/cartographer/mapping/2d/submap_2d_test.cc.o[0m
[55.488s] [ 64%] [32m[1mLinking CXX executable cartographer.common.math_test[0m
[55.530s] [ 64%] Built target cartographer.io.proto_stream_test
[55.594s] [ 65%] [32mBuilding CXX object CMakeFiles/cartographer.mapping.2d.xy_index_test.dir/cartographer/mapping/2d/xy_index_test.cc.o[0m
[55.711s] [ 65%] Built target cartographer.common.math_test
[55.774s] [ 65%] [32mBuilding CXX object CMakeFiles/cartographer.mapping.3d.hybrid_grid_test.dir/cartographer/mapping/3d/hybrid_grid_test.cc.o[0m
[55.853s] [ 66%] [32m[1mLinking CXX executable cartographer.io.internal.in_memory_proto_stream_test[0m
[55.930s] [ 67%] [32m[1mLinking CXX executable cartographer.common.internal.rate_timer_test[0m
[56.046s] [ 67%] [32m[1mLinking CXX executable cartographer.common.task_test[0m
[56.235s] [ 67%] Built target cartographer.io.internal.in_memory_proto_stream_test
[56.257s] [ 67%] [32m[1mLinking CXX executable cartographer.common.internal.blocking_queue_test[0m
[56.274s] [ 67%] Built target cartographer.common.internal.rate_timer_test
[56.286s] [ 68%] [32mBuilding CXX object CMakeFiles/cartographer.mapping.3d.range_data_inserter_3d_test.dir/cartographer/mapping/3d/range_data_inserter_3d_test.cc.o[0m
[56.343s] [ 68%] [32mBuilding CXX object CMakeFiles/cartographer.mapping.3d.submap_3d_test.dir/cartographer/mapping/3d/submap_3d_test.cc.o[0m
[56.346s] [ 68%] Built target cartographer.common.task_test
[56.386s] [ 69%] [32mBuilding CXX object CMakeFiles/cartographer.mapping.id_test.dir/cartographer/mapping/id_test.cc.o[0m
[56.479s] [ 69%] Built target cartographer.common.internal.blocking_queue_test
[56.517s] [ 69%] [32mBuilding CXX object CMakeFiles/cartographer.mapping.imu_tracker_test.dir/cartographer/mapping/imu_tracker_test.cc.o[0m
[56.585s] [ 69%] [32m[1mLinking CXX executable cartographer.io.points_processor_pipeline_builder_test[0m
[56.720s] [ 69%] [32m[1mLinking CXX executable cartographer.mapping.2d.map_limits_test[0m
[56.841s] [ 69%] [32m[1mLinking CXX executable cartographer.common.configuration_files_test[0m
[56.863s] [ 69%] [32m[1mLinking CXX executable cartographer.common.lua_parameter_dictionary_test[0m
[56.967s] [ 69%] Built target cartographer.io.points_processor_pipeline_builder_test
[57.027s] [ 70%] [32mBuilding CXX object CMakeFiles/cartographer.mapping.internal.2d.normal_estimation_2d_test.dir/cartographer/mapping/internal/2d/normal_estimation_2d_test.cc.o[0m
[57.042s] [ 70%] Built target cartographer.mapping.2d.map_limits_test
[57.094s] [ 70%] [32mBuilding CXX object CMakeFiles/cartographer.mapping.internal.2d.overlapping_submaps_trimmer_2d_test.dir/cartographer/mapping/internal/2d/overlapping_submaps_trimmer_2d_test.cc.o[0m
[57.154s] [ 70%] Built target cartographer.common.lua_parameter_dictionary_test
[57.205s] [ 71%] [32mBuilding CXX object CMakeFiles/cartographer.mapping.internal.2d.pose_graph_2d_test.dir/cartographer/mapping/internal/2d/pose_graph_2d_test.cc.o[0m
[57.431s] [ 71%] Built target cartographer.common.configuration_files_test
[57.437s] [ 71%] [32m[1mLinking CXX executable cartographer.io.proto_stream_deserializer_test[0m
[57.475s] [ 71%] [32mBuilding CXX object CMakeFiles/cartographer.mapping.internal.2d.ray_to_pixel_mask_test.dir/cartographer/mapping/internal/2d/ray_to_pixel_mask_test.cc.o[0m
[57.799s] [ 71%] Built target cartographer.io.proto_stream_deserializer_test
[57.851s] [ 72%] [32mBuilding CXX object CMakeFiles/cartographer.mapping.internal.2d.scan_matching.ceres_scan_matcher_2d_test.dir/cartographer/mapping/internal/2d/scan_matching/ceres_scan_matcher_2d_test.cc.o[0m
[58.595s] [ 72%] [32m[1mLinking CXX executable cartographer.io.serialization_format_migration_test[0m
[59.038s] [ 73%] [32m[1mLinking CXX executable cartographer.io.probability_grid_points_processor_test[0m
[59.248s] [ 73%] Built target cartographer.io.serialization_format_migration_test
[59.316s] [ 73%] [32mBuilding CXX object CMakeFiles/cartographer.mapping.internal.2d.scan_matching.correlative_scan_matcher_test.dir/cartographer/mapping/internal/2d/scan_matching/correlative_scan_matcher_test.cc.o[0m
[59.461s] [ 73%] Built target cartographer.io.probability_grid_points_processor_test
[59.517s] [ 74%] [32mBuilding CXX object CMakeFiles/cartographer.mapping.internal.2d.scan_matching.fast_correlative_scan_matcher_2d_test.dir/cartographer/mapping/internal/2d/scan_matching/fast_correlative_scan_matcher_2d_test.cc.o[0m
[60.118s] [ 74%] [32m[1mLinking CXX executable cartographer.mapping.2d.xy_index_test[0m
[60.257s] [ 74%] [32m[1mLinking CXX executable cartographer.mapping.imu_tracker_test[0m
[60.427s] [ 74%] Built target cartographer.mapping.2d.xy_index_test
[60.495s] [ 74%] [32mBuilding CXX object CMakeFiles/cartographer.mapping.internal.2d.scan_matching.interpolated_tsdf_2d_test.dir/cartographer/mapping/internal/2d/scan_matching/interpolated_tsdf_2d_test.cc.o[0m
[60.522s] [ 74%] Built target cartographer.mapping.imu_tracker_test
[60.559s] [ 74%] [32mBuilding CXX object CMakeFiles/cartographer.mapping.internal.2d.scan_matching.occupied_space_cost_function_2d_test.dir/cartographer/mapping/internal/2d/scan_matching/occupied_space_cost_function_2d_test.cc.o[0m
[60.593s] [ 74%] [32m[1mLinking CXX executable cartographer.mapping.2d.range_data_inserter_2d_test[0m
[60.946s] [ 74%] Built target cartographer.mapping.2d.range_data_inserter_2d_test
[61.003s] [ 74%] [32mBuilding CXX object CMakeFiles/cartographer.mapping.internal.2d.scan_matching.real_time_correlative_scan_matcher_2d_test.dir/cartographer/mapping/internal/2d/scan_matching/real_time_correlative_scan_matcher_2d_test.cc.o[0m
[61.318s] [ 74%] [32m[1mLinking CXX executable cartographer.mapping.2d.probability_grid_test[0m
[61.638s] [ 74%] Built target cartographer.mapping.2d.probability_grid_test
[61.678s] [ 74%] [32mBuilding CXX object CMakeFiles/cartographer.mapping.internal.2d.scan_matching.tsdf_match_cost_function_2d_test.dir/cartographer/mapping/internal/2d/scan_matching/tsdf_match_cost_function_2d_test.cc.o[0m
[62.126s] [ 74%] [32m[1mLinking CXX executable cartographer.mapping.2d.submap_2d_test[0m
[62.290s] [ 74%] [32m[1mLinking CXX executable cartographer.mapping.id_test[0m
[62.473s] [ 74%] Built target cartographer.mapping.2d.submap_2d_test
[62.490s] [ 74%] Built target cartographer.mapping.id_test
[62.502s] [ 74%] [32mBuilding CXX object CMakeFiles/cartographer.mapping.internal.2d.tsd_value_converter_test.dir/cartographer/mapping/internal/2d/tsd_value_converter_test.cc.o[0m
[62.527s] [ 74%] [32mBuilding CXX object CMakeFiles/cartographer.mapping.internal.2d.tsdf_2d_test.dir/cartographer/mapping/internal/2d/tsdf_2d_test.cc.o[0m
[62.941s] [ 74%] [32m[1mLinking CXX executable cartographer.mapping.internal.2d.normal_estimation_2d_test[0m
[63.192s] [ 74%] Built target cartographer.mapping.internal.2d.normal_estimation_2d_test
[63.223s] [ 74%] [32mBuilding CXX object CMakeFiles/cartographer.mapping.internal.2d.tsdf_range_data_inserter_2d_test.dir/cartographer/mapping/internal/2d/tsdf_range_data_inserter_2d_test.cc.o[0m
[63.348s] [ 74%] [32m[1mLinking CXX executable cartographer.mapping.3d.range_data_inserter_3d_test[0m
[63.433s] [ 74%] [32m[1mLinking CXX executable cartographer.mapping.3d.submap_3d_test[0m
[63.599s] [ 74%] Built target cartographer.mapping.3d.range_data_inserter_3d_test
[63.624s] [ 74%] [32mBuilding CXX object CMakeFiles/cartographer.mapping.internal.3d.local_trajectory_builder_3d_test.dir/cartographer/mapping/internal/3d/local_trajectory_builder_3d_test.cc.o[0m
[63.778s] [ 74%] Built target cartographer.mapping.3d.submap_3d_test
[63.830s] [ 74%] [32mBuilding CXX object CMakeFiles/cartographer.mapping.internal.3d.pose_graph_3d_test.dir/cartographer/mapping/internal/3d/pose_graph_3d_test.cc.o[0m
[64.234s] [ 74%] [32m[1mLinking CXX executable cartographer.mapping.3d.hybrid_grid_test[0m
[64.380s] [ 74%] [32m[1mLinking CXX executable cartographer.mapping.internal.2d.scan_matching.correlative_scan_matcher_test[0m
[64.477s] [ 74%] Built target cartographer.mapping.3d.hybrid_grid_test
[64.508s] [ 74%] [32mBuilding CXX object CMakeFiles/cartographer.mapping.internal.3d.rotation_parameterization_test.dir/cartographer/mapping/internal/3d/rotation_parameterization_test.cc.o[0m
[64.540s] [ 74%] [32m[1mLinking CXX executable cartographer.mapping.internal.3d.rotation_parameterization_test[0m
[64.599s] [ 74%] Built target cartographer.mapping.internal.2d.scan_matching.correlative_scan_matcher_test
[64.626s] [ 74%] [32m[1mLinking CXX executable cartographer.mapping.internal.2d.scan_matching.ceres_scan_matcher_2d_test[0m
[64.635s] [ 74%] [32mBuilding CXX object CMakeFiles/cartographer.mapping.internal.3d.scan_matching.ceres_scan_matcher_3d_test.dir/cartographer/mapping/internal/3d/scan_matching/ceres_scan_matcher_3d_test.cc.o[0m
[64.671s] [ 74%] [32m[1mLinking CXX executable cartographer.mapping.internal.2d.ray_to_pixel_mask_test[0m
[64.756s] [ 74%] Built target cartographer.mapping.internal.3d.rotation_parameterization_test
[64.802s] [ 74%] [32mBuilding CXX object CMakeFiles/cartographer.mapping.internal.3d.scan_matching.fast_correlative_scan_matcher_3d_test.dir/cartographer/mapping/internal/3d/scan_matching/fast_correlative_scan_matcher_3d_test.cc.o[0m
[64.927s] [ 74%] Built target cartographer.mapping.internal.2d.ray_to_pixel_mask_test
[64.967s] [ 74%] [32mBuilding CXX object CMakeFiles/cartographer.mapping.internal.3d.scan_matching.intensity_cost_function_3d_test.dir/cartographer/mapping/internal/3d/scan_matching/intensity_cost_function_3d_test.cc.o[0m
[65.005s] [ 74%] Built target cartographer.mapping.internal.2d.scan_matching.ceres_scan_matcher_2d_test
[65.034s] [ 74%] [32mBuilding CXX object CMakeFiles/cartographer.mapping.internal.3d.scan_matching.interpolated_grid_test.dir/cartographer/mapping/internal/3d/scan_matching/interpolated_grid_test.cc.o[0m
[65.453s] [ 75%] [32m[1mLinking CXX executable cartographer.mapping.internal.2d.scan_matching.interpolated_tsdf_2d_test[0m
[65.743s] [ 75%] Built target cartographer.mapping.internal.2d.scan_matching.interpolated_tsdf_2d_test
[65.774s] [ 75%] [32mBuilding CXX object CMakeFiles/cartographer.mapping.internal.3d.scan_matching.precomputation_grid_3d_test.dir/cartographer/mapping/internal/3d/scan_matching/precomputation_grid_3d_test.cc.o[0m
[65.870s] [ 75%] [32m[1mLinking CXX executable cartographer.mapping.internal.2d.overlapping_submaps_trimmer_2d_test[0m
[66.242s] [ 75%] [32m[1mLinking CXX executable cartographer.mapping.internal.2d.scan_matching.occupied_space_cost_function_2d_test[0m
[66.275s] [ 75%] Built target cartographer.mapping.internal.2d.overlapping_submaps_trimmer_2d_test
[66.308s] [ 75%] [32mBuilding CXX object CMakeFiles/cartographer.mapping.internal.3d.scan_matching.real_time_correlative_scan_matcher_3d_test.dir/cartographer/mapping/internal/3d/scan_matching/real_time_correlative_scan_matcher_3d_test.cc.o[0m
[66.558s] [ 76%] [32m[1mLinking CXX executable cartographer.mapping.internal.2d.tsd_value_converter_test[0m
[66.605s] [ 76%] Built target cartographer.mapping.internal.2d.scan_matching.occupied_space_cost_function_2d_test
[66.637s] [ 76%] [32mBuilding CXX object CMakeFiles/cartographer.mapping.internal.3d.scan_matching.rotation_delta_cost_functor_3d_test.dir/cartographer/mapping/internal/3d/scan_matching/rotation_delta_cost_functor_3d_test.cc.o[0m
[66.754s] [ 76%] Built target cartographer.mapping.internal.2d.tsd_value_converter_test
[66.783s] [ 76%] [32mBuilding CXX object CMakeFiles/cartographer.mapping.internal.3d.scan_matching.rotational_scan_matcher_test.dir/cartographer/mapping/internal/3d/scan_matching/rotational_scan_matcher_test.cc.o[0m
[66.833s] [ 77%] [32m[1mLinking CXX executable cartographer.mapping.internal.2d.scan_matching.real_time_correlative_scan_matcher_2d_test[0m
[67.119s] [ 77%] Built target cartographer.mapping.internal.2d.scan_matching.real_time_correlative_scan_matcher_2d_test
[67.160s] [ 77%] [32mBuilding CXX object CMakeFiles/cartographer.mapping.internal.connected_components_test.dir/cartographer/mapping/internal/connected_components_test.cc.o[0m
[67.733s] [ 77%] [32m[1mLinking CXX executable cartographer.mapping.internal.2d.scan_matching.fast_correlative_scan_matcher_2d_test[0m
[68.015s] [ 77%] Built target cartographer.mapping.internal.2d.scan_matching.fast_correlative_scan_matcher_2d_test
[68.045s] [ 77%] [32mBuilding CXX object CMakeFiles/cartographer.mapping.internal.constraints.constraint_builder_2d_test.dir/cartographer/mapping/internal/constraints/constraint_builder_2d_test.cc.o[0m
[68.280s] [ 77%] [32m[1mLinking CXX executable cartographer.mapping.internal.2d.tsdf_2d_test[0m
[68.580s] [ 77%] Built target cartographer.mapping.internal.2d.tsdf_2d_test
[68.626s] [ 78%] [32mBuilding CXX object CMakeFiles/cartographer.mapping.internal.constraints.constraint_builder_3d_test.dir/cartographer/mapping/internal/constraints/constraint_builder_3d_test.cc.o[0m
[68.749s] [ 78%] [32m[1mLinking CXX executable cartographer.mapping.internal.2d.pose_graph_2d_test[0m
[68.951s] [ 78%] [32m[1mLinking CXX executable cartographer.mapping.internal.2d.scan_matching.tsdf_match_cost_function_2d_test[0m
[69.246s] [ 78%] Built target cartographer.mapping.internal.2d.pose_graph_2d_test
[69.259s] [ 78%] Built target cartographer.mapping.internal.2d.scan_matching.tsdf_match_cost_function_2d_test
[69.272s] [ 78%] [32mBuilding CXX object CMakeFiles/cartographer.mapping.internal.motion_filter_test.dir/cartographer/mapping/internal/motion_filter_test.cc.o[0m
[69.288s] [ 79%] [32mBuilding CXX object CMakeFiles/cartographer.mapping.internal.optimization.cost_functions.landmark_cost_function_2d_test.dir/cartographer/mapping/internal/optimization/cost_functions/landmark_cost_function_2d_test.cc.o[0m
[70.309s] [ 79%] [32m[1mLinking CXX executable cartographer.mapping.internal.3d.scan_matching.interpolated_grid_test[0m
[70.504s] [ 79%] Built target cartographer.mapping.internal.3d.scan_matching.interpolated_grid_test
[70.535s] [ 79%] [32mBuilding CXX object CMakeFiles/cartographer.mapping.internal.optimization.cost_functions.landmark_cost_function_3d_test.dir/cartographer/mapping/internal/optimization/cost_functions/landmark_cost_function_3d_test.cc.o[0m
[70.582s] [ 80%] [32m[1mLinking CXX executable cartographer.mapping.internal.2d.tsdf_range_data_inserter_2d_test[0m
[70.725s] [ 81%] [32m[1mLinking CXX executable cartographer.mapping.internal.3d.scan_matching.rotation_delta_cost_functor_3d_test[0m
[70.885s] [ 81%] Built target cartographer.mapping.internal.2d.tsdf_range_data_inserter_2d_test
[70.917s] [ 82%] [32mBuilding CXX object CMakeFiles/cartographer.mapping.internal.optimization.cost_functions.spa_cost_function_2d_test.dir/cartographer/mapping/internal/optimization/cost_functions/spa_cost_function_2d_test.cc.o[0m
[70.949s] [ 82%] Built target cartographer.mapping.internal.3d.scan_matching.rotation_delta_cost_functor_3d_test
[71.004s] [ 82%] [32mBuilding CXX object CMakeFiles/cartographer.mapping.internal.optimization.optimization_problem_3d_test.dir/cartographer/mapping/internal/optimization/optimization_problem_3d_test.cc.o[0m
[71.144s] [ 83%] [32m[1mLinking CXX executable cartographer.mapping.internal.3d.scan_matching.precomputation_grid_3d_test[0m
[71.336s] [ 83%] Built target cartographer.mapping.internal.3d.scan_matching.precomputation_grid_3d_test
[71.370s] [ 84%] [32mBuilding CXX object CMakeFiles/cartographer.mapping.internal.range_data_collator_test.dir/cartographer/mapping/internal/range_data_collator_test.cc.o[0m
[71.468s] [ 84%] [32m[1mLinking CXX executable cartographer.mapping.internal.3d.scan_matching.rotational_scan_matcher_test[0m
[71.501s] [ 85%] [32m[1mLinking CXX executable cartographer.mapping.internal.3d.scan_matching.intensity_cost_function_3d_test[0m
[71.694s] [ 85%] Built target cartographer.mapping.internal.3d.scan_matching.rotational_scan_matcher_test
[71.714s] [ 85%] Built target cartographer.mapping.internal.3d.scan_matching.intensity_cost_function_3d_test
[71.744s] [ 85%] [32mBuilding CXX object CMakeFiles/cartographer.mapping.internal.trajectory_connectivity_state_test.dir/cartographer/mapping/internal/trajectory_connectivity_state_test.cc.o[0m
[71.763s] [ 86%] [32mBuilding CXX object CMakeFiles/cartographer.mapping.map_builder_test.dir/cartographer/mapping/map_builder_test.cc.o[0m
[72.594s] [ 86%] [32m[1mLinking CXX executable cartographer.mapping.internal.3d.local_trajectory_builder_3d_test[0m
[72.713s] [ 87%] [32m[1mLinking CXX executable cartographer.mapping.internal.connected_components_test[0m
[72.884s] [ 88%] [32m[1mLinking CXX executable cartographer.mapping.internal.3d.scan_matching.ceres_scan_matcher_3d_test[0m
[72.966s] [ 88%] Built target cartographer.mapping.internal.connected_components_test
[72.992s] [ 88%] [32mBuilding CXX object CMakeFiles/cartographer.mapping.pose_extrapolator_test.dir/cartographer/mapping/pose_extrapolator_test.cc.o[0m
[73.045s] [ 88%] Built target cartographer.mapping.internal.3d.local_trajectory_builder_3d_test
[73.077s] [ 89%] [32mBuilding CXX object CMakeFiles/cartographer.mapping.pose_graph_test.dir/cartographer/mapping/pose_graph_test.cc.o[0m
[73.204s] [ 89%] Built target cartographer.mapping.internal.3d.scan_matching.ceres_scan_matcher_3d_test
[73.235s] [ 89%] [32mBuilding CXX object CMakeFiles/cartographer.mapping.pose_graph_trimmer_test.dir/cartographer/mapping/pose_graph_trimmer_test.cc.o[0m
[73.460s] [ 90%] [32m[1mLinking CXX executable cartographer.mapping.internal.3d.pose_graph_3d_test[0m
[73.959s] [ 90%] Built target cartographer.mapping.internal.3d.pose_graph_3d_test
[73.991s] [ 91%] [32mBuilding CXX object CMakeFiles/cartographer.mapping.probability_values_test.dir/cartographer/mapping/probability_values_test.cc.o[0m
[74.051s] [ 91%] [32m[1mLinking CXX executable cartographer.mapping.internal.3d.scan_matching.real_time_correlative_scan_matcher_3d_test[0m
[74.142s] [ 91%] [32m[1mLinking CXX executable cartographer.mapping.internal.motion_filter_test[0m
[74.346s] [ 91%] [32m[1mLinking CXX executable cartographer.mapping.internal.3d.scan_matching.fast_correlative_scan_matcher_3d_test[0m
[74.376s] [ 91%] Built target cartographer.mapping.internal.3d.scan_matching.real_time_correlative_scan_matcher_3d_test
[74.433s] [ 91%] [32mBuilding CXX object CMakeFiles/cartographer.mapping.submaps_test.dir/cartographer/mapping/submaps_test.cc.o[0m
[74.473s] [ 91%] Built target cartographer.mapping.internal.motion_filter_test
[74.504s] [ 92%] [32mBuilding CXX object CMakeFiles/cartographer.mapping.trajectory_node_test.dir/cartographer/mapping/trajectory_node_test.cc.o[0m
[74.653s] [ 92%] Built target cartographer.mapping.internal.3d.scan_matching.fast_correlative_scan_matcher_3d_test
[74.688s] [ 92%] [32mBuilding CXX object CMakeFiles/cartographer.mapping.value_conversion_tables_test.dir/cartographer/mapping/value_conversion_tables_test.cc.o[0m
[76.704s] [ 92%] [32m[1mLinking CXX executable cartographer.mapping.internal.constraints.constraint_builder_2d_test[0m
[77.205s] [ 92%] [32m[1mLinking CXX executable cartographer.mapping.value_conversion_tables_test[0m
[77.243s] [ 92%] [32m[1mLinking CXX executable cartographer.mapping.internal.trajectory_connectivity_state_test[0m
[77.243s] [ 92%] Built target cartographer.mapping.internal.constraints.constraint_builder_2d_test
[77.298s] [ 93%] [32mBuilding CXX object CMakeFiles/cartographer.sensor.compressed_point_cloud_test.dir/cartographer/sensor/compressed_point_cloud_test.cc.o[0m
[77.461s] [ 93%] Built target cartographer.mapping.value_conversion_tables_test
[77.514s] [ 93%] [32mBuilding CXX object CMakeFiles/cartographer.sensor.internal.collator_test.dir/cartographer/sensor/internal/collator_test.cc.o[0m
[77.523s] [ 93%] Built target cartographer.mapping.internal.trajectory_connectivity_state_test
[77.584s] [ 94%] [32mBuilding CXX object CMakeFiles/cartographer.sensor.internal.ordered_multi_queue_test.dir/cartographer/sensor/internal/ordered_multi_queue_test.cc.o[0m
[77.817s] [ 94%] [32m[1mLinking CXX executable cartographer.mapping.internal.range_data_collator_test[0m
[77.912s] [ 94%] [32m[1mLinking CXX executable cartographer.mapping.internal.constraints.constraint_builder_3d_test[0m
[78.045s] [ 94%] [32m[1mLinking CXX executable cartographer.mapping.probability_values_test[0m
[78.075s] [ 94%] Built target cartographer.mapping.internal.range_data_collator_test
[78.140s] [ 94%] [32mBuilding CXX object CMakeFiles/cartographer.sensor.internal.trajectory_collator_test.dir/cartographer/sensor/internal/trajectory_collator_test.cc.o[0m
[78.277s] [ 94%] Built target cartographer.mapping.probability_values_test
[78.284s] [ 94%] [32m[1mLinking CXX executable cartographer.mapping.internal.optimization.optimization_problem_3d_test[0m
[78.319s] [ 94%] [32mBuilding CXX object CMakeFiles/cartographer.sensor.internal.voxel_filter_test.dir/cartographer/sensor/internal/voxel_filter_test.cc.o[0m
[78.459s] [ 94%] [32m[1mLinking CXX executable cartographer.mapping.pose_graph_trimmer_test[0m
[78.482s] [ 94%] Built target cartographer.mapping.internal.constraints.constraint_builder_3d_test
[78.538s] [ 94%] [32mBuilding CXX object CMakeFiles/cartographer.sensor.landmark_data_test.dir/cartographer/sensor/landmark_data_test.cc.o[0m
[78.676s] [ 94%] Built target cartographer.mapping.internal.optimization.optimization_problem_3d_test
[78.704s] [ 94%] Built target cartographer.mapping.pose_graph_trimmer_test
[78.704s] [ 94%] [32m[1mLinking CXX executable cartographer.mapping.internal.optimization.cost_functions.landmark_cost_function_2d_test[0m
[78.719s] [ 94%] [32mBuilding CXX object CMakeFiles/cartographer.sensor.map_by_time_test.dir/cartographer/sensor/map_by_time_test.cc.o[0m
[78.744s] [ 94%] [32mBuilding CXX object CMakeFiles/cartographer.sensor.point_cloud_test.dir/cartographer/sensor/point_cloud_test.cc.o[0m
[78.932s] [ 94%] Built target cartographer.mapping.internal.optimization.cost_functions.landmark_cost_function_2d_test
[78.956s] [ 94%] [32mBuilding CXX object CMakeFiles/cartographer.sensor.range_data_test.dir/cartographer/sensor/range_data_test.cc.o[0m
[79.052s] [ 94%] [32m[1mLinking CXX executable cartographer.mapping.internal.optimization.cost_functions.spa_cost_function_2d_test[0m
[79.130s] [ 94%] [32m[1mLinking CXX executable cartographer.mapping.pose_graph_test[0m
[79.178s] [ 94%] [32m[1mLinking CXX executable cartographer.mapping.submaps_test[0m
[79.320s] [ 94%] Built target cartographer.mapping.internal.optimization.cost_functions.spa_cost_function_2d_test
[79.384s] [ 94%] [32mBuilding CXX object CMakeFiles/cartographer.transform.rigid_transform_test.dir/cartographer/transform/rigid_transform_test.cc.o[0m
[79.472s] [ 94%] Built target cartographer.mapping.submaps_test
[79.520s] [ 94%] [32mBuilding CXX object CMakeFiles/cartographer.transform.timestamped_transform_test.dir/cartographer/transform/timestamped_transform_test.cc.o[0m
[79.614s] [ 94%] Built target cartographer.mapping.pose_graph_test
[79.650s] [ 94%] [32mBuilding CXX object CMakeFiles/cartographer.transform.transform_interpolation_buffer_test.dir/cartographer/transform/transform_interpolation_buffer_test.cc.o[0m
[79.792s] [ 94%] [32m[1mLinking CXX executable cartographer.mapping.internal.optimization.cost_functions.landmark_cost_function_3d_test[0m
[80.049s] [ 94%] Built target cartographer.mapping.internal.optimization.cost_functions.landmark_cost_function_3d_test
[80.108s] [ 94%] [32mBuilding CXX object CMakeFiles/cartographer.transform.transform_test.dir/cartographer/transform/transform_test.cc.o[0m
[81.345s] [ 94%] [32m[1mLinking CXX executable cartographer.mapping.pose_extrapolator_test[0m
[81.597s] [ 94%] Built target cartographer.mapping.pose_extrapolator_test
[81.748s] [ 94%] [32m[1mLinking CXX executable cartographer.mapping.trajectory_node_test[0m
[82.016s] [ 94%] Built target cartographer.mapping.trajectory_node_test
[83.018s] [ 94%] [32m[1mLinking CXX executable cartographer.sensor.map_by_time_test[0m
[83.202s] [ 94%] Built target cartographer.sensor.map_by_time_test
[83.376s] [ 94%] [32m[1mLinking CXX executable cartographer.mapping.map_builder_test[0m
[83.541s] [ 94%] [32m[1mLinking CXX executable cartographer.sensor.compressed_point_cloud_test[0m
[83.793s] [ 94%] [32m[1mLinking CXX executable cartographer.sensor.internal.ordered_multi_queue_test[0m
[83.793s] [ 94%] Built target cartographer.sensor.compressed_point_cloud_test
[83.900s] [ 94%] Built target cartographer.mapping.map_builder_test
[83.977s] [ 94%] Built target cartographer.sensor.internal.ordered_multi_queue_test
[84.313s] [ 94%] [32m[1mLinking CXX executable cartographer.sensor.internal.voxel_filter_test[0m
[84.342s] [ 94%] [32m[1mLinking CXX executable cartographer.sensor.internal.collator_test[0m
[84.419s] [ 94%] [32m[1mLinking CXX executable cartographer.sensor.range_data_test[0m
[84.491s] [ 94%] Built target cartographer.sensor.internal.voxel_filter_test
[84.527s] [ 94%] Built target cartographer.sensor.internal.collator_test
[84.547s] [ 94%] Built target cartographer.sensor.range_data_test
[84.757s] [ 94%] [32m[1mLinking CXX executable cartographer.transform.timestamped_transform_test[0m
[84.888s] [ 94%] Built target cartographer.transform.timestamped_transform_test
[84.912s] [ 95%] [32m[1mLinking CXX executable cartographer.sensor.internal.trajectory_collator_test[0m
[84.931s] [ 96%] [32m[1mLinking CXX executable cartographer.sensor.point_cloud_test[0m
[85.022s] [ 96%] Built target cartographer.sensor.internal.trajectory_collator_test
[85.039s] [ 96%] Built target cartographer.sensor.point_cloud_test
[85.269s] [ 97%] [32m[1mLinking CXX executable cartographer.transform.transform_interpolation_buffer_test[0m
[85.384s] [ 97%] Built target cartographer.transform.transform_interpolation_buffer_test
[85.543s] [ 97%] [32m[1mLinking CXX executable cartographer.transform.transform_test[0m
[85.599s] [ 98%] [32m[1mLinking CXX executable cartographer.sensor.landmark_data_test[0m
[85.632s] [ 98%] Built target cartographer.transform.transform_test
[85.708s] [ 98%] Built target cartographer.sensor.landmark_data_test
[87.116s] [100%] [32m[1mLinking CXX executable cartographer.transform.rigid_transform_test[0m
[87.193s] [100%] Built target cartographer.transform.rigid_transform_test
[87.206s] Invoked command in '/home/moon/project/fishros/chapt8_ws/src/build/cartographer' returned '0': CMAKE_PREFIX_PATH=${CMAKE_PREFIX_PATH}:/home/moon/project/fishros/chapt8_ws/install/fishbot_description:/opt/ros/humble CONDA_PROMPT_MODIFIER=(base) /usr/bin/cmake --build /home/moon/project/fishros/chapt8_ws/src/build/cartographer -- -j16 -l16
[88.014s] Invoking command in '/home/moon/project/fishros/chapt8_ws/src/build/cartographer': CMAKE_PREFIX_PATH=${CMAKE_PREFIX_PATH}:/home/moon/project/fishros/chapt8_ws/install/fishbot_description:/opt/ros/humble CONDA_PROMPT_MODIFIER=(base) /usr/bin/cmake --install /home/moon/project/fishros/chapt8_ws/src/build/cartographer
[88.016s] -- Install configuration: "Release"
[88.016s] -- Installing: /home/moon/project/fishros/chapt8_ws/src/install/cartographer/share/cartographer/package.xml
[88.016s] -- Installing: /home/moon/project/fishros/chapt8_ws/src/install/cartographer/share/cartographer//configuration_files
[88.016s] -- Installing: /home/moon/project/fishros/chapt8_ws/src/install/cartographer/share/cartographer//configuration_files/pose_graph.lua
[88.017s] -- Installing: /home/moon/project/fishros/chapt8_ws/src/install/cartographer/share/cartographer//configuration_files/map_builder_server.lua
[88.017s] -- Installing: /home/moon/project/fishros/chapt8_ws/src/install/cartographer/share/cartographer//configuration_files/trajectory_builder_3d.lua
[88.017s] -- Installing: /home/moon/project/fishros/chapt8_ws/src/install/cartographer/share/cartographer//configuration_files/trajectory_builder.lua
[88.017s] -- Installing: /home/moon/project/fishros/chapt8_ws/src/install/cartographer/share/cartographer//configuration_files/trajectory_builder_2d.lua
[88.017s] -- Installing: /home/moon/project/fishros/chapt8_ws/src/install/cartographer/share/cartographer//configuration_files/map_builder.lua
[88.017s] -- Installing: /home/moon/project/fishros/chapt8_ws/src/install/cartographer/share/cartographer//cmake
[88.017s] -- Installing: /home/moon/project/fishros/chapt8_ws/src/install/cartographer/share/cartographer//cmake/modules
[88.017s] -- Installing: /home/moon/project/fishros/chapt8_ws/src/install/cartographer/share/cartographer//cmake/modules/FindLuaGoogle.cmake
[88.017s] -- Installing: /home/moon/project/fishros/chapt8_ws/src/install/cartographer/share/cartographer//cmake/modules/FindEigen3.cmake
[88.017s] -- Installing: /home/moon/project/fishros/chapt8_ws/src/install/cartographer/share/cartographer//cmake/modules/FindGMock.cmake
[88.017s] -- Installing: /home/moon/project/fishros/chapt8_ws/src/install/cartographer/share/cartographer//cmake/modules/FindSphinx.cmake
[88.017s] -- Installing: /home/moon/project/fishros/chapt8_ws/src/install/cartographer/share/cartographer//cmake/functions.cmake
[88.017s] -- Installing: /home/moon/project/fishros/chapt8_ws/src/install/cartographer/bin/cartographer_autogenerate_ground_truth
[88.019s] -- Installing: /home/moon/project/fishros/chapt8_ws/src/install/cartographer/bin/cartographer_compute_relations_metrics
[88.020s] -- Installing: /home/moon/project/fishros/chapt8_ws/src/install/cartographer/bin/cartographer_pbstream
[88.022s] -- Installing: /home/moon/project/fishros/chapt8_ws/src/install/cartographer/bin/cartographer_print_configuration
[88.022s] -- Installing: /home/moon/project/fishros/chapt8_ws/src/install/cartographer/lib/libcartographer.a
[88.030s] -- Installing: /home/moon/project/fishros/chapt8_ws/src/install/cartographer/include/cartographer/common/configuration_file_resolver.h
[88.031s] -- Installing: /home/moon/project/fishros/chapt8_ws/src/install/cartographer/include/cartographer/common/fixed_ratio_sampler.h
[88.031s] -- Installing: /home/moon/project/fishros/chapt8_ws/src/install/cartographer/include/cartographer/common/histogram.h
[88.031s] -- Installing: /home/moon/project/fishros/chapt8_ws/src/install/cartographer/include/cartographer/common/lua.h
[88.031s] -- Installing: /home/moon/project/fishros/chapt8_ws/src/install/cartographer/include/cartographer/common/lua_parameter_dictionary.h
[88.031s] -- Installing: /home/moon/project/fishros/chapt8_ws/src/install/cartographer/include/cartographer/common/math.h
[88.031s] -- Installing: /home/moon/project/fishros/chapt8_ws/src/install/cartographer/include/cartographer/common/port.h
[88.031s] -- Installing: /home/moon/project/fishros/chapt8_ws/src/install/cartographer/include/cartographer/common/task.h
[88.031s] -- Installing: /home/moon/project/fishros/chapt8_ws/src/install/cartographer/include/cartographer/common/thread_pool.h
[88.031s] -- Installing: /home/moon/project/fishros/chapt8_ws/src/install/cartographer/include/cartographer/common/time.h
[88.031s] -- Installing: /home/moon/project/fishros/chapt8_ws/src/install/cartographer/include/cartographer/ground_truth/autogenerate_ground_truth.h
[88.031s] -- Installing: /home/moon/project/fishros/chapt8_ws/src/install/cartographer/include/cartographer/ground_truth/relations_text_file.h
[88.032s] -- Installing: /home/moon/project/fishros/chapt8_ws/src/install/cartographer/include/cartographer/io/color.h
[88.032s] -- Installing: /home/moon/project/fishros/chapt8_ws/src/install/cartographer/include/cartographer/io/coloring_points_processor.h
[88.032s] -- Installing: /home/moon/project/fishros/chapt8_ws/src/install/cartographer/include/cartographer/io/counting_points_processor.h
[88.032s] -- Installing: /home/moon/project/fishros/chapt8_ws/src/install/cartographer/include/cartographer/io/draw_trajectories.h
[88.032s] -- Installing: /home/moon/project/fishros/chapt8_ws/src/install/cartographer/include/cartographer/io/file_writer.h
[88.032s] -- Installing: /home/moon/project/fishros/chapt8_ws/src/install/cartographer/include/cartographer/io/fixed_ratio_sampling_points_processor.h
[88.032s] -- Installing: /home/moon/project/fishros/chapt8_ws/src/install/cartographer/include/cartographer/io/frame_id_filtering_points_processor.h
[88.032s] -- Installing: /home/moon/project/fishros/chapt8_ws/src/install/cartographer/include/cartographer/io/hybrid_grid_points_processor.h
[88.032s] -- Installing: /home/moon/project/fishros/chapt8_ws/src/install/cartographer/include/cartographer/io/image.h
[88.032s] -- Installing: /home/moon/project/fishros/chapt8_ws/src/install/cartographer/include/cartographer/io/intensity_to_color_points_processor.h
[88.032s] -- Installing: /home/moon/project/fishros/chapt8_ws/src/install/cartographer/include/cartographer/io/min_max_range_filtering_points_processor.h
[88.033s] -- Installing: /home/moon/project/fishros/chapt8_ws/src/install/cartographer/include/cartographer/io/null_points_processor.h
[88.033s] -- Installing: /home/moon/project/fishros/chapt8_ws/src/install/cartographer/include/cartographer/io/outlier_removing_points_processor.h
[88.033s] -- Installing: /home/moon/project/fishros/chapt8_ws/src/install/cartographer/include/cartographer/io/pcd_writing_points_processor.h
[88.033s] -- Installing: /home/moon/project/fishros/chapt8_ws/src/install/cartographer/include/cartographer/io/ply_writing_points_processor.h
[88.033s] -- Installing: /home/moon/project/fishros/chapt8_ws/src/install/cartographer/include/cartographer/io/points_batch.h
[88.033s] -- Installing: /home/moon/project/fishros/chapt8_ws/src/install/cartographer/include/cartographer/io/points_processor.h
[88.033s] -- Installing: /home/moon/project/fishros/chapt8_ws/src/install/cartographer/include/cartographer/io/points_processor_pipeline_builder.h
[88.033s] -- Installing: /home/moon/project/fishros/chapt8_ws/src/install/cartographer/include/cartographer/io/probability_grid_points_processor.h
[88.033s] -- Installing: /home/moon/project/fishros/chapt8_ws/src/install/cartographer/include/cartographer/io/proto_stream.h
[88.033s] -- Installing: /home/moon/project/fishros/chapt8_ws/src/install/cartographer/include/cartographer/io/proto_stream_deserializer.h
[88.033s] -- Installing: /home/moon/project/fishros/chapt8_ws/src/install/cartographer/include/cartographer/io/proto_stream_interface.h
[88.033s] -- Installing: /home/moon/project/fishros/chapt8_ws/src/install/cartographer/include/cartographer/io/serialization_format_migration.h
[88.034s] -- Installing: /home/moon/project/fishros/chapt8_ws/src/install/cartographer/include/cartographer/io/submap_painter.h
[88.034s] -- Installing: /home/moon/project/fishros/chapt8_ws/src/install/cartographer/include/cartographer/io/vertical_range_filtering_points_processor.h
[88.034s] -- Installing: /home/moon/project/fishros/chapt8_ws/src/install/cartographer/include/cartographer/io/xray_points_processor.h
[88.034s] -- Installing: /home/moon/project/fishros/chapt8_ws/src/install/cartographer/include/cartographer/io/xyz_writing_points_processor.h
[88.034s] -- Installing: /home/moon/project/fishros/chapt8_ws/src/install/cartographer/include/cartographer/mapping/2d/grid_2d.h
[88.034s] -- Installing: /home/moon/project/fishros/chapt8_ws/src/install/cartographer/include/cartographer/mapping/2d/map_limits.h
[88.034s] -- Installing: /home/moon/project/fishros/chapt8_ws/src/install/cartographer/include/cartographer/mapping/2d/probability_grid.h
[88.034s] -- Installing: /home/moon/project/fishros/chapt8_ws/src/install/cartographer/include/cartographer/mapping/2d/probability_grid_range_data_inserter_2d.h
[88.034s] -- Installing: /home/moon/project/fishros/chapt8_ws/src/install/cartographer/include/cartographer/mapping/2d/submap_2d.h
[88.034s] -- Installing: /home/moon/project/fishros/chapt8_ws/src/install/cartographer/include/cartographer/mapping/2d/xy_index.h
[88.035s] -- Installing: /home/moon/project/fishros/chapt8_ws/src/install/cartographer/include/cartographer/mapping/3d/hybrid_grid.h
[88.035s] -- Installing: /home/moon/project/fishros/chapt8_ws/src/install/cartographer/include/cartographer/mapping/3d/range_data_inserter_3d.h
[88.035s] -- Installing: /home/moon/project/fishros/chapt8_ws/src/install/cartographer/include/cartographer/mapping/3d/submap_3d.h
[88.035s] -- Installing: /home/moon/project/fishros/chapt8_ws/src/install/cartographer/include/cartographer/mapping/detect_floors.h
[88.035s] -- Installing: /home/moon/project/fishros/chapt8_ws/src/install/cartographer/include/cartographer/mapping/grid_interface.h
[88.035s] -- Installing: /home/moon/project/fishros/chapt8_ws/src/install/cartographer/include/cartographer/mapping/id.h
[88.035s] -- Installing: /home/moon/project/fishros/chapt8_ws/src/install/cartographer/include/cartographer/mapping/imu_tracker.h
[88.035s] -- Installing: /home/moon/project/fishros/chapt8_ws/src/install/cartographer/include/cartographer/mapping/map_builder.h
[88.035s] -- Installing: /home/moon/project/fishros/chapt8_ws/src/install/cartographer/include/cartographer/mapping/map_builder_interface.h
[88.035s] -- Installing: /home/moon/project/fishros/chapt8_ws/src/install/cartographer/include/cartographer/mapping/pose_extrapolator.h
[88.035s] -- Installing: /home/moon/project/fishros/chapt8_ws/src/install/cartographer/include/cartographer/mapping/pose_extrapolator_interface.h
[88.036s] -- Installing: /home/moon/project/fishros/chapt8_ws/src/install/cartographer/include/cartographer/mapping/pose_graph.h
[88.036s] -- Installing: /home/moon/project/fishros/chapt8_ws/src/install/cartographer/include/cartographer/mapping/pose_graph_interface.h
[88.036s] -- Installing: /home/moon/project/fishros/chapt8_ws/src/install/cartographer/include/cartographer/mapping/pose_graph_trimmer.h
[88.036s] -- Installing: /home/moon/project/fishros/chapt8_ws/src/install/cartographer/include/cartographer/mapping/probability_values.h
[88.036s] -- Installing: /home/moon/project/fishros/chapt8_ws/src/install/cartographer/include/cartographer/mapping/range_data_inserter_interface.h
[88.036s] -- Installing: /home/moon/project/fishros/chapt8_ws/src/install/cartographer/include/cartographer/mapping/submaps.h
[88.036s] -- Installing: /home/moon/project/fishros/chapt8_ws/src/install/cartographer/include/cartographer/mapping/trajectory_builder_interface.h
[88.036s] -- Installing: /home/moon/project/fishros/chapt8_ws/src/install/cartographer/include/cartographer/mapping/trajectory_node.h
[88.036s] -- Installing: /home/moon/project/fishros/chapt8_ws/src/install/cartographer/include/cartographer/mapping/value_conversion_tables.h
[88.036s] -- Installing: /home/moon/project/fishros/chapt8_ws/src/install/cartographer/include/cartographer/metrics/counter.h
[88.036s] -- Installing: /home/moon/project/fishros/chapt8_ws/src/install/cartographer/include/cartographer/metrics/family_factory.h
[88.037s] -- Installing: /home/moon/project/fishros/chapt8_ws/src/install/cartographer/include/cartographer/metrics/gauge.h
[88.037s] -- Installing: /home/moon/project/fishros/chapt8_ws/src/install/cartographer/include/cartographer/metrics/histogram.h
[88.037s] -- Installing: /home/moon/project/fishros/chapt8_ws/src/install/cartographer/include/cartographer/metrics/register.h
[88.037s] -- Installing: /home/moon/project/fishros/chapt8_ws/src/install/cartographer/include/cartographer/sensor/collator_interface.h
[88.037s] -- Installing: /home/moon/project/fishros/chapt8_ws/src/install/cartographer/include/cartographer/sensor/compressed_point_cloud.h
[88.037s] -- Installing: /home/moon/project/fishros/chapt8_ws/src/install/cartographer/include/cartographer/sensor/data.h
[88.037s] -- Installing: /home/moon/project/fishros/chapt8_ws/src/install/cartographer/include/cartographer/sensor/fixed_frame_pose_data.h
[88.037s] -- Installing: /home/moon/project/fishros/chapt8_ws/src/install/cartographer/include/cartographer/sensor/imu_data.h
[88.037s] -- Installing: /home/moon/project/fishros/chapt8_ws/src/install/cartographer/include/cartographer/sensor/landmark_data.h
[88.037s] -- Installing: /home/moon/project/fishros/chapt8_ws/src/install/cartographer/include/cartographer/sensor/map_by_time.h
[88.037s] -- Installing: /home/moon/project/fishros/chapt8_ws/src/install/cartographer/include/cartographer/sensor/odometry_data.h
[88.038s] -- Installing: /home/moon/project/fishros/chapt8_ws/src/install/cartographer/include/cartographer/sensor/point_cloud.h
[88.038s] -- Installing: /home/moon/project/fishros/chapt8_ws/src/install/cartographer/include/cartographer/sensor/range_data.h
[88.038s] -- Installing: /home/moon/project/fishros/chapt8_ws/src/install/cartographer/include/cartographer/sensor/rangefinder_point.h
[88.038s] -- Installing: /home/moon/project/fishros/chapt8_ws/src/install/cartographer/include/cartographer/sensor/timed_point_cloud_data.h
[88.038s] -- Installing: /home/moon/project/fishros/chapt8_ws/src/install/cartographer/include/cartographer/transform/rigid_transform.h
[88.038s] -- Installing: /home/moon/project/fishros/chapt8_ws/src/install/cartographer/include/cartographer/transform/timestamped_transform.h
[88.038s] -- Installing: /home/moon/project/fishros/chapt8_ws/src/install/cartographer/include/cartographer/transform/transform.h
[88.038s] -- Installing: /home/moon/project/fishros/chapt8_ws/src/install/cartographer/include/cartographer/transform/transform_interpolation_buffer.h
[88.038s] -- Installing: /home/moon/project/fishros/chapt8_ws/src/install/cartographer/include/cartographer/io/fake_file_writer.h
[88.038s] -- Installing: /home/moon/project/fishros/chapt8_ws/src/install/cartographer/include/cartographer/transform/rigid_transform_test_helpers.h
[88.039s] -- Installing: /home/moon/project/fishros/chapt8_ws/src/install/cartographer/include/cartographer/common/proto/ceres_solver_options.pb.h
[88.039s] -- Installing: /home/moon/project/fishros/chapt8_ws/src/install/cartographer/include/cartographer/ground_truth/proto/relations.pb.h
[88.039s] -- Installing: /home/moon/project/fishros/chapt8_ws/src/install/cartographer/include/cartographer/mapping/proto/cell_limits_2d.pb.h
[88.039s] -- Installing: /home/moon/project/fishros/chapt8_ws/src/install/cartographer/include/cartographer/mapping/proto/connected_components.pb.h
[88.039s] -- Installing: /home/moon/project/fishros/chapt8_ws/src/install/cartographer/include/cartographer/mapping/proto/grid_2d.pb.h
[88.039s] -- Installing: /home/moon/project/fishros/chapt8_ws/src/install/cartographer/include/cartographer/mapping/proto/grid_2d_options.pb.h
[88.039s] -- Installing: /home/moon/project/fishros/chapt8_ws/src/install/cartographer/include/cartographer/mapping/proto/hybrid_grid.pb.h
[88.039s] -- Installing: /home/moon/project/fishros/chapt8_ws/src/install/cartographer/include/cartographer/mapping/proto/local_trajectory_builder_options_2d.pb.h
[88.039s] -- Installing: /home/moon/project/fishros/chapt8_ws/src/install/cartographer/include/cartographer/mapping/proto/local_trajectory_builder_options_3d.pb.h
[88.040s] -- Installing: /home/moon/project/fishros/chapt8_ws/src/install/cartographer/include/cartographer/mapping/proto/map_builder_options.pb.h
[88.040s] -- Installing: /home/moon/project/fishros/chapt8_ws/src/install/cartographer/include/cartographer/mapping/proto/map_limits.pb.h
[88.040s] -- Installing: /home/moon/project/fishros/chapt8_ws/src/install/cartographer/include/cartographer/mapping/proto/motion_filter_options.pb.h
[88.040s] -- Installing: /home/moon/project/fishros/chapt8_ws/src/install/cartographer/include/cartographer/mapping/proto/normal_estimation_options_2d.pb.h
[88.040s] -- Installing: /home/moon/project/fishros/chapt8_ws/src/install/cartographer/include/cartographer/mapping/proto/pose_extrapolator_options.pb.h
[88.040s] -- Installing: /home/moon/project/fishros/chapt8_ws/src/install/cartographer/include/cartographer/mapping/proto/pose_graph.pb.h
[88.040s] -- Installing: /home/moon/project/fishros/chapt8_ws/src/install/cartographer/include/cartographer/mapping/proto/pose_graph/constraint_builder_options.pb.h
[88.040s] -- Installing: /home/moon/project/fishros/chapt8_ws/src/install/cartographer/include/cartographer/mapping/proto/pose_graph/optimization_problem_options.pb.h
[88.041s] -- Installing: /home/moon/project/fishros/chapt8_ws/src/install/cartographer/include/cartographer/mapping/proto/pose_graph_options.pb.h
[88.041s] -- Installing: /home/moon/project/fishros/chapt8_ws/src/install/cartographer/include/cartographer/mapping/proto/probability_grid.pb.h
[88.041s] -- Installing: /home/moon/project/fishros/chapt8_ws/src/install/cartographer/include/cartographer/mapping/proto/probability_grid_range_data_inserter_options_2d.pb.h
[88.041s] -- Installing: /home/moon/project/fishros/chapt8_ws/src/install/cartographer/include/cartographer/mapping/proto/range_data_inserter_options.pb.h
[88.041s] -- Installing: /home/moon/project/fishros/chapt8_ws/src/install/cartographer/include/cartographer/mapping/proto/range_data_inserter_options_3d.pb.h
[88.041s] -- Installing: /home/moon/project/fishros/chapt8_ws/src/install/cartographer/include/cartographer/mapping/proto/scan_matching/ceres_scan_matcher_options_2d.pb.h
[88.041s] -- Installing: /home/moon/project/fishros/chapt8_ws/src/install/cartographer/include/cartographer/mapping/proto/scan_matching/ceres_scan_matcher_options_3d.pb.h
[88.041s] -- Installing: /home/moon/project/fishros/chapt8_ws/src/install/cartographer/include/cartographer/mapping/proto/scan_matching/fast_correlative_scan_matcher_options_2d.pb.h
[88.041s] -- Installing: /home/moon/project/fishros/chapt8_ws/src/install/cartographer/include/cartographer/mapping/proto/scan_matching/fast_correlative_scan_matcher_options_3d.pb.h
[88.042s] -- Installing: /home/moon/project/fishros/chapt8_ws/src/install/cartographer/include/cartographer/mapping/proto/scan_matching/real_time_correlative_scan_matcher_options.pb.h
[88.042s] -- Installing: /home/moon/project/fishros/chapt8_ws/src/install/cartographer/include/cartographer/mapping/proto/serialization.pb.h
[88.042s] -- Installing: /home/moon/project/fishros/chapt8_ws/src/install/cartographer/include/cartographer/mapping/proto/submap.pb.h
[88.042s] -- Installing: /home/moon/project/fishros/chapt8_ws/src/install/cartographer/include/cartographer/mapping/proto/submap_visualization.pb.h
[88.042s] -- Installing: /home/moon/project/fishros/chapt8_ws/src/install/cartographer/include/cartographer/mapping/proto/submaps_options_2d.pb.h
[88.042s] -- Installing: /home/moon/project/fishros/chapt8_ws/src/install/cartographer/include/cartographer/mapping/proto/submaps_options_3d.pb.h
[88.042s] -- Installing: /home/moon/project/fishros/chapt8_ws/src/install/cartographer/include/cartographer/mapping/proto/trajectory.pb.h
[88.042s] -- Installing: /home/moon/project/fishros/chapt8_ws/src/install/cartographer/include/cartographer/mapping/proto/trajectory_builder_options.pb.h
[88.043s] -- Installing: /home/moon/project/fishros/chapt8_ws/src/install/cartographer/include/cartographer/mapping/proto/trajectory_node_data.pb.h
[88.043s] -- Installing: /home/moon/project/fishros/chapt8_ws/src/install/cartographer/include/cartographer/mapping/proto/tsdf_2d.pb.h
[88.043s] -- Installing: /home/moon/project/fishros/chapt8_ws/src/install/cartographer/include/cartographer/mapping/proto/tsdf_range_data_inserter_options_2d.pb.h
[88.043s] -- Installing: /home/moon/project/fishros/chapt8_ws/src/install/cartographer/include/cartographer/sensor/proto/adaptive_voxel_filter_options.pb.h
[88.043s] -- Installing: /home/moon/project/fishros/chapt8_ws/src/install/cartographer/include/cartographer/sensor/proto/sensor.pb.h
[88.043s] -- Installing: /home/moon/project/fishros/chapt8_ws/src/install/cartographer/include/cartographer/transform/proto/timestamped_transform.pb.h
[88.043s] -- Installing: /home/moon/project/fishros/chapt8_ws/src/install/cartographer/include/cartographer/transform/proto/transform.pb.h
[88.044s] -- Installing: /home/moon/project/fishros/chapt8_ws/src/install/cartographer/share/cartographer/cmake/CartographerTargets.cmake
[88.044s] -- Installing: /home/moon/project/fishros/chapt8_ws/src/install/cartographer/share/cartographer/cmake/CartographerTargets-release.cmake
[88.044s] -- Installing: /home/moon/project/fishros/chapt8_ws/src/install/cartographer/share/cartographer/cartographer-config.cmake
[88.046s] Invoked command in '/home/moon/project/fishros/chapt8_ws/src/build/cartographer' returned '0': CMAKE_PREFIX_PATH=${CMAKE_PREFIX_PATH}:/home/moon/project/fishros/chapt8_ws/install/fishbot_description:/opt/ros/humble CONDA_PROMPT_MODIFIER=(base) /usr/bin/cmake --install /home/moon/project/fishros/chapt8_ws/src/build/cartographer
