running egg_info
writing ../../build/fishbot_description/fishbot_description.egg-info/PKG-INFO
writing dependency_links to ../../build/fishbot_description/fishbot_description.egg-info/dependency_links.txt
writing entry points to ../../build/fishbot_description/fishbot_description.egg-info/entry_points.txt
writing requirements to ../../build/fishbot_description/fishbot_description.egg-info/requires.txt
writing top-level names to ../../build/fishbot_description/fishbot_description.egg-info/top_level.txt
reading manifest file '../../build/fishbot_description/fishbot_description.egg-info/SOURCES.txt'
writing manifest file '../../build/fishbot_description/fishbot_description.egg-info/SOURCES.txt'
running build
running build_py
copying fishbot_description/__init__.py -> /home/moon/project/fishros/chapt8_ws/build/fishbot_description/build/lib/fishbot_description
copying fishbot_description/rotate_wheel.py -> /home/moon/project/fishros/chapt8_ws/build/fishbot_description/build/lib/fishbot_description
running install
running install_lib
running install_data
copying resource/fishbot_description -> /home/moon/project/fishros/chapt8_ws/install/fishbot_description/share/ament_index/resource_index/packages
copying package.xml -> /home/moon/project/fishros/chapt8_ws/install/fishbot_description/share/fishbot_description
copying launch/display_rviz2.launch.py -> /home/moon/project/fishros/chapt8_ws/install/fishbot_description/share/fishbot_description/launch
copying urdf/fishbot_base.urdf -> /home/moon/project/fishros/chapt8_ws/install/fishbot_description/share/fishbot_description/urdf
creating /home/moon/project/fishros/chapt8_ws/install/fishbot_description/share/fishbot_description/config
copying config/joint_speed.cfg -> /home/moon/project/fishros/chapt8_ws/install/fishbot_description/share/fishbot_description/config
running install_egg_info
removing '/home/moon/project/fishros/chapt8_ws/install/fishbot_description/lib/python3.10/site-packages/fishbot_description-0.0.0-py3.10.egg-info' (and everything under it)
Copying ../../build/fishbot_description/fishbot_description.egg-info to /home/moon/project/fishros/chapt8_ws/install/fishbot_description/lib/python3.10/site-packages/fishbot_description-0.0.0-py3.10.egg-info
running install_scripts
Installing rotate_wheel script to /home/moon/project/fishros/chapt8_ws/install/fishbot_description/lib/fishbot_description
writing list of installed files to '/home/moon/project/fishros/chapt8_ws/build/fishbot_description/install.log'
