[0.015s] Invoking command in '/home/moon/project/fishros/chapt8_ws/build/cartographer': CMAKE_PREFIX_PATH=/opt/ros/humble CONDA_PROMPT_MODIFIER=(base) /usr/bin/cmake /home/moon/project/fishros/chapt8_ws/cartographer -DCMAKE_INSTALL_PREFIX=/home/moon/project/fishros/chapt8_ws/install/cartographer
[0.099s] -- The C compiler identification is GNU 11.4.0
[0.174s] -- The CXX compiler identification is GNU 11.4.0
[0.182s] -- Detecting C compiler ABI info
[0.236s] -- Detecting C compiler ABI info - done
[0.240s] -- Check for working C compiler: /usr/bin/cc - skipped
[0.241s] -- Detecting C compile features
[0.241s] -- Detecting C compile features - done
[0.244s] -- Detecting CXX compiler ABI info
[0.301s] -- Detecting CXX compiler ABI info - done
[0.305s] -- Check for working CXX compiler: /usr/bin/c++ - skipped
[0.305s] -- Detecting CXX compile features
[0.305s] -- Detecting CXX compile features - done
[0.306s] -- Build type: Release
[0.313s] 文件 /home/moon/project/fishros/chapt8_ws/build/cartographer/AllFiles.cmake 和 - 不同
[0.580s] -- Found Python: /usr/bin/python3.10 (found version "3.10.12") found components: Interpreter 
[0.581s] -- Looking for pthread.h
[0.635s] -- Looking for pthread.h - found
[0.635s] -- Performing Test CMAKE_HAVE_LIBC_PTHREAD
[0.694s] -- Performing Test CMAKE_HAVE_LIBC_PTHREAD - Success
[0.695s] -- Found Threads: TRUE  
[0.698s] -- Found GMock: gmock_main  
[0.715s] -- Found Boost: /usr/lib/x86_64-linux-gnu/cmake/Boost-1.74.0/BoostConfig.cmake (found version "1.74.0") found components: iostreams 
[0.722s] -- Found required Ceres dependency: Eigen version 3.4.0 in /usr/include/eigen3
[0.724s] -- Found required Ceres dependency: glog
[0.725s] -- Found required Ceres dependency: gflags
[0.725s] -- Found Ceres version: 2.0.0 installed in: /usr with components: [EigenSparse, SparseLinearAlgebraLibrary, LAPACK, SuiteSparse, CXSparse, SchurSpecializations, Multithreading]
[0.731s] -- Found Lua: /usr/lib/x86_64-linux-gnu/liblua5.2.so;/usr/lib/x86_64-linux-gnu/libm.so (found version "5.2.4") 
[0.746s] -- Found Protobuf: /usr/lib/x86_64-linux-gnu/libprotobuf.so (found suitable version "3.12.4", minimum required is "3.0.0") 
[0.750s] -- Found PkgConfig: /usr/bin/pkg-config (found version "0.29.2") 
[0.751s] -- Checking for one of the modules 'cairo>=1.12.16'
[0.808s] -- Found Sphinx: /home/moon/conda/bin/sphinx-build  
[0.841s] -- Configuring done
[1.015s] -- Generating done
[1.020s] -- Build files have been written to: /home/moon/project/fishros/chapt8_ws/build/cartographer
[1.032s] Invoked command in '/home/moon/project/fishros/chapt8_ws/build/cartographer' returned '0': CMAKE_PREFIX_PATH=/opt/ros/humble CONDA_PROMPT_MODIFIER=(base) /usr/bin/cmake /home/moon/project/fishros/chapt8_ws/cartographer -DCMAKE_INSTALL_PREFIX=/home/moon/project/fishros/chapt8_ws/install/cartographer
[1.033s] Invoking command in '/home/moon/project/fishros/chapt8_ws/build/cartographer': CMAKE_PREFIX_PATH=/opt/ros/humble CONDA_PROMPT_MODIFIER=(base) /usr/bin/cmake --build /home/moon/project/fishros/chapt8_ws/build/cartographer -- -j16 -l16
[1.079s] [  1%] [34m[1mRunning C++ protocol buffer compiler on /home/moon/project/fishros/chapt8_ws/cartographer/cartographer/common/proto/ceres_solver_options.proto[0m
[1.079s] [  1%] [34m[1mRunning C++ protocol buffer compiler on /home/moon/project/fishros/chapt8_ws/cartographer/cartographer/mapping/proto/grid_2d_options.proto[0m
[1.080s] [  1%] [34m[1mRunning C++ protocol buffer compiler on /home/moon/project/fishros/chapt8_ws/cartographer/cartographer/mapping/proto/cell_limits_2d.proto[0m
[1.080s] [  1%] [34m[1mRunning C++ protocol buffer compiler on /home/moon/project/fishros/chapt8_ws/cartographer/cartographer/mapping/proto/grid_2d.proto[0m
[1.080s] [  1%] [34m[1mRunning C++ protocol buffer compiler on /home/moon/project/fishros/chapt8_ws/cartographer/cartographer/transform/proto/transform.proto[0m
[1.080s] [  1%] [34m[1mRunning C++ protocol buffer compiler on /home/moon/project/fishros/chapt8_ws/cartographer/cartographer/mapping/proto/local_trajectory_builder_options_2d.proto[0m
[1.080s] [  1%] [34m[1mRunning C++ protocol buffer compiler on /home/moon/project/fishros/chapt8_ws/cartographer/cartographer/ground_truth/proto/relations.proto[0m
[1.080s] [  2%] [34m[1mRunning C++ protocol buffer compiler on /home/moon/project/fishros/chapt8_ws/cartographer/cartographer/mapping/proto/hybrid_grid.proto[0m
[1.080s] [  2%] [34m[1mRunning C++ protocol buffer compiler on /home/moon/project/fishros/chapt8_ws/cartographer/cartographer/mapping/proto/connected_components.proto[0m
[1.080s] [  2%] [34m[1mRunning C++ protocol buffer compiler on /home/moon/project/fishros/chapt8_ws/cartographer/cartographer/mapping/proto/local_trajectory_builder_options_3d.proto[0m
[1.081s] [  2%] [34m[1mRunning C++ protocol buffer compiler on /home/moon/project/fishros/chapt8_ws/cartographer/cartographer/mapping/proto/map_builder_options.proto[0m
[1.082s] [  2%] [34m[1mRunning C++ protocol buffer compiler on /home/moon/project/fishros/chapt8_ws/cartographer/cartographer/mapping/proto/motion_filter_options.proto[0m
[1.082s] [  3%] [34m[1mRunning C++ protocol buffer compiler on /home/moon/project/fishros/chapt8_ws/cartographer/cartographer/mapping/proto/map_limits.proto[0m
[1.083s] [  4%] [32mBuilding CXX object googletest/CMakeFiles/gtest.dir/src/gtest-all.cc.o[0m
[1.085s] [  4%] [34m[1mBuilding documentation.[0m
[1.094s] [  4%] [34m[1mRunning C++ protocol buffer compiler on /home/moon/project/fishros/chapt8_ws/cartographer/cartographer/mapping/proto/pose_graph/constraint_builder_options.proto[0m
[1.094s] [  4%] [34m[1mRunning C++ protocol buffer compiler on /home/moon/project/fishros/chapt8_ws/cartographer/cartographer/mapping/proto/pose_graph/optimization_problem_options.proto[0m
[1.094s] [  4%] [34m[1mRunning C++ protocol buffer compiler on /home/moon/project/fishros/chapt8_ws/cartographer/cartographer/mapping/proto/pose_extrapolator_options.proto[0m
[1.095s] [  4%] [34m[1mRunning C++ protocol buffer compiler on /home/moon/project/fishros/chapt8_ws/cartographer/cartographer/mapping/proto/normal_estimation_options_2d.proto[0m
[1.095s] [  4%] [34m[1mRunning C++ protocol buffer compiler on /home/moon/project/fishros/chapt8_ws/cartographer/cartographer/mapping/proto/pose_graph_options.proto[0m
[1.099s] [  5%] [34m[1mRunning C++ protocol buffer compiler on /home/moon/project/fishros/chapt8_ws/cartographer/cartographer/mapping/proto/pose_graph.proto[0m
[1.099s] [  6%] [34m[1mRunning C++ protocol buffer compiler on /home/moon/project/fishros/chapt8_ws/cartographer/cartographer/mapping/proto/probability_grid_range_data_inserter_options_2d.proto[0m
[1.099s] [  6%] [34m[1mRunning C++ protocol buffer compiler on /home/moon/project/fishros/chapt8_ws/cartographer/cartographer/mapping/proto/probability_grid.proto[0m
[1.099s] [  6%] [34m[1mRunning C++ protocol buffer compiler on /home/moon/project/fishros/chapt8_ws/cartographer/cartographer/mapping/proto/range_data_inserter_options.proto[0m
[1.099s] [  7%] [34m[1mRunning C++ protocol buffer compiler on /home/moon/project/fishros/chapt8_ws/cartographer/cartographer/mapping/proto/scan_matching/ceres_scan_matcher_options_3d.proto[0m
[1.100s] [  7%] [34m[1mRunning C++ protocol buffer compiler on /home/moon/project/fishros/chapt8_ws/cartographer/cartographer/mapping/proto/scan_matching/ceres_scan_matcher_options_2d.proto[0m
[1.100s] [  7%] [34m[1mRunning C++ protocol buffer compiler on /home/moon/project/fishros/chapt8_ws/cartographer/cartographer/mapping/proto/range_data_inserter_options_3d.proto[0m
[1.100s] [  7%] [34m[1mRunning C++ protocol buffer compiler on /home/moon/project/fishros/chapt8_ws/cartographer/cartographer/mapping/proto/scan_matching/fast_correlative_scan_matcher_options_2d.proto[0m
[1.100s] [  7%] Built target cartographer_detect_changes
[1.111s] [  7%] [34m[1mRunning C++ protocol buffer compiler on /home/moon/project/fishros/chapt8_ws/cartographer/cartographer/mapping/proto/scan_matching/fast_correlative_scan_matcher_options_3d.proto[0m
[1.111s] [  7%] [34m[1mRunning C++ protocol buffer compiler on /home/moon/project/fishros/chapt8_ws/cartographer/cartographer/mapping/proto/submap.proto[0m
[1.111s] [  8%] [34m[1mRunning C++ protocol buffer compiler on /home/moon/project/fishros/chapt8_ws/cartographer/cartographer/mapping/proto/submaps_options_2d.proto[0m
[1.111s] [  8%] [34m[1mRunning C++ protocol buffer compiler on /home/moon/project/fishros/chapt8_ws/cartographer/cartographer/mapping/proto/submap_visualization.proto[0m
[1.111s] [  9%] [34m[1mRunning C++ protocol buffer compiler on /home/moon/project/fishros/chapt8_ws/cartographer/cartographer/mapping/proto/scan_matching/real_time_correlative_scan_matcher_options.proto[0m
[1.112s] [  9%] [34m[1mRunning C++ protocol buffer compiler on /home/moon/project/fishros/chapt8_ws/cartographer/cartographer/mapping/proto/trajectory.proto[0m
[1.112s] [  9%] [34m[1mRunning C++ protocol buffer compiler on /home/moon/project/fishros/chapt8_ws/cartographer/cartographer/mapping/proto/submaps_options_3d.proto[0m
[1.112s] [  9%] [34m[1mRunning C++ protocol buffer compiler on /home/moon/project/fishros/chapt8_ws/cartographer/cartographer/mapping/proto/trajectory_builder_options.proto[0m
[1.112s] [  9%] [34m[1mRunning C++ protocol buffer compiler on /home/moon/project/fishros/chapt8_ws/cartographer/cartographer/mapping/proto/tsdf_2d.proto[0m
[1.113s] [  9%] [34m[1mRunning C++ protocol buffer compiler on /home/moon/project/fishros/chapt8_ws/cartographer/cartographer/mapping/proto/serialization.proto[0m
[1.113s] [ 10%] [34m[1mRunning C++ protocol buffer compiler on /home/moon/project/fishros/chapt8_ws/cartographer/cartographer/mapping/proto/trajectory_node_data.proto[0m
[1.115s] [ 11%] [34m[1mRunning C++ protocol buffer compiler on /home/moon/project/fishros/chapt8_ws/cartographer/cartographer/sensor/proto/adaptive_voxel_filter_options.proto[0m
[1.115s] [ 11%] [34m[1mRunning C++ protocol buffer compiler on /home/moon/project/fishros/chapt8_ws/cartographer/cartographer/mapping/proto/tsdf_range_data_inserter_options_2d.proto[0m
[1.120s] [ 11%] [34m[1mRunning C++ protocol buffer compiler on /home/moon/project/fishros/chapt8_ws/cartographer/cartographer/sensor/proto/sensor.proto[0m
[1.125s] [ 11%] [34m[1mRunning C++ protocol buffer compiler on /home/moon/project/fishros/chapt8_ws/cartographer/cartographer/transform/proto/timestamped_transform.proto[0m
[1.174s] [ 11%] [32mBuilding CXX object CMakeFiles/cartographer.dir/cartographer/common/histogram.cc.o[0m
[1.174s] [ 12%] [32mBuilding CXX object CMakeFiles/cartographer.dir/cartographer/common/lua_parameter_dictionary.cc.o[0m
[1.174s] [ 12%] [32mBuilding CXX object CMakeFiles/cartographer.dir/cartographer/common/time.cc.o[0m
[1.174s] [ 12%] [32mBuilding CXX object CMakeFiles/cartographer.dir/cartographer/common/task.cc.o[0m
[1.174s] [ 12%] [32mBuilding CXX object CMakeFiles/cartographer.dir/cartographer/common/internal/ceres_solver_options.cc.o[0m
[1.174s] [ 12%] [32mBuilding CXX object CMakeFiles/cartographer.dir/cartographer/ground_truth/autogenerate_ground_truth.cc.o[0m
[1.175s] [ 11%] [32mBuilding CXX object CMakeFiles/cartographer.dir/cartographer/common/fixed_ratio_sampler.cc.o[0m
[1.175s] [ 12%] [32mBuilding CXX object CMakeFiles/cartographer.dir/cartographer/common/thread_pool.cc.o[0m
[1.176s] [ 13%] [32mBuilding CXX object CMakeFiles/cartographer.dir/cartographer/common/configuration_file_resolver.cc.o[0m
[1.176s] [ 14%] [32mBuilding CXX object CMakeFiles/cartographer.dir/cartographer/common/internal/testing/thread_pool_for_testing.cc.o[0m
[1.176s] [ 14%] [32mBuilding CXX object CMakeFiles/cartographer.dir/cartographer/ground_truth/relations_text_file.cc.o[0m
[1.179s] [ 14%] [32mBuilding CXX object CMakeFiles/cartographer.dir/cartographer/io/color.cc.o[0m
[1.181s] [ 15%] [32mBuilding CXX object CMakeFiles/cartographer.dir/cartographer/io/coloring_points_processor.cc.o[0m
[1.183s] [ 15%] [32mBuilding CXX object CMakeFiles/cartographer.dir/cartographer/io/counting_points_processor.cc.o[0m
[1.557s] 正在运行 Sphinx v5.0.2
[2.264s] 创建输出目录... 完成
[2.286s] 构建 [mo]： 0 个 po 文件的目标文件已过期
[2.291s] 构建 [html]： 6 个源文件的目标文件已过期
[2.292s] 更新环境: [新配置] 已添加 6，0 已更改，0 已移除
[2.293s] 阅读源... [ 16%] configuration
[2.407s] 阅读源... [ 33%] cost_functions
[2.420s] 阅读源... [ 50%] evaluation
[2.437s] 阅读源... [ 66%] index
[2.455s] 阅读源... [ 83%] pbstream_migration
[2.462s] 阅读源... [100%] terminology
[2.471s] 
[2.472s] 查找当前已过期的文件... 没有找到
[2.475s] pickling环境... 完成
[2.476s] 检查一致性... 完成
[2.478s] 准备文件... 完成
[2.479s] 写入输出... [ 16%] configuration
[2.568s] 写入输出... [ 33%] cost_functions
[2.579s] 写入输出... [ 50%] evaluation
[2.633s] 写入输出... [ 66%] index
[2.657s] 写入输出... [ 83%] pbstream_migration
[2.699s] 写入输出... [100%] terminology
[2.702s] [ 15%] [32mBuilding CXX object CMakeFiles/cartographer.dir/cartographer/io/draw_trajectories.cc.o[0m
[2.709s] 
[2.733s] 正在生成索引... genindex 完成
[2.746s] 正在写入附加页面... search 完成
[2.747s] 复制图像... [ 50%] autogenerate_groundtruth.png
[2.747s] 复制图像... [100%] high_level_system_overview.png
[2.751s] 
[2.751s] 正在复制静态文件... [ 16%] [32mBuilding CXX object CMakeFiles/cartographer.dir/cartographer/io/fixed_ratio_sampling_points_processor.cc.o[0m
[2.752s] [ 15%] [32mBuilding CXX object CMakeFiles/cartographer.dir/cartographer/io/file_writer.cc.o[0m
[2.805s] 完成
[2.805s] 正在复制额外文件... 完成
[2.812s] 正在导出 English (code: en) 的搜索索引... 完成
[2.813s] 正在导出对象清单... 完成
[2.814s] 构建 成功.
[2.815s] 
[2.819s] HTML 页面保存在 html 目录。
[3.020s] [ 16%] [32mBuilding CXX object CMakeFiles/cartographer.dir/cartographer/io/frame_id_filtering_points_processor.cc.o[0m
[3.107s] [ 16%] Built target build_doc
[3.124s] [ 16%] [32mBuilding CXX object CMakeFiles/cartographer.dir/cartographer/io/hybrid_grid_points_processor.cc.o[0m
[3.153s] [ 16%] [32mBuilding CXX object CMakeFiles/cartographer.dir/cartographer/io/image.cc.o[0m
[3.206s] [ 17%] [32mBuilding CXX object CMakeFiles/cartographer.dir/cartographer/io/intensity_to_color_points_processor.cc.o[0m
[3.733s] [ 17%] [32mBuilding CXX object CMakeFiles/cartographer.dir/cartographer/io/internal/in_memory_proto_stream.cc.o[0m
[3.998s] [ 17%] [32mBuilding CXX object CMakeFiles/cartographer.dir/cartographer/io/internal/mapping_state_serialization.cc.o[0m
[4.462s] [ 17%] [32mBuilding CXX object CMakeFiles/cartographer.dir/cartographer/io/internal/pbstream_info.cc.o[0m
[4.551s] [ 18%] [32mBuilding CXX object CMakeFiles/cartographer.dir/cartographer/io/internal/pbstream_migrate.cc.o[0m
[4.608s] [ 18%] [32mBuilding CXX object CMakeFiles/cartographer.dir/cartographer/io/min_max_range_filtering_points_processor.cc.o[0m
[4.732s] [ 18%] [32mBuilding CXX object CMakeFiles/cartographer.dir/cartographer/io/outlier_removing_points_processor.cc.o[0m
[5.553s] [ 18%] [32mBuilding CXX object CMakeFiles/cartographer.dir/cartographer/io/pcd_writing_points_processor.cc.o[0m
[5.961s] [ 19%] [32mBuilding CXX object CMakeFiles/cartographer.dir/cartographer/io/ply_writing_points_processor.cc.o[0m
[6.036s] [ 19%] [32mBuilding CXX object CMakeFiles/cartographer.dir/cartographer/io/points_batch.cc.o[0m
[6.064s] [ 19%] [32mBuilding CXX object CMakeFiles/cartographer.dir/cartographer/io/points_processor_pipeline_builder.cc.o[0m
[7.490s] [ 19%] [32mBuilding CXX object CMakeFiles/cartographer.dir/cartographer/io/probability_grid_points_processor.cc.o[0m
[7.637s] [ 20%] [32mBuilding CXX object CMakeFiles/cartographer.dir/cartographer/io/proto_stream.cc.o[0m
[8.078s] [ 20%] [32mBuilding CXX object CMakeFiles/cartographer.dir/cartographer/io/proto_stream_deserializer.cc.o[0m
[8.611s] [ 20%] [32mBuilding CXX object CMakeFiles/cartographer.dir/cartographer/io/serialization_format_migration.cc.o[0m
[8.647s] [ 21%] [32mBuilding CXX object CMakeFiles/cartographer.dir/cartographer/io/submap_painter.cc.o[0m
[8.881s] [ 21%] [32mBuilding CXX object CMakeFiles/cartographer.dir/cartographer/io/vertical_range_filtering_points_processor.cc.o[0m
[9.023s] [ 21%] [32mBuilding CXX object CMakeFiles/cartographer.dir/cartographer/io/xray_points_processor.cc.o[0m
[10.997s] [ 21%] [32mBuilding CXX object CMakeFiles/cartographer.dir/cartographer/io/xyz_writing_points_processor.cc.o[0m
[12.100s] [ 22%] [32mBuilding CXX object CMakeFiles/cartographer.dir/cartographer/mapping/2d/grid_2d.cc.o[0m
[12.755s] [ 22%] [32mBuilding CXX object CMakeFiles/cartographer.dir/cartographer/mapping/2d/probability_grid.cc.o[0m
[12.948s] [ 22%] [32mBuilding CXX object CMakeFiles/cartographer.dir/cartographer/mapping/2d/probability_grid_range_data_inserter_2d.cc.o[0m
[13.205s] [ 22%] [32mBuilding CXX object CMakeFiles/cartographer.dir/cartographer/mapping/2d/submap_2d.cc.o[0m
[13.562s] [ 23%] [32mBuilding CXX object CMakeFiles/cartographer.dir/cartographer/mapping/3d/range_data_inserter_3d.cc.o[0m
[13.969s] [ 23%] [32mBuilding CXX object CMakeFiles/cartographer.dir/cartographer/mapping/3d/submap_3d.cc.o[0m
[14.560s] [ 23%] [32mBuilding CXX object CMakeFiles/cartographer.dir/cartographer/mapping/detect_floors.cc.o[0m
[15.105s] [ 23%] [32mBuilding CXX object CMakeFiles/cartographer.dir/cartographer/mapping/imu_tracker.cc.o[0m
[15.172s] [ 24%] [32mBuilding CXX object CMakeFiles/cartographer.dir/cartographer/mapping/internal/2d/local_slam_result_2d.cc.o[0m
[15.370s] [ 24%] [32mBuilding CXX object CMakeFiles/cartographer.dir/cartographer/mapping/internal/2d/local_trajectory_builder_2d.cc.o[0m
[16.411s] [ 24%] [32mBuilding CXX object CMakeFiles/cartographer.dir/cartographer/mapping/internal/2d/local_trajectory_builder_options_2d.cc.o[0m
[16.415s] [ 24%] [32mBuilding CXX object CMakeFiles/cartographer.dir/cartographer/mapping/internal/2d/normal_estimation_2d.cc.o[0m
[17.111s] [ 24%] [32m[1mLinking CXX static library ../lib/libgtest.a[0m
[17.223s] [ 24%] Built target gtest
[17.249s] [ 25%] [32mBuilding CXX object CMakeFiles/cartographer.dir/cartographer/mapping/internal/2d/overlapping_submaps_trimmer_2d.cc.o[0m
[17.503s] [ 26%] [32mBuilding CXX object gmock/CMakeFiles/gmock.dir/src/gmock-all.cc.o[0m
[17.943s] [ 26%] [32mBuilding CXX object CMakeFiles/cartographer.dir/cartographer/mapping/internal/2d/pose_graph_2d.cc.o[0m
[17.966s] [ 26%] [32mBuilding CXX object CMakeFiles/cartographer.dir/cartographer/mapping/internal/2d/ray_to_pixel_mask.cc.o[0m
[18.389s] [ 26%] [32mBuilding CXX object CMakeFiles/cartographer.dir/cartographer/mapping/internal/2d/scan_matching/ceres_scan_matcher_2d.cc.o[0m
[19.333s] [ 27%] [32mBuilding CXX object CMakeFiles/cartographer.dir/cartographer/mapping/internal/2d/scan_matching/correlative_scan_matcher_2d.cc.o[0m
[19.505s] [ 27%] [32mBuilding CXX object CMakeFiles/cartographer.dir/cartographer/mapping/internal/2d/scan_matching/fast_correlative_scan_matcher_2d.cc.o[0m
[19.704s] [ 27%] [32mBuilding CXX object CMakeFiles/cartographer.dir/cartographer/mapping/internal/2d/scan_matching/occupied_space_cost_function_2d.cc.o[0m
[19.710s] [ 27%] [32mBuilding CXX object CMakeFiles/cartographer.dir/cartographer/mapping/internal/2d/scan_matching/real_time_correlative_scan_matcher_2d.cc.o[0m
[20.628s] [ 28%] [32mBuilding CXX object CMakeFiles/cartographer.dir/cartographer/mapping/internal/2d/scan_matching/tsdf_match_cost_function_2d.cc.o[0m
[20.760s] [ 28%] [32mBuilding CXX object CMakeFiles/cartographer.dir/cartographer/mapping/internal/2d/tsd_value_converter.cc.o[0m
[21.093s] [ 28%] [32mBuilding CXX object CMakeFiles/cartographer.dir/cartographer/mapping/internal/2d/tsdf_2d.cc.o[0m
[21.294s] [ 28%] [32mBuilding CXX object CMakeFiles/cartographer.dir/cartographer/mapping/internal/2d/tsdf_range_data_inserter_2d.cc.o[0m
[21.875s] [ 28%] [32m[1mLinking CXX static library ../lib/libgmock.a[0m
[21.933s] [ 28%] Built target gmock
[21.945s] [ 29%] [32mBuilding CXX object CMakeFiles/cartographer.dir/cartographer/mapping/internal/3d/local_slam_result_3d.cc.o[0m
[22.229s] [ 29%] [32mBuilding CXX object CMakeFiles/cartographer.dir/cartographer/mapping/internal/3d/local_trajectory_builder_3d.cc.o[0m
[22.255s] [ 29%] [32mBuilding CXX object CMakeFiles/cartographer.dir/cartographer/mapping/internal/3d/local_trajectory_builder_options_3d.cc.o[0m
[23.019s] [ 29%] [32mBuilding CXX object CMakeFiles/cartographer.dir/cartographer/mapping/internal/3d/pose_graph_3d.cc.o[0m
[23.470s] [ 30%] [32mBuilding CXX object CMakeFiles/cartographer.dir/cartographer/mapping/internal/3d/scan_matching/ceres_scan_matcher_3d.cc.o[0m
[23.732s] [ 30%] [32mBuilding CXX object CMakeFiles/cartographer.dir/cartographer/mapping/internal/3d/scan_matching/fast_correlative_scan_matcher_3d.cc.o[0m
[23.820s] [ 30%] [32mBuilding CXX object gmock/CMakeFiles/gmock_main.dir/src/gmock_main.cc.o[0m
[24.408s] [ 30%] [32mBuilding CXX object CMakeFiles/cartographer.dir/cartographer/mapping/internal/3d/scan_matching/intensity_cost_function_3d.cc.o[0m
[24.511s] [ 30%] [32mBuilding CXX object CMakeFiles/cartographer.dir/cartographer/mapping/internal/3d/scan_matching/low_resolution_matcher.cc.o[0m
[24.741s] [ 31%] [32mBuilding CXX object CMakeFiles/cartographer.dir/cartographer/mapping/internal/3d/scan_matching/precomputation_grid_3d.cc.o[0m
[25.000s] [ 31%] [32mBuilding CXX object CMakeFiles/cartographer.dir/cartographer/mapping/internal/3d/scan_matching/real_time_correlative_scan_matcher_3d.cc.o[0m
[25.471s] [ 31%] [32m[1mLinking CXX static library ../lib/libgmock_main.a[0m
[25.557s] [ 31%] Built target gmock_main
[25.576s] [ 31%] [32mBuilding CXX object CMakeFiles/cartographer.dir/cartographer/mapping/internal/3d/scan_matching/rotational_scan_matcher.cc.o[0m
[26.592s] [ 32%] [32mBuilding CXX object CMakeFiles/cartographer.dir/cartographer/mapping/internal/collated_trajectory_builder.cc.o[0m
[26.617s] [ 32%] [32mBuilding CXX object CMakeFiles/cartographer.dir/cartographer/mapping/internal/connected_components.cc.o[0m
[26.691s] [ 32%] [32mBuilding CXX object CMakeFiles/cartographer.dir/cartographer/mapping/internal/constraints/constraint_builder.cc.o[0m
[27.569s] [ 32%] [32mBuilding CXX object CMakeFiles/cartographer.dir/cartographer/mapping/internal/constraints/constraint_builder_2d.cc.o[0m
[28.110s] [ 33%] [32mBuilding CXX object CMakeFiles/cartographer.dir/cartographer/mapping/internal/constraints/constraint_builder_3d.cc.o[0m
[28.507s] [ 33%] [32mBuilding CXX object CMakeFiles/cartographer.dir/cartographer/mapping/internal/eigen_quaterniond_from_two_vectors.cc.o[0m
[28.755s] [ 33%] [32mBuilding CXX object CMakeFiles/cartographer.dir/cartographer/mapping/internal/global_trajectory_builder.cc.o[0m
[28.943s] [ 33%] [32mBuilding CXX object CMakeFiles/cartographer.dir/cartographer/mapping/internal/imu_based_pose_extrapolator.cc.o[0m
[30.333s] [ 34%] [32mBuilding CXX object CMakeFiles/cartographer.dir/cartographer/mapping/internal/motion_filter.cc.o[0m
[30.348s] [ 34%] [32mBuilding CXX object CMakeFiles/cartographer.dir/cartographer/mapping/internal/optimization/ceres_pose.cc.o[0m
[30.663s] [ 34%] [32mBuilding CXX object CMakeFiles/cartographer.dir/cartographer/mapping/internal/optimization/cost_functions/spa_cost_function_2d.cc.o[0m
[30.730s] [ 34%] [32mBuilding CXX object CMakeFiles/cartographer.dir/cartographer/mapping/internal/optimization/optimization_problem_2d.cc.o[0m
[31.157s] [ 35%] [32mBuilding CXX object CMakeFiles/cartographer.dir/cartographer/mapping/internal/optimization/optimization_problem_3d.cc.o[0m
[31.206s] [ 35%] [32mBuilding CXX object CMakeFiles/cartographer.dir/cartographer/mapping/internal/optimization/optimization_problem_options.cc.o[0m
[31.357s] [ 35%] [32mBuilding CXX object CMakeFiles/cartographer.dir/cartographer/mapping/internal/range_data_collator.cc.o[0m
[31.613s] [ 35%] [32mBuilding CXX object CMakeFiles/cartographer.dir/cartographer/mapping/internal/scan_matching/real_time_correlative_scan_matcher.cc.o[0m
[32.428s] [ 36%] [32mBuilding CXX object CMakeFiles/cartographer.dir/cartographer/mapping/internal/submap_controller.cc.o[0m
[32.501s] [ 36%] [32mBuilding CXX object CMakeFiles/cartographer.dir/cartographer/mapping/internal/trajectory_connectivity_state.cc.o[0m
[33.590s] [ 36%] [32mBuilding CXX object CMakeFiles/cartographer.dir/cartographer/mapping/map_builder.cc.o[0m
[33.832s] [ 36%] [32mBuilding CXX object CMakeFiles/cartographer.dir/cartographer/mapping/map_builder_interface.cc.o[0m
[34.302s] [ 37%] [32mBuilding CXX object CMakeFiles/cartographer.dir/cartographer/mapping/pose_extrapolator.cc.o[0m
[34.820s] [ 37%] [32mBuilding CXX object CMakeFiles/cartographer.dir/cartographer/mapping/pose_extrapolator_interface.cc.o[0m
[35.686s] [ 37%] [32mBuilding CXX object CMakeFiles/cartographer.dir/cartographer/mapping/pose_graph.cc.o[0m
[35.733s] [ 37%] [32mBuilding CXX object CMakeFiles/cartographer.dir/cartographer/mapping/pose_graph_trimmer.cc.o[0m
[35.924s] [ 38%] [32mBuilding CXX object CMakeFiles/cartographer.dir/cartographer/mapping/probability_values.cc.o[0m
[35.990s] [ 38%] [32mBuilding CXX object CMakeFiles/cartographer.dir/cartographer/mapping/range_data_inserter_interface.cc.o[0m
[36.803s] [ 38%] [32mBuilding CXX object CMakeFiles/cartographer.dir/cartographer/mapping/trajectory_builder_interface.cc.o[0m
[36.887s] [ 38%] [32mBuilding CXX object CMakeFiles/cartographer.dir/cartographer/mapping/trajectory_node.cc.o[0m
[37.154s] [ 39%] [32mBuilding CXX object CMakeFiles/cartographer.dir/cartographer/mapping/value_conversion_tables.cc.o[0m
[37.304s] [ 39%] [32mBuilding CXX object CMakeFiles/cartographer.dir/cartographer/metrics/counter.cc.o[0m
[37.482s] [ 39%] [32mBuilding CXX object CMakeFiles/cartographer.dir/cartographer/metrics/gauge.cc.o[0m
[37.724s] [ 39%] [32mBuilding CXX object CMakeFiles/cartographer.dir/cartographer/metrics/histogram.cc.o[0m
[38.409s] [ 40%] [32mBuilding CXX object CMakeFiles/cartographer.dir/cartographer/metrics/register.cc.o[0m
[38.462s] [ 40%] [32mBuilding CXX object CMakeFiles/cartographer.dir/cartographer/sensor/compressed_point_cloud.cc.o[0m
[38.523s] [ 40%] [32mBuilding CXX object CMakeFiles/cartographer.dir/cartographer/sensor/fixed_frame_pose_data.cc.o[0m
[38.534s] [ 40%] [32mBuilding CXX object CMakeFiles/cartographer.dir/cartographer/sensor/imu_data.cc.o[0m
[38.808s] [ 41%] [32mBuilding CXX object CMakeFiles/cartographer.dir/cartographer/sensor/internal/collator.cc.o[0m
[38.977s] [ 41%] [32mBuilding CXX object CMakeFiles/cartographer.dir/cartographer/sensor/internal/ordered_multi_queue.cc.o[0m
[39.361s] [ 41%] [32mBuilding CXX object CMakeFiles/cartographer.dir/cartographer/sensor/internal/trajectory_collator.cc.o[0m
[39.774s] [ 42%] [32mBuilding CXX object CMakeFiles/cartographer.dir/cartographer/sensor/internal/voxel_filter.cc.o[0m
[40.160s] [ 42%] [32mBuilding CXX object CMakeFiles/cartographer.dir/cartographer/sensor/landmark_data.cc.o[0m
[40.546s] [ 42%] [32mBuilding CXX object CMakeFiles/cartographer.dir/cartographer/sensor/odometry_data.cc.o[0m
[41.219s] [ 42%] [32mBuilding CXX object CMakeFiles/cartographer.dir/cartographer/sensor/point_cloud.cc.o[0m
[41.791s] [ 43%] [32mBuilding CXX object CMakeFiles/cartographer.dir/cartographer/sensor/range_data.cc.o[0m
[41.980s] [ 43%] [32mBuilding CXX object CMakeFiles/cartographer.dir/cartographer/sensor/timed_point_cloud_data.cc.o[0m
[42.075s] [ 43%] [32mBuilding CXX object CMakeFiles/cartographer.dir/cartographer/transform/rigid_transform.cc.o[0m
[42.521s] [ 43%] [32mBuilding CXX object CMakeFiles/cartographer.dir/cartographer/transform/timestamped_transform.cc.o[0m
[43.449s] [ 44%] [32mBuilding CXX object CMakeFiles/cartographer.dir/cartographer/transform/transform.cc.o[0m
[43.551s] [ 44%] [32mBuilding CXX object CMakeFiles/cartographer.dir/cartographer/transform/transform_interpolation_buffer.cc.o[0m
[43.629s] [ 44%] [32mBuilding CXX object CMakeFiles/cartographer.dir/cartographer/common/proto/ceres_solver_options.pb.cc.o[0m
[43.700s] [ 44%] [32mBuilding CXX object CMakeFiles/cartographer.dir/cartographer/ground_truth/proto/relations.pb.cc.o[0m
[43.727s] [ 45%] [32mBuilding CXX object CMakeFiles/cartographer.dir/cartographer/mapping/proto/cell_limits_2d.pb.cc.o[0m
[43.984s] [ 45%] [32mBuilding CXX object CMakeFiles/cartographer.dir/cartographer/mapping/proto/connected_components.pb.cc.o[0m
[44.227s] [ 45%] [32mBuilding CXX object CMakeFiles/cartographer.dir/cartographer/mapping/proto/grid_2d.pb.cc.o[0m
[45.015s] [ 45%] [32mBuilding CXX object CMakeFiles/cartographer.dir/cartographer/mapping/proto/grid_2d_options.pb.cc.o[0m
[45.101s] [ 46%] [32mBuilding CXX object CMakeFiles/cartographer.dir/cartographer/mapping/proto/hybrid_grid.pb.cc.o[0m
[45.134s] [ 46%] [32mBuilding CXX object CMakeFiles/cartographer.dir/cartographer/mapping/proto/local_trajectory_builder_options_2d.pb.cc.o[0m
[45.177s] [ 46%] [32mBuilding CXX object CMakeFiles/cartographer.dir/cartographer/mapping/proto/local_trajectory_builder_options_3d.pb.cc.o[0m
[45.283s] [ 46%] [32mBuilding CXX object CMakeFiles/cartographer.dir/cartographer/mapping/proto/map_builder_options.pb.cc.o[0m
[45.334s] [ 47%] [32mBuilding CXX object CMakeFiles/cartographer.dir/cartographer/mapping/proto/map_limits.pb.cc.o[0m
[45.342s] [ 47%] [32mBuilding CXX object CMakeFiles/cartographer.dir/cartographer/mapping/proto/motion_filter_options.pb.cc.o[0m
[45.375s] [ 47%] [32mBuilding CXX object CMakeFiles/cartographer.dir/cartographer/mapping/proto/normal_estimation_options_2d.pb.cc.o[0m
[45.604s] [ 47%] [32mBuilding CXX object CMakeFiles/cartographer.dir/cartographer/mapping/proto/pose_extrapolator_options.pb.cc.o[0m
[45.845s] [ 48%] [32mBuilding CXX object CMakeFiles/cartographer.dir/cartographer/mapping/proto/pose_graph.pb.cc.o[0m
[45.895s] [ 48%] [32mBuilding CXX object CMakeFiles/cartographer.dir/cartographer/mapping/proto/pose_graph/constraint_builder_options.pb.cc.o[0m
[46.050s] [ 48%] [32mBuilding CXX object CMakeFiles/cartographer.dir/cartographer/mapping/proto/pose_graph/optimization_problem_options.pb.cc.o[0m
[46.161s] [ 48%] [32mBuilding CXX object CMakeFiles/cartographer.dir/cartographer/mapping/proto/pose_graph_options.pb.cc.o[0m
[46.353s] [ 49%] [32mBuilding CXX object CMakeFiles/cartographer.dir/cartographer/mapping/proto/probability_grid.pb.cc.o[0m
[46.493s] [ 49%] [32mBuilding CXX object CMakeFiles/cartographer.dir/cartographer/mapping/proto/probability_grid_range_data_inserter_options_2d.pb.cc.o[0m
[46.582s] [ 49%] [32mBuilding CXX object CMakeFiles/cartographer.dir/cartographer/mapping/proto/range_data_inserter_options.pb.cc.o[0m
[46.588s] [ 49%] [32mBuilding CXX object CMakeFiles/cartographer.dir/cartographer/mapping/proto/range_data_inserter_options_3d.pb.cc.o[0m
[46.641s] [ 50%] [32mBuilding CXX object CMakeFiles/cartographer.dir/cartographer/mapping/proto/scan_matching/ceres_scan_matcher_options_2d.pb.cc.o[0m
[46.645s] [ 50%] [32mBuilding CXX object CMakeFiles/cartographer.dir/cartographer/mapping/proto/scan_matching/ceres_scan_matcher_options_3d.pb.cc.o[0m
[46.651s] [ 50%] [32mBuilding CXX object CMakeFiles/cartographer.dir/cartographer/mapping/proto/scan_matching/fast_correlative_scan_matcher_options_2d.pb.cc.o[0m
[46.907s] [ 50%] [32mBuilding CXX object CMakeFiles/cartographer.dir/cartographer/mapping/proto/scan_matching/fast_correlative_scan_matcher_options_3d.pb.cc.o[0m
[47.012s] [ 51%] [32mBuilding CXX object CMakeFiles/cartographer.dir/cartographer/mapping/proto/scan_matching/real_time_correlative_scan_matcher_options.pb.cc.o[0m
[47.015s] [ 51%] [32mBuilding CXX object CMakeFiles/cartographer.dir/cartographer/mapping/proto/serialization.pb.cc.o[0m
[47.163s] [ 51%] [32mBuilding CXX object CMakeFiles/cartographer.dir/cartographer/mapping/proto/submap.pb.cc.o[0m
[47.172s] [ 52%] [32mBuilding CXX object CMakeFiles/cartographer.dir/cartographer/mapping/proto/submap_visualization.pb.cc.o[0m
[47.263s] [ 52%] [32mBuilding CXX object CMakeFiles/cartographer.dir/cartographer/mapping/proto/submaps_options_2d.pb.cc.o[0m
[47.506s] [ 52%] [32mBuilding CXX object CMakeFiles/cartographer.dir/cartographer/mapping/proto/submaps_options_3d.pb.cc.o[0m
[47.639s] [ 52%] [32mBuilding CXX object CMakeFiles/cartographer.dir/cartographer/mapping/proto/trajectory.pb.cc.o[0m
[47.699s] [ 53%] [32mBuilding CXX object CMakeFiles/cartographer.dir/cartographer/mapping/proto/trajectory_builder_options.pb.cc.o[0m
[47.829s] [ 53%] [32mBuilding CXX object CMakeFiles/cartographer.dir/cartographer/mapping/proto/tsdf_2d.pb.cc.o[0m
[47.832s] [ 53%] [32mBuilding CXX object CMakeFiles/cartographer.dir/cartographer/mapping/proto/trajectory_node_data.pb.cc.o[0m
[47.861s] [ 53%] [32mBuilding CXX object CMakeFiles/cartographer.dir/cartographer/mapping/proto/tsdf_range_data_inserter_options_2d.pb.cc.o[0m
[47.901s] [ 54%] [32mBuilding CXX object CMakeFiles/cartographer.dir/cartographer/sensor/proto/adaptive_voxel_filter_options.pb.cc.o[0m
[47.981s] [ 54%] [32mBuilding CXX object CMakeFiles/cartographer.dir/cartographer/sensor/proto/sensor.pb.cc.o[0m
[48.042s] [ 54%] [32mBuilding CXX object CMakeFiles/cartographer.dir/cartographer/transform/proto/timestamped_transform.pb.cc.o[0m
[48.058s] [ 54%] [32mBuilding CXX object CMakeFiles/cartographer.dir/cartographer/transform/proto/transform.pb.cc.o[0m
[49.868s] [ 55%] [32m[1mLinking CXX static library libcartographer.a[0m
[49.980s] [ 55%] Built target cartographer
[49.994s] [ 55%] [32mBuilding CXX object CMakeFiles/cartographer_print_configuration.dir/cartographer/common/print_configuration_main.cc.o[0m
[49.994s] [ 55%] [32mBuilding CXX object CMakeFiles/cartographer_test_library.dir/cartographer/io/internal/testing/test_helpers.cc.o[0m
[49.994s] [ 55%] [32mBuilding CXX object CMakeFiles/cartographer_compute_relations_metrics.dir/cartographer/ground_truth/compute_relations_metrics_main.cc.o[0m
[49.994s] [ 55%] [32mBuilding CXX object CMakeFiles/cartographer_pbstream.dir/cartographer/io/pbstream_main.cc.o[0m
[49.994s] [ 55%] [32mBuilding CXX object CMakeFiles/cartographer_autogenerate_ground_truth.dir/cartographer/ground_truth/autogenerate_ground_truth_main.cc.o[0m
[49.994s] [ 55%] [32mBuilding CXX object CMakeFiles/cartographer_test_library.dir/cartographer/io/fake_file_writer.cc.o[0m
[49.995s] [ 56%] [32mBuilding CXX object CMakeFiles/cartographer_test_library.dir/cartographer/io/fake_file_writer_test.cc.o[0m
[49.995s] [ 56%] [32mBuilding CXX object CMakeFiles/cartographer_test_library.dir/cartographer/mapping/internal/testing/test_helpers.cc.o[0m
[50.743s] [ 57%] [32m[1mLinking CXX executable cartographer_pbstream[0m
[51.135s] [ 57%] Built target cartographer_pbstream
[51.156s] [ 57%] [32m[1mLinking CXX executable cartographer_print_configuration[0m
[51.241s] [ 57%] Built target cartographer_print_configuration
[52.164s] [ 58%] [32m[1mLinking CXX executable cartographer_autogenerate_ground_truth[0m
[52.284s] [ 58%] Built target cartographer_autogenerate_ground_truth
[52.521s] [ 58%] [32m[1mLinking CXX executable cartographer_compute_relations_metrics[0m
[52.638s] [ 58%] Built target cartographer_compute_relations_metrics
[52.749s] [ 58%] [32m[1mLinking CXX static library libcartographer_test_library.a[0m
[52.776s] [ 58%] Built target cartographer_test_library
[52.797s] [ 58%] [32mBuilding CXX object CMakeFiles/cartographer.io.fake_file_writer_test.dir/cartographer/io/fake_file_writer_test.cc.o[0m
[52.797s] [ 58%] [32mBuilding CXX object CMakeFiles/cartographer.common.internal.blocking_queue_test.dir/cartographer/common/internal/blocking_queue_test.cc.o[0m
[52.797s] [ 58%] [32mBuilding CXX object CMakeFiles/cartographer.io.points_processor_pipeline_builder_test.dir/cartographer/io/points_processor_pipeline_builder_test.cc.o[0m
[52.797s] [ 58%] [32mBuilding CXX object CMakeFiles/cartographer.io.internal.in_memory_proto_stream_test.dir/cartographer/io/internal/in_memory_proto_stream_test.cc.o[0m
[52.797s] [ 58%] [32mBuilding CXX object CMakeFiles/cartographer.common.lua_parameter_dictionary_test.dir/cartographer/common/lua_parameter_dictionary_test.cc.o[0m
[52.797s] [ 58%] [32mBuilding CXX object CMakeFiles/cartographer.common.task_test.dir/cartographer/common/task_test.cc.o[0m
[52.797s] [ 58%] [32mBuilding CXX object CMakeFiles/cartographer.common.fixed_ratio_sampler_test.dir/cartographer/common/fixed_ratio_sampler_test.cc.o[0m
[52.799s] [ 58%] [32mBuilding CXX object CMakeFiles/cartographer.common.configuration_files_test.dir/cartographer/common/configuration_files_test.cc.o[0m
[52.799s] [ 58%] [32mBuilding CXX object CMakeFiles/cartographer.io.proto_stream_deserializer_test.dir/cartographer/io/proto_stream_deserializer_test.cc.o[0m
[52.799s] [ 58%] [32mBuilding CXX object CMakeFiles/cartographer.common.thread_pool_test.dir/cartographer/common/thread_pool_test.cc.o[0m
[52.799s] [ 58%] [32mBuilding CXX object CMakeFiles/cartographer.common.math_test.dir/cartographer/common/math_test.cc.o[0m
[52.800s] [ 58%] [32mBuilding CXX object CMakeFiles/cartographer.io.probability_grid_points_processor_test.dir/cartographer/io/probability_grid_points_processor_test.cc.o[0m
[52.802s] [ 59%] [32mBuilding CXX object CMakeFiles/cartographer.io.proto_stream_test.dir/cartographer/io/proto_stream_test.cc.o[0m
[52.802s] [ 59%] [32mBuilding CXX object CMakeFiles/cartographer.common.internal.rate_timer_test.dir/cartographer/common/internal/rate_timer_test.cc.o[0m
[52.811s] [ 59%] [32mBuilding CXX object CMakeFiles/cartographer.io.serialization_format_migration_test.dir/cartographer/io/serialization_format_migration_test.cc.o[0m
[52.816s] [ 60%] [32mBuilding CXX object CMakeFiles/cartographer.mapping.2d.map_limits_test.dir/cartographer/mapping/2d/map_limits_test.cc.o[0m
[55.196s] [ 61%] [32m[1mLinking CXX executable cartographer.common.fixed_ratio_sampler_test[0m
[55.377s] [ 61%] Built target cartographer.common.fixed_ratio_sampler_test
[55.404s] [ 61%] [32mBuilding CXX object CMakeFiles/cartographer.mapping.2d.probability_grid_test.dir/cartographer/mapping/2d/probability_grid_test.cc.o[0m
[55.507s] [ 62%] [32m[1mLinking CXX executable cartographer.common.thread_pool_test[0m
[55.713s] [ 62%] Built target cartographer.common.thread_pool_test
[55.741s] [ 63%] [32mBuilding CXX object CMakeFiles/cartographer.mapping.2d.range_data_inserter_2d_test.dir/cartographer/mapping/2d/range_data_inserter_2d_test.cc.o[0m
[55.862s] [ 63%] [32m[1mLinking CXX executable cartographer.io.proto_stream_test[0m
[55.975s] [ 63%] [32m[1mLinking CXX executable cartographer.io.fake_file_writer_test[0m
[56.132s] [ 63%] Built target cartographer.io.proto_stream_test
[56.163s] [ 63%] [32mBuilding CXX object CMakeFiles/cartographer.mapping.2d.submap_2d_test.dir/cartographer/mapping/2d/submap_2d_test.cc.o[0m
[56.174s] [ 63%] Built target cartographer.io.fake_file_writer_test
[56.215s] [ 64%] [32mBuilding CXX object CMakeFiles/cartographer.mapping.2d.xy_index_test.dir/cartographer/mapping/2d/xy_index_test.cc.o[0m
[56.235s] [ 65%] [32m[1mLinking CXX executable cartographer.common.math_test[0m
[56.381s] [ 66%] [32m[1mLinking CXX executable cartographer.common.internal.rate_timer_test[0m
[56.429s] [ 66%] Built target cartographer.common.math_test
[56.454s] [ 67%] [32m[1mLinking CXX executable cartographer.io.internal.in_memory_proto_stream_test[0m
[56.475s] [ 67%] [32mBuilding CXX object CMakeFiles/cartographer.mapping.3d.hybrid_grid_test.dir/cartographer/mapping/3d/hybrid_grid_test.cc.o[0m
[56.582s] [ 67%] Built target cartographer.common.internal.rate_timer_test
[56.624s] [ 68%] [32mBuilding CXX object CMakeFiles/cartographer.mapping.3d.range_data_inserter_3d_test.dir/cartographer/mapping/3d/range_data_inserter_3d_test.cc.o[0m
[56.754s] [ 68%] Built target cartographer.io.internal.in_memory_proto_stream_test
[56.806s] [ 68%] [32mBuilding CXX object CMakeFiles/cartographer.mapping.3d.submap_3d_test.dir/cartographer/mapping/3d/submap_3d_test.cc.o[0m
[56.858s] [ 68%] [32m[1mLinking CXX executable cartographer.common.task_test[0m
[57.004s] [ 68%] [32m[1mLinking CXX executable cartographer.common.internal.blocking_queue_test[0m
[57.184s] [ 68%] Built target cartographer.common.task_test
[57.239s] [ 69%] [32mBuilding CXX object CMakeFiles/cartographer.mapping.id_test.dir/cartographer/mapping/id_test.cc.o[0m
[57.269s] [ 69%] Built target cartographer.common.internal.blocking_queue_test
[57.292s] [ 69%] [32m[1mLinking CXX executable cartographer.common.lua_parameter_dictionary_test[0m
[57.305s] [ 69%] [32mBuilding CXX object CMakeFiles/cartographer.mapping.imu_tracker_test.dir/cartographer/mapping/imu_tracker_test.cc.o[0m
[57.391s] [ 69%] [32m[1mLinking CXX executable cartographer.mapping.2d.map_limits_test[0m
[57.517s] [ 69%] Built target cartographer.common.lua_parameter_dictionary_test
[57.559s] [ 70%] [32mBuilding CXX object CMakeFiles/cartographer.mapping.internal.2d.normal_estimation_2d_test.dir/cartographer/mapping/internal/2d/normal_estimation_2d_test.cc.o[0m
[57.564s] [ 70%] [32m[1mLinking CXX executable cartographer.io.points_processor_pipeline_builder_test[0m
[57.597s] [ 70%] [32m[1mLinking CXX executable cartographer.io.proto_stream_deserializer_test[0m
[57.685s] [ 70%] [32m[1mLinking CXX executable cartographer.common.configuration_files_test[0m
[57.709s] [ 70%] Built target cartographer.mapping.2d.map_limits_test
[57.753s] [ 70%] [32mBuilding CXX object CMakeFiles/cartographer.mapping.internal.2d.overlapping_submaps_trimmer_2d_test.dir/cartographer/mapping/internal/2d/overlapping_submaps_trimmer_2d_test.cc.o[0m
[57.926s] [ 70%] Built target cartographer.io.points_processor_pipeline_builder_test
[57.956s] [ 71%] [32mBuilding CXX object CMakeFiles/cartographer.mapping.internal.2d.pose_graph_2d_test.dir/cartographer/mapping/internal/2d/pose_graph_2d_test.cc.o[0m
[57.970s] [ 71%] Built target cartographer.io.proto_stream_deserializer_test
[57.999s] [ 71%] [32mBuilding CXX object CMakeFiles/cartographer.mapping.internal.2d.ray_to_pixel_mask_test.dir/cartographer/mapping/internal/2d/ray_to_pixel_mask_test.cc.o[0m
[58.159s] [ 71%] Built target cartographer.common.configuration_files_test
[58.186s] [ 72%] [32mBuilding CXX object CMakeFiles/cartographer.mapping.internal.2d.scan_matching.ceres_scan_matcher_2d_test.dir/cartographer/mapping/internal/2d/scan_matching/ceres_scan_matcher_2d_test.cc.o[0m
[58.876s] [ 72%] [32m[1mLinking CXX executable cartographer.io.serialization_format_migration_test[0m
[59.348s] [ 72%] Built target cartographer.io.serialization_format_migration_test
[59.374s] [ 72%] [32mBuilding CXX object CMakeFiles/cartographer.mapping.internal.2d.scan_matching.correlative_scan_matcher_test.dir/cartographer/mapping/internal/2d/scan_matching/correlative_scan_matcher_test.cc.o[0m
[59.912s] [ 73%] [32m[1mLinking CXX executable cartographer.io.probability_grid_points_processor_test[0m
[60.276s] [ 73%] Built target cartographer.io.probability_grid_points_processor_test
[60.308s] [ 74%] [32mBuilding CXX object CMakeFiles/cartographer.mapping.internal.2d.scan_matching.fast_correlative_scan_matcher_2d_test.dir/cartographer/mapping/internal/2d/scan_matching/fast_correlative_scan_matcher_2d_test.cc.o[0m
[60.329s] [ 74%] [32m[1mLinking CXX executable cartographer.mapping.2d.xy_index_test[0m
[60.578s] [ 74%] Built target cartographer.mapping.2d.xy_index_test
[60.605s] [ 74%] [32mBuilding CXX object CMakeFiles/cartographer.mapping.internal.2d.scan_matching.interpolated_tsdf_2d_test.dir/cartographer/mapping/internal/2d/scan_matching/interpolated_tsdf_2d_test.cc.o[0m
[60.917s] [ 74%] [32m[1mLinking CXX executable cartographer.mapping.2d.range_data_inserter_2d_test[0m
[60.917s] [ 74%] [32m[1mLinking CXX executable cartographer.mapping.imu_tracker_test[0m
[61.126s] [ 74%] Built target cartographer.mapping.imu_tracker_test
[61.153s] [ 74%] [32mBuilding CXX object CMakeFiles/cartographer.mapping.internal.2d.scan_matching.occupied_space_cost_function_2d_test.dir/cartographer/mapping/internal/2d/scan_matching/occupied_space_cost_function_2d_test.cc.o[0m
[61.226s] [ 74%] Built target cartographer.mapping.2d.range_data_inserter_2d_test
[61.258s] [ 74%] [32mBuilding CXX object CMakeFiles/cartographer.mapping.internal.2d.scan_matching.real_time_correlative_scan_matcher_2d_test.dir/cartographer/mapping/internal/2d/scan_matching/real_time_correlative_scan_matcher_2d_test.cc.o[0m
[61.536s] [ 74%] [32m[1mLinking CXX executable cartographer.mapping.2d.probability_grid_test[0m
[61.790s] [ 74%] Built target cartographer.mapping.2d.probability_grid_test
[61.817s] [ 74%] [32mBuilding CXX object CMakeFiles/cartographer.mapping.internal.2d.scan_matching.tsdf_match_cost_function_2d_test.dir/cartographer/mapping/internal/2d/scan_matching/tsdf_match_cost_function_2d_test.cc.o[0m
[62.846s] [ 74%] [32m[1mLinking CXX executable cartographer.mapping.2d.submap_2d_test[0m
[63.059s] [ 74%] [32m[1mLinking CXX executable cartographer.mapping.id_test[0m
[63.133s] [ 74%] [32m[1mLinking CXX executable cartographer.mapping.3d.range_data_inserter_3d_test[0m
[63.192s] [ 74%] Built target cartographer.mapping.2d.submap_2d_test
[63.221s] [ 74%] [32mBuilding CXX object CMakeFiles/cartographer.mapping.internal.2d.tsd_value_converter_test.dir/cartographer/mapping/internal/2d/tsd_value_converter_test.cc.o[0m
[63.226s] [ 74%] [32m[1mLinking CXX executable cartographer.mapping.internal.2d.normal_estimation_2d_test[0m
[63.232s] [ 74%] [32m[1mLinking CXX executable cartographer.mapping.3d.submap_3d_test[0m
[63.289s] [ 74%] Built target cartographer.mapping.id_test
[63.340s] [ 74%] [32mBuilding CXX object CMakeFiles/cartographer.mapping.internal.2d.tsdf_2d_test.dir/cartographer/mapping/internal/2d/tsdf_2d_test.cc.o[0m
[63.408s] [ 74%] Built target cartographer.mapping.3d.range_data_inserter_3d_test
[63.439s] [ 74%] [32mBuilding CXX object CMakeFiles/cartographer.mapping.internal.2d.tsdf_range_data_inserter_2d_test.dir/cartographer/mapping/internal/2d/tsdf_range_data_inserter_2d_test.cc.o[0m
[63.503s] [ 74%] Built target cartographer.mapping.internal.2d.normal_estimation_2d_test
[63.539s] [ 74%] [32mBuilding CXX object CMakeFiles/cartographer.mapping.internal.3d.local_trajectory_builder_3d_test.dir/cartographer/mapping/internal/3d/local_trajectory_builder_3d_test.cc.o[0m
[63.587s] [ 74%] Built target cartographer.mapping.3d.submap_3d_test
[63.621s] [ 74%] [32mBuilding CXX object CMakeFiles/cartographer.mapping.internal.3d.pose_graph_3d_test.dir/cartographer/mapping/internal/3d/pose_graph_3d_test.cc.o[0m
[64.547s] [ 74%] [32m[1mLinking CXX executable cartographer.mapping.internal.2d.scan_matching.correlative_scan_matcher_test[0m
[64.806s] [ 74%] Built target cartographer.mapping.internal.2d.scan_matching.correlative_scan_matcher_test
[64.835s] [ 74%] [32mBuilding CXX object CMakeFiles/cartographer.mapping.internal.3d.rotation_parameterization_test.dir/cartographer/mapping/internal/3d/rotation_parameterization_test.cc.o[0m
[64.836s] [ 74%] [32m[1mLinking CXX executable cartographer.mapping.3d.hybrid_grid_test[0m
[64.881s] [ 74%] [32m[1mLinking CXX executable cartographer.mapping.internal.3d.rotation_parameterization_test[0m
[64.885s] [ 74%] [32m[1mLinking CXX executable cartographer.mapping.internal.2d.scan_matching.ceres_scan_matcher_2d_test[0m
[65.091s] [ 74%] Built target cartographer.mapping.3d.hybrid_grid_test
[65.099s] [ 74%] Built target cartographer.mapping.internal.3d.rotation_parameterization_test
[65.120s] [ 74%] [32mBuilding CXX object CMakeFiles/cartographer.mapping.internal.3d.scan_matching.ceres_scan_matcher_3d_test.dir/cartographer/mapping/internal/3d/scan_matching/ceres_scan_matcher_3d_test.cc.o[0m
[65.131s] [ 74%] [32mBuilding CXX object CMakeFiles/cartographer.mapping.internal.3d.scan_matching.fast_correlative_scan_matcher_3d_test.dir/cartographer/mapping/internal/3d/scan_matching/fast_correlative_scan_matcher_3d_test.cc.o[0m
[65.263s] [ 74%] Built target cartographer.mapping.internal.2d.scan_matching.ceres_scan_matcher_2d_test
[65.293s] [ 74%] [32mBuilding CXX object CMakeFiles/cartographer.mapping.internal.3d.scan_matching.intensity_cost_function_3d_test.dir/cartographer/mapping/internal/3d/scan_matching/intensity_cost_function_3d_test.cc.o[0m
[65.311s] [ 74%] [32m[1mLinking CXX executable cartographer.mapping.internal.2d.ray_to_pixel_mask_test[0m
[65.497s] [ 74%] Built target cartographer.mapping.internal.2d.ray_to_pixel_mask_test
[65.525s] [ 74%] [32mBuilding CXX object CMakeFiles/cartographer.mapping.internal.3d.scan_matching.interpolated_grid_test.dir/cartographer/mapping/internal/3d/scan_matching/interpolated_grid_test.cc.o[0m
[65.995s] [ 75%] [32m[1mLinking CXX executable cartographer.mapping.internal.2d.scan_matching.interpolated_tsdf_2d_test[0m
[66.300s] [ 75%] Built target cartographer.mapping.internal.2d.scan_matching.interpolated_tsdf_2d_test
[66.329s] [ 75%] [32mBuilding CXX object CMakeFiles/cartographer.mapping.internal.3d.scan_matching.precomputation_grid_3d_test.dir/cartographer/mapping/internal/3d/scan_matching/precomputation_grid_3d_test.cc.o[0m
[66.392s] [ 75%] [32m[1mLinking CXX executable cartographer.mapping.internal.2d.overlapping_submaps_trimmer_2d_test[0m
[66.752s] [ 75%] Built target cartographer.mapping.internal.2d.overlapping_submaps_trimmer_2d_test
[66.781s] [ 75%] [32mBuilding CXX object CMakeFiles/cartographer.mapping.internal.3d.scan_matching.real_time_correlative_scan_matcher_3d_test.dir/cartographer/mapping/internal/3d/scan_matching/real_time_correlative_scan_matcher_3d_test.cc.o[0m
[66.960s] [ 75%] [32m[1mLinking CXX executable cartographer.mapping.internal.2d.scan_matching.occupied_space_cost_function_2d_test[0m
[67.045s] [ 76%] [32m[1mLinking CXX executable cartographer.mapping.internal.2d.scan_matching.real_time_correlative_scan_matcher_2d_test[0m
[67.266s] [ 77%] [32m[1mLinking CXX executable cartographer.mapping.internal.2d.tsd_value_converter_test[0m
[67.347s] [ 77%] Built target cartographer.mapping.internal.2d.scan_matching.occupied_space_cost_function_2d_test
[67.379s] [ 77%] [32mBuilding CXX object CMakeFiles/cartographer.mapping.internal.3d.scan_matching.rotation_delta_cost_functor_3d_test.dir/cartographer/mapping/internal/3d/scan_matching/rotation_delta_cost_functor_3d_test.cc.o[0m
[67.404s] [ 77%] Built target cartographer.mapping.internal.2d.scan_matching.real_time_correlative_scan_matcher_2d_test
[67.434s] [ 77%] [32mBuilding CXX object CMakeFiles/cartographer.mapping.internal.3d.scan_matching.rotational_scan_matcher_test.dir/cartographer/mapping/internal/3d/scan_matching/rotational_scan_matcher_test.cc.o[0m
[67.457s] [ 77%] Built target cartographer.mapping.internal.2d.tsd_value_converter_test
[67.484s] [ 77%] [32mBuilding CXX object CMakeFiles/cartographer.mapping.internal.connected_components_test.dir/cartographer/mapping/internal/connected_components_test.cc.o[0m
[68.297s] [ 77%] [32m[1mLinking CXX executable cartographer.mapping.internal.2d.scan_matching.fast_correlative_scan_matcher_2d_test[0m
[68.606s] [ 77%] Built target cartographer.mapping.internal.2d.scan_matching.fast_correlative_scan_matcher_2d_test
[68.632s] [ 77%] [32mBuilding CXX object CMakeFiles/cartographer.mapping.internal.constraints.constraint_builder_2d_test.dir/cartographer/mapping/internal/constraints/constraint_builder_2d_test.cc.o[0m
[69.076s] [ 77%] [32m[1mLinking CXX executable cartographer.mapping.internal.2d.tsdf_2d_test[0m
[69.128s] [ 77%] [32m[1mLinking CXX executable cartographer.mapping.internal.2d.pose_graph_2d_test[0m
[69.342s] [ 77%] [32m[1mLinking CXX executable cartographer.mapping.internal.2d.scan_matching.tsdf_match_cost_function_2d_test[0m
[69.368s] [ 77%] Built target cartographer.mapping.internal.2d.tsdf_2d_test
[69.420s] [ 78%] [32mBuilding CXX object CMakeFiles/cartographer.mapping.internal.constraints.constraint_builder_3d_test.dir/cartographer/mapping/internal/constraints/constraint_builder_3d_test.cc.o[0m
[69.737s] [ 78%] Built target cartographer.mapping.internal.2d.pose_graph_2d_test
[69.737s] [ 78%] Built target cartographer.mapping.internal.2d.scan_matching.tsdf_match_cost_function_2d_test
[69.762s] [ 79%] [32mBuilding CXX object CMakeFiles/cartographer.mapping.internal.optimization.cost_functions.landmark_cost_function_2d_test.dir/cartographer/mapping/internal/optimization/cost_functions/landmark_cost_function_2d_test.cc.o[0m
[69.762s] [ 79%] [32mBuilding CXX object CMakeFiles/cartographer.mapping.internal.motion_filter_test.dir/cartographer/mapping/internal/motion_filter_test.cc.o[0m
[70.751s] [ 79%] [32m[1mLinking CXX executable cartographer.mapping.internal.3d.scan_matching.interpolated_grid_test[0m
[70.940s] [ 79%] Built target cartographer.mapping.internal.3d.scan_matching.interpolated_grid_test
[70.971s] [ 79%] [32mBuilding CXX object CMakeFiles/cartographer.mapping.internal.optimization.cost_functions.landmark_cost_function_3d_test.dir/cartographer/mapping/internal/optimization/cost_functions/landmark_cost_function_3d_test.cc.o[0m
[71.137s] [ 80%] [32m[1mLinking CXX executable cartographer.mapping.internal.2d.tsdf_range_data_inserter_2d_test[0m
[71.404s] [ 81%] [32m[1mLinking CXX executable cartographer.mapping.internal.3d.scan_matching.rotation_delta_cost_functor_3d_test[0m
[71.420s] [ 81%] Built target cartographer.mapping.internal.2d.tsdf_range_data_inserter_2d_test
[71.467s] [ 82%] [32mBuilding CXX object CMakeFiles/cartographer.mapping.internal.optimization.cost_functions.spa_cost_function_2d_test.dir/cartographer/mapping/internal/optimization/cost_functions/spa_cost_function_2d_test.cc.o[0m
[71.509s] [ 83%] [32m[1mLinking CXX executable cartographer.mapping.internal.3d.scan_matching.precomputation_grid_3d_test[0m
[71.603s] [ 83%] Built target cartographer.mapping.internal.3d.scan_matching.rotation_delta_cost_functor_3d_test
[71.633s] [ 83%] [32mBuilding CXX object CMakeFiles/cartographer.mapping.internal.optimization.optimization_problem_3d_test.dir/cartographer/mapping/internal/optimization/optimization_problem_3d_test.cc.o[0m
[71.695s] [ 83%] Built target cartographer.mapping.internal.3d.scan_matching.precomputation_grid_3d_test
[71.727s] [ 84%] [32mBuilding CXX object CMakeFiles/cartographer.mapping.internal.range_data_collator_test.dir/cartographer/mapping/internal/range_data_collator_test.cc.o[0m
[71.767s] [ 85%] [32m[1mLinking CXX executable cartographer.mapping.internal.3d.scan_matching.intensity_cost_function_3d_test[0m
[72.005s] [ 85%] [32m[1mLinking CXX executable cartographer.mapping.internal.3d.scan_matching.rotational_scan_matcher_test[0m
[72.013s] [ 85%] Built target cartographer.mapping.internal.3d.scan_matching.intensity_cost_function_3d_test
[72.062s] [ 85%] [32mBuilding CXX object CMakeFiles/cartographer.mapping.internal.trajectory_connectivity_state_test.dir/cartographer/mapping/internal/trajectory_connectivity_state_test.cc.o[0m
[72.212s] [ 85%] Built target cartographer.mapping.internal.3d.scan_matching.rotational_scan_matcher_test
[72.241s] [ 86%] [32mBuilding CXX object CMakeFiles/cartographer.mapping.map_builder_test.dir/cartographer/mapping/map_builder_test.cc.o[0m
[72.993s] [ 86%] [32m[1mLinking CXX executable cartographer.mapping.internal.3d.local_trajectory_builder_3d_test[0m
[73.061s] [ 87%] [32m[1mLinking CXX executable cartographer.mapping.internal.connected_components_test[0m
[73.237s] [ 88%] [32m[1mLinking CXX executable cartographer.mapping.internal.3d.pose_graph_3d_test[0m
[73.301s] [ 89%] [32m[1mLinking CXX executable cartographer.mapping.internal.3d.scan_matching.ceres_scan_matcher_3d_test[0m
[73.332s] [ 89%] Built target cartographer.mapping.internal.connected_components_test
[73.369s] [ 89%] [32mBuilding CXX object CMakeFiles/cartographer.mapping.pose_extrapolator_test.dir/cartographer/mapping/pose_extrapolator_test.cc.o[0m
[73.520s] [ 89%] Built target cartographer.mapping.internal.3d.local_trajectory_builder_3d_test
[73.567s] [ 90%] [32mBuilding CXX object CMakeFiles/cartographer.mapping.pose_graph_test.dir/cartographer/mapping/pose_graph_test.cc.o[0m
[73.687s] [ 90%] Built target cartographer.mapping.internal.3d.scan_matching.ceres_scan_matcher_3d_test
[73.727s] [ 90%] [32mBuilding CXX object CMakeFiles/cartographer.mapping.pose_graph_trimmer_test.dir/cartographer/mapping/pose_graph_trimmer_test.cc.o[0m
[73.791s] [ 90%] Built target cartographer.mapping.internal.3d.pose_graph_3d_test
[73.819s] [ 91%] [32mBuilding CXX object CMakeFiles/cartographer.mapping.probability_values_test.dir/cartographer/mapping/probability_values_test.cc.o[0m
[74.466s] [ 91%] [32m[1mLinking CXX executable cartographer.mapping.internal.motion_filter_test[0m
[74.583s] [ 91%] [32m[1mLinking CXX executable cartographer.mapping.internal.3d.scan_matching.fast_correlative_scan_matcher_3d_test[0m
[74.719s] [ 91%] [32m[1mLinking CXX executable cartographer.mapping.internal.3d.scan_matching.real_time_correlative_scan_matcher_3d_test[0m
[74.733s] [ 91%] Built target cartographer.mapping.internal.motion_filter_test
[74.768s] [ 91%] [32mBuilding CXX object CMakeFiles/cartographer.mapping.submaps_test.dir/cartographer/mapping/submaps_test.cc.o[0m
[74.898s] [ 91%] Built target cartographer.mapping.internal.3d.scan_matching.fast_correlative_scan_matcher_3d_test
[74.926s] [ 92%] [32mBuilding CXX object CMakeFiles/cartographer.mapping.trajectory_node_test.dir/cartographer/mapping/trajectory_node_test.cc.o[0m
[74.963s] [ 92%] Built target cartographer.mapping.internal.3d.scan_matching.real_time_correlative_scan_matcher_3d_test
[74.994s] [ 92%] [32mBuilding CXX object CMakeFiles/cartographer.mapping.value_conversion_tables_test.dir/cartographer/mapping/value_conversion_tables_test.cc.o[0m
[77.083s] [ 92%] [32m[1mLinking CXX executable cartographer.mapping.internal.constraints.constraint_builder_2d_test[0m
[77.325s] [ 92%] [32m[1mLinking CXX executable cartographer.mapping.internal.trajectory_connectivity_state_test[0m
[77.441s] [ 92%] [32m[1mLinking CXX executable cartographer.mapping.value_conversion_tables_test[0m
[77.534s] [ 92%] [32m[1mLinking CXX executable cartographer.mapping.probability_values_test[0m
[77.551s] [ 92%] Built target cartographer.mapping.internal.constraints.constraint_builder_2d_test
[77.565s] [ 92%] Built target cartographer.mapping.internal.trajectory_connectivity_state_test
[77.580s] [ 93%] [32mBuilding CXX object CMakeFiles/cartographer.sensor.compressed_point_cloud_test.dir/cartographer/sensor/compressed_point_cloud_test.cc.o[0m
[77.597s] [ 93%] [32mBuilding CXX object CMakeFiles/cartographer.sensor.internal.collator_test.dir/cartographer/sensor/internal/collator_test.cc.o[0m
[77.651s] [ 93%] Built target cartographer.mapping.value_conversion_tables_test
[77.682s] [ 94%] [32mBuilding CXX object CMakeFiles/cartographer.sensor.internal.ordered_multi_queue_test.dir/cartographer/sensor/internal/ordered_multi_queue_test.cc.o[0m
[77.733s] [ 94%] Built target cartographer.mapping.probability_values_test
[77.768s] [ 94%] [32mBuilding CXX object CMakeFiles/cartographer.sensor.internal.trajectory_collator_test.dir/cartographer/sensor/internal/trajectory_collator_test.cc.o[0m
[78.011s] [ 94%] [32m[1mLinking CXX executable cartographer.mapping.internal.range_data_collator_test[0m
[78.248s] [ 94%] Built target cartographer.mapping.internal.range_data_collator_test
[78.277s] [ 94%] [32mBuilding CXX object CMakeFiles/cartographer.sensor.internal.voxel_filter_test.dir/cartographer/sensor/internal/voxel_filter_test.cc.o[0m
[78.550s] [ 94%] [32m[1mLinking CXX executable cartographer.mapping.internal.constraints.constraint_builder_3d_test[0m
[79.024s] [ 94%] [32m[1mLinking CXX executable cartographer.mapping.internal.optimization.cost_functions.landmark_cost_function_2d_test[0m
[79.063s] [ 94%] Built target cartographer.mapping.internal.constraints.constraint_builder_3d_test
[79.094s] [ 94%] [32m[1mLinking CXX executable cartographer.mapping.internal.optimization.optimization_problem_3d_test[0m
[79.111s] [ 94%] [32mBuilding CXX object CMakeFiles/cartographer.sensor.landmark_data_test.dir/cartographer/sensor/landmark_data_test.cc.o[0m
[79.126s] [ 94%] [32m[1mLinking CXX executable cartographer.mapping.pose_graph_trimmer_test[0m
[79.219s] [ 94%] [32m[1mLinking CXX executable cartographer.mapping.pose_graph_test[0m
[79.291s] [ 94%] Built target cartographer.mapping.internal.optimization.cost_functions.landmark_cost_function_2d_test
[79.340s] [ 94%] [32mBuilding CXX object CMakeFiles/cartographer.sensor.map_by_time_test.dir/cartographer/sensor/map_by_time_test.cc.o[0m
[79.358s] [ 94%] Built target cartographer.mapping.pose_graph_trimmer_test
[79.388s] [ 94%] [32mBuilding CXX object CMakeFiles/cartographer.sensor.point_cloud_test.dir/cartographer/sensor/point_cloud_test.cc.o[0m
[79.434s] [ 94%] Built target cartographer.mapping.internal.optimization.optimization_problem_3d_test
[79.465s] [ 94%] [32mBuilding CXX object CMakeFiles/cartographer.sensor.range_data_test.dir/cartographer/sensor/range_data_test.cc.o[0m
[79.485s] [ 94%] [32m[1mLinking CXX executable cartographer.mapping.submaps_test[0m
[79.661s] [ 94%] Built target cartographer.mapping.submaps_test
[79.684s] [ 94%] [32mBuilding CXX object CMakeFiles/cartographer.transform.rigid_transform_test.dir/cartographer/transform/rigid_transform_test.cc.o[0m
[79.684s] [ 94%] Built target cartographer.mapping.pose_graph_test
[79.710s] [ 94%] [32mBuilding CXX object CMakeFiles/cartographer.transform.timestamped_transform_test.dir/cartographer/transform/timestamped_transform_test.cc.o[0m
[79.718s] [ 94%] [32m[1mLinking CXX executable cartographer.mapping.internal.optimization.cost_functions.spa_cost_function_2d_test[0m
[79.953s] [ 94%] Built target cartographer.mapping.internal.optimization.cost_functions.spa_cost_function_2d_test
[79.996s] [ 94%] [32mBuilding CXX object CMakeFiles/cartographer.transform.transform_interpolation_buffer_test.dir/cartographer/transform/transform_interpolation_buffer_test.cc.o[0m
[80.169s] [ 94%] [32m[1mLinking CXX executable cartographer.mapping.internal.optimization.cost_functions.landmark_cost_function_3d_test[0m
[80.412s] [ 94%] Built target cartographer.mapping.internal.optimization.cost_functions.landmark_cost_function_3d_test
[80.441s] [ 94%] [32mBuilding CXX object CMakeFiles/cartographer.transform.transform_test.dir/cartographer/transform/transform_test.cc.o[0m
[81.576s] [ 94%] [32m[1mLinking CXX executable cartographer.mapping.pose_extrapolator_test[0m
[81.807s] [ 94%] Built target cartographer.mapping.pose_extrapolator_test
[82.001s] [ 94%] [32m[1mLinking CXX executable cartographer.mapping.trajectory_node_test[0m
[82.252s] [ 94%] Built target cartographer.mapping.trajectory_node_test
[83.444s] [ 94%] [32m[1mLinking CXX executable cartographer.sensor.internal.ordered_multi_queue_test[0m
[83.470s] [ 94%] [32m[1mLinking CXX executable cartographer.sensor.compressed_point_cloud_test[0m
[83.520s] [ 94%] [32m[1mLinking CXX executable cartographer.sensor.map_by_time_test[0m
[83.678s] [ 94%] Built target cartographer.sensor.internal.ordered_multi_queue_test
[83.732s] [ 94%] Built target cartographer.sensor.map_by_time_test
[83.748s] [ 94%] Built target cartographer.sensor.compressed_point_cloud_test
[83.877s] [ 94%] [32m[1mLinking CXX executable cartographer.mapping.map_builder_test[0m
[84.127s] [ 94%] [32m[1mLinking CXX executable cartographer.sensor.internal.voxel_filter_test[0m
[84.205s] [ 94%] Built target cartographer.mapping.map_builder_test
[84.348s] [ 94%] Built target cartographer.sensor.internal.voxel_filter_test
[84.642s] [ 95%] [32m[1mLinking CXX executable cartographer.sensor.internal.trajectory_collator_test[0m
[84.736s] [ 95%] [32m[1mLinking CXX executable cartographer.sensor.internal.collator_test[0m
[84.791s] [ 95%] [32m[1mLinking CXX executable cartographer.sensor.range_data_test[0m
[84.819s] [ 95%] Built target cartographer.sensor.internal.trajectory_collator_test
[84.857s] [ 95%] Built target cartographer.sensor.internal.collator_test
[84.899s] [ 95%] Built target cartographer.sensor.range_data_test
[85.064s] [ 95%] [32m[1mLinking CXX executable cartographer.transform.timestamped_transform_test[0m
[85.185s] [ 95%] Built target cartographer.transform.timestamped_transform_test
[85.391s] [ 96%] [32m[1mLinking CXX executable cartographer.sensor.point_cloud_test[0m
[85.488s] [ 96%] Built target cartographer.sensor.point_cloud_test
[85.595s] [ 96%] [32m[1mLinking CXX executable cartographer.transform.transform_test[0m
[85.640s] [ 97%] [32m[1mLinking CXX executable cartographer.transform.transform_interpolation_buffer_test[0m
[85.684s] [ 97%] Built target cartographer.transform.transform_test
[85.748s] [ 97%] Built target cartographer.transform.transform_interpolation_buffer_test
[85.820s] [ 98%] [32m[1mLinking CXX executable cartographer.sensor.landmark_data_test[0m
[85.927s] [ 98%] Built target cartographer.sensor.landmark_data_test
[87.418s] [100%] [32m[1mLinking CXX executable cartographer.transform.rigid_transform_test[0m
[87.496s] [100%] Built target cartographer.transform.rigid_transform_test
[87.507s] Invoked command in '/home/moon/project/fishros/chapt8_ws/build/cartographer' returned '0': CMAKE_PREFIX_PATH=/opt/ros/humble CONDA_PROMPT_MODIFIER=(base) /usr/bin/cmake --build /home/moon/project/fishros/chapt8_ws/build/cartographer -- -j16 -l16
[88.222s] Invoking command in '/home/moon/project/fishros/chapt8_ws/build/cartographer': CMAKE_PREFIX_PATH=/opt/ros/humble CONDA_PROMPT_MODIFIER=(base) /usr/bin/cmake --install /home/moon/project/fishros/chapt8_ws/build/cartographer
[88.228s] -- Install configuration: "Release"
[88.228s] -- Installing: /home/moon/project/fishros/chapt8_ws/install/cartographer/share/cartographer/package.xml
[88.228s] -- Installing: /home/moon/project/fishros/chapt8_ws/install/cartographer/share/cartographer//configuration_files
[88.228s] -- Installing: /home/moon/project/fishros/chapt8_ws/install/cartographer/share/cartographer//configuration_files/pose_graph.lua
[88.228s] -- Installing: /home/moon/project/fishros/chapt8_ws/install/cartographer/share/cartographer//configuration_files/map_builder_server.lua
[88.228s] -- Installing: /home/moon/project/fishros/chapt8_ws/install/cartographer/share/cartographer//configuration_files/trajectory_builder_3d.lua
[88.228s] -- Installing: /home/moon/project/fishros/chapt8_ws/install/cartographer/share/cartographer//configuration_files/trajectory_builder.lua
[88.229s] -- Installing: /home/moon/project/fishros/chapt8_ws/install/cartographer/share/cartographer//configuration_files/trajectory_builder_2d.lua
[88.229s] -- Installing: /home/moon/project/fishros/chapt8_ws/install/cartographer/share/cartographer//configuration_files/map_builder.lua
[88.229s] -- Installing: /home/moon/project/fishros/chapt8_ws/install/cartographer/share/cartographer//cmake
[88.229s] -- Installing: /home/moon/project/fishros/chapt8_ws/install/cartographer/share/cartographer//cmake/modules
[88.229s] -- Installing: /home/moon/project/fishros/chapt8_ws/install/cartographer/share/cartographer//cmake/modules/FindLuaGoogle.cmake
[88.229s] -- Installing: /home/moon/project/fishros/chapt8_ws/install/cartographer/share/cartographer//cmake/modules/FindEigen3.cmake
[88.229s] -- Installing: /home/moon/project/fishros/chapt8_ws/install/cartographer/share/cartographer//cmake/modules/FindGMock.cmake
[88.229s] -- Installing: /home/moon/project/fishros/chapt8_ws/install/cartographer/share/cartographer//cmake/modules/FindSphinx.cmake
[88.229s] -- Installing: /home/moon/project/fishros/chapt8_ws/install/cartographer/share/cartographer//cmake/functions.cmake
[88.229s] -- Installing: /home/moon/project/fishros/chapt8_ws/install/cartographer/bin/cartographer_autogenerate_ground_truth
[88.230s] -- Installing: /home/moon/project/fishros/chapt8_ws/install/cartographer/bin/cartographer_compute_relations_metrics
[88.231s] -- Installing: /home/moon/project/fishros/chapt8_ws/install/cartographer/bin/cartographer_pbstream
[88.233s] -- Installing: /home/moon/project/fishros/chapt8_ws/install/cartographer/bin/cartographer_print_configuration
[88.234s] -- Installing: /home/moon/project/fishros/chapt8_ws/install/cartographer/lib/libcartographer.a
[88.242s] -- Installing: /home/moon/project/fishros/chapt8_ws/install/cartographer/include/cartographer/common/configuration_file_resolver.h
[88.242s] -- Installing: /home/moon/project/fishros/chapt8_ws/install/cartographer/include/cartographer/common/fixed_ratio_sampler.h
[88.242s] -- Installing: /home/moon/project/fishros/chapt8_ws/install/cartographer/include/cartographer/common/histogram.h
[88.242s] -- Installing: /home/moon/project/fishros/chapt8_ws/install/cartographer/include/cartographer/common/lua.h
[88.243s] -- Installing: /home/moon/project/fishros/chapt8_ws/install/cartographer/include/cartographer/common/lua_parameter_dictionary.h
[88.243s] -- Installing: /home/moon/project/fishros/chapt8_ws/install/cartographer/include/cartographer/common/math.h
[88.243s] -- Installing: /home/moon/project/fishros/chapt8_ws/install/cartographer/include/cartographer/common/port.h
[88.243s] -- Installing: /home/moon/project/fishros/chapt8_ws/install/cartographer/include/cartographer/common/task.h
[88.243s] -- Installing: /home/moon/project/fishros/chapt8_ws/install/cartographer/include/cartographer/common/thread_pool.h
[88.243s] -- Installing: /home/moon/project/fishros/chapt8_ws/install/cartographer/include/cartographer/common/time.h
[88.243s] -- Installing: /home/moon/project/fishros/chapt8_ws/install/cartographer/include/cartographer/ground_truth/autogenerate_ground_truth.h
[88.243s] -- Installing: /home/moon/project/fishros/chapt8_ws/install/cartographer/include/cartographer/ground_truth/relations_text_file.h
[88.243s] -- Installing: /home/moon/project/fishros/chapt8_ws/install/cartographer/include/cartographer/io/color.h
[88.243s] -- Installing: /home/moon/project/fishros/chapt8_ws/install/cartographer/include/cartographer/io/coloring_points_processor.h
[88.243s] -- Installing: /home/moon/project/fishros/chapt8_ws/install/cartographer/include/cartographer/io/counting_points_processor.h
[88.243s] -- Installing: /home/moon/project/fishros/chapt8_ws/install/cartographer/include/cartographer/io/draw_trajectories.h
[88.243s] -- Installing: /home/moon/project/fishros/chapt8_ws/install/cartographer/include/cartographer/io/file_writer.h
[88.244s] -- Installing: /home/moon/project/fishros/chapt8_ws/install/cartographer/include/cartographer/io/fixed_ratio_sampling_points_processor.h
[88.244s] -- Installing: /home/moon/project/fishros/chapt8_ws/install/cartographer/include/cartographer/io/frame_id_filtering_points_processor.h
[88.244s] -- Installing: /home/moon/project/fishros/chapt8_ws/install/cartographer/include/cartographer/io/hybrid_grid_points_processor.h
[88.244s] -- Installing: /home/moon/project/fishros/chapt8_ws/install/cartographer/include/cartographer/io/image.h
[88.244s] -- Installing: /home/moon/project/fishros/chapt8_ws/install/cartographer/include/cartographer/io/intensity_to_color_points_processor.h
[88.244s] -- Installing: /home/moon/project/fishros/chapt8_ws/install/cartographer/include/cartographer/io/min_max_range_filtering_points_processor.h
[88.244s] -- Installing: /home/moon/project/fishros/chapt8_ws/install/cartographer/include/cartographer/io/null_points_processor.h
[88.244s] -- Installing: /home/moon/project/fishros/chapt8_ws/install/cartographer/include/cartographer/io/outlier_removing_points_processor.h
[88.244s] -- Installing: /home/moon/project/fishros/chapt8_ws/install/cartographer/include/cartographer/io/pcd_writing_points_processor.h
[88.244s] -- Installing: /home/moon/project/fishros/chapt8_ws/install/cartographer/include/cartographer/io/ply_writing_points_processor.h
[88.244s] -- Installing: /home/moon/project/fishros/chapt8_ws/install/cartographer/include/cartographer/io/points_batch.h
[88.245s] -- Installing: /home/moon/project/fishros/chapt8_ws/install/cartographer/include/cartographer/io/points_processor.h
[88.245s] -- Installing: /home/moon/project/fishros/chapt8_ws/install/cartographer/include/cartographer/io/points_processor_pipeline_builder.h
[88.245s] -- Installing: /home/moon/project/fishros/chapt8_ws/install/cartographer/include/cartographer/io/probability_grid_points_processor.h
[88.245s] -- Installing: /home/moon/project/fishros/chapt8_ws/install/cartographer/include/cartographer/io/proto_stream.h
[88.245s] -- Installing: /home/moon/project/fishros/chapt8_ws/install/cartographer/include/cartographer/io/proto_stream_deserializer.h
[88.245s] -- Installing: /home/moon/project/fishros/chapt8_ws/install/cartographer/include/cartographer/io/proto_stream_interface.h
[88.245s] -- Installing: /home/moon/project/fishros/chapt8_ws/install/cartographer/include/cartographer/io/serialization_format_migration.h
[88.245s] -- Installing: /home/moon/project/fishros/chapt8_ws/install/cartographer/include/cartographer/io/submap_painter.h
[88.245s] -- Installing: /home/moon/project/fishros/chapt8_ws/install/cartographer/include/cartographer/io/vertical_range_filtering_points_processor.h
[88.245s] -- Installing: /home/moon/project/fishros/chapt8_ws/install/cartographer/include/cartographer/io/xray_points_processor.h
[88.245s] -- Installing: /home/moon/project/fishros/chapt8_ws/install/cartographer/include/cartographer/io/xyz_writing_points_processor.h
[88.246s] -- Installing: /home/moon/project/fishros/chapt8_ws/install/cartographer/include/cartographer/mapping/2d/grid_2d.h
[88.246s] -- Installing: /home/moon/project/fishros/chapt8_ws/install/cartographer/include/cartographer/mapping/2d/map_limits.h
[88.246s] -- Installing: /home/moon/project/fishros/chapt8_ws/install/cartographer/include/cartographer/mapping/2d/probability_grid.h
[88.246s] -- Installing: /home/moon/project/fishros/chapt8_ws/install/cartographer/include/cartographer/mapping/2d/probability_grid_range_data_inserter_2d.h
[88.246s] -- Installing: /home/moon/project/fishros/chapt8_ws/install/cartographer/include/cartographer/mapping/2d/submap_2d.h
[88.246s] -- Installing: /home/moon/project/fishros/chapt8_ws/install/cartographer/include/cartographer/mapping/2d/xy_index.h
[88.246s] -- Installing: /home/moon/project/fishros/chapt8_ws/install/cartographer/include/cartographer/mapping/3d/hybrid_grid.h
[88.246s] -- Installing: /home/moon/project/fishros/chapt8_ws/install/cartographer/include/cartographer/mapping/3d/range_data_inserter_3d.h
[88.246s] -- Installing: /home/moon/project/fishros/chapt8_ws/install/cartographer/include/cartographer/mapping/3d/submap_3d.h
[88.246s] -- Installing: /home/moon/project/fishros/chapt8_ws/install/cartographer/include/cartographer/mapping/detect_floors.h
[88.246s] -- Installing: /home/moon/project/fishros/chapt8_ws/install/cartographer/include/cartographer/mapping/grid_interface.h
[88.247s] -- Installing: /home/moon/project/fishros/chapt8_ws/install/cartographer/include/cartographer/mapping/id.h
[88.247s] -- Installing: /home/moon/project/fishros/chapt8_ws/install/cartographer/include/cartographer/mapping/imu_tracker.h
[88.247s] -- Installing: /home/moon/project/fishros/chapt8_ws/install/cartographer/include/cartographer/mapping/map_builder.h
[88.247s] -- Installing: /home/moon/project/fishros/chapt8_ws/install/cartographer/include/cartographer/mapping/map_builder_interface.h
[88.247s] -- Installing: /home/moon/project/fishros/chapt8_ws/install/cartographer/include/cartographer/mapping/pose_extrapolator.h
[88.247s] -- Installing: /home/moon/project/fishros/chapt8_ws/install/cartographer/include/cartographer/mapping/pose_extrapolator_interface.h
[88.247s] -- Installing: /home/moon/project/fishros/chapt8_ws/install/cartographer/include/cartographer/mapping/pose_graph.h
[88.247s] -- Installing: /home/moon/project/fishros/chapt8_ws/install/cartographer/include/cartographer/mapping/pose_graph_interface.h
[88.248s] -- Installing: /home/moon/project/fishros/chapt8_ws/install/cartographer/include/cartographer/mapping/pose_graph_trimmer.h
[88.248s] -- Installing: /home/moon/project/fishros/chapt8_ws/install/cartographer/include/cartographer/mapping/probability_values.h
[88.248s] -- Installing: /home/moon/project/fishros/chapt8_ws/install/cartographer/include/cartographer/mapping/range_data_inserter_interface.h
[88.248s] -- Installing: /home/moon/project/fishros/chapt8_ws/install/cartographer/include/cartographer/mapping/submaps.h
[88.248s] -- Installing: /home/moon/project/fishros/chapt8_ws/install/cartographer/include/cartographer/mapping/trajectory_builder_interface.h
[88.248s] -- Installing: /home/moon/project/fishros/chapt8_ws/install/cartographer/include/cartographer/mapping/trajectory_node.h
[88.248s] -- Installing: /home/moon/project/fishros/chapt8_ws/install/cartographer/include/cartographer/mapping/value_conversion_tables.h
[88.248s] -- Installing: /home/moon/project/fishros/chapt8_ws/install/cartographer/include/cartographer/metrics/counter.h
[88.248s] -- Installing: /home/moon/project/fishros/chapt8_ws/install/cartographer/include/cartographer/metrics/family_factory.h
[88.248s] -- Installing: /home/moon/project/fishros/chapt8_ws/install/cartographer/include/cartographer/metrics/gauge.h
[88.248s] -- Installing: /home/moon/project/fishros/chapt8_ws/install/cartographer/include/cartographer/metrics/histogram.h
[88.248s] -- Installing: /home/moon/project/fishros/chapt8_ws/install/cartographer/include/cartographer/metrics/register.h
[88.248s] -- Installing: /home/moon/project/fishros/chapt8_ws/install/cartographer/include/cartographer/sensor/collator_interface.h
[88.249s] -- Installing: /home/moon/project/fishros/chapt8_ws/install/cartographer/include/cartographer/sensor/compressed_point_cloud.h
[88.249s] -- Installing: /home/moon/project/fishros/chapt8_ws/install/cartographer/include/cartographer/sensor/data.h
[88.249s] -- Installing: /home/moon/project/fishros/chapt8_ws/install/cartographer/include/cartographer/sensor/fixed_frame_pose_data.h
[88.249s] -- Installing: /home/moon/project/fishros/chapt8_ws/install/cartographer/include/cartographer/sensor/imu_data.h
[88.249s] -- Installing: /home/moon/project/fishros/chapt8_ws/install/cartographer/include/cartographer/sensor/landmark_data.h
[88.249s] -- Installing: /home/moon/project/fishros/chapt8_ws/install/cartographer/include/cartographer/sensor/map_by_time.h
[88.249s] -- Installing: /home/moon/project/fishros/chapt8_ws/install/cartographer/include/cartographer/sensor/odometry_data.h
[88.249s] -- Installing: /home/moon/project/fishros/chapt8_ws/install/cartographer/include/cartographer/sensor/point_cloud.h
[88.249s] -- Installing: /home/moon/project/fishros/chapt8_ws/install/cartographer/include/cartographer/sensor/range_data.h
[88.249s] -- Installing: /home/moon/project/fishros/chapt8_ws/install/cartographer/include/cartographer/sensor/rangefinder_point.h
[88.249s] -- Installing: /home/moon/project/fishros/chapt8_ws/install/cartographer/include/cartographer/sensor/timed_point_cloud_data.h
[88.250s] -- Installing: /home/moon/project/fishros/chapt8_ws/install/cartographer/include/cartographer/transform/rigid_transform.h
[88.250s] -- Installing: /home/moon/project/fishros/chapt8_ws/install/cartographer/include/cartographer/transform/timestamped_transform.h
[88.250s] -- Installing: /home/moon/project/fishros/chapt8_ws/install/cartographer/include/cartographer/transform/transform.h
[88.250s] -- Installing: /home/moon/project/fishros/chapt8_ws/install/cartographer/include/cartographer/transform/transform_interpolation_buffer.h
[88.250s] -- Installing: /home/moon/project/fishros/chapt8_ws/install/cartographer/include/cartographer/io/fake_file_writer.h
[88.250s] -- Installing: /home/moon/project/fishros/chapt8_ws/install/cartographer/include/cartographer/transform/rigid_transform_test_helpers.h
[88.250s] -- Installing: /home/moon/project/fishros/chapt8_ws/install/cartographer/include/cartographer/common/proto/ceres_solver_options.pb.h
[88.250s] -- Installing: /home/moon/project/fishros/chapt8_ws/install/cartographer/include/cartographer/ground_truth/proto/relations.pb.h
[88.250s] -- Installing: /home/moon/project/fishros/chapt8_ws/install/cartographer/include/cartographer/mapping/proto/cell_limits_2d.pb.h
[88.251s] -- Installing: /home/moon/project/fishros/chapt8_ws/install/cartographer/include/cartographer/mapping/proto/connected_components.pb.h
[88.251s] -- Installing: /home/moon/project/fishros/chapt8_ws/install/cartographer/include/cartographer/mapping/proto/grid_2d.pb.h
[88.251s] -- Installing: /home/moon/project/fishros/chapt8_ws/install/cartographer/include/cartographer/mapping/proto/grid_2d_options.pb.h
[88.251s] -- Installing: /home/moon/project/fishros/chapt8_ws/install/cartographer/include/cartographer/mapping/proto/hybrid_grid.pb.h
[88.251s] -- Installing: /home/moon/project/fishros/chapt8_ws/install/cartographer/include/cartographer/mapping/proto/local_trajectory_builder_options_2d.pb.h
[88.251s] -- Installing: /home/moon/project/fishros/chapt8_ws/install/cartographer/include/cartographer/mapping/proto/local_trajectory_builder_options_3d.pb.h
[88.251s] -- Installing: /home/moon/project/fishros/chapt8_ws/install/cartographer/include/cartographer/mapping/proto/map_builder_options.pb.h
[88.251s] -- Installing: /home/moon/project/fishros/chapt8_ws/install/cartographer/include/cartographer/mapping/proto/map_limits.pb.h
[88.252s] -- Installing: /home/moon/project/fishros/chapt8_ws/install/cartographer/include/cartographer/mapping/proto/motion_filter_options.pb.h
[88.252s] -- Installing: /home/moon/project/fishros/chapt8_ws/install/cartographer/include/cartographer/mapping/proto/normal_estimation_options_2d.pb.h
[88.252s] -- Installing: /home/moon/project/fishros/chapt8_ws/install/cartographer/include/cartographer/mapping/proto/pose_extrapolator_options.pb.h
[88.252s] -- Installing: /home/moon/project/fishros/chapt8_ws/install/cartographer/include/cartographer/mapping/proto/pose_graph.pb.h
[88.252s] -- Installing: /home/moon/project/fishros/chapt8_ws/install/cartographer/include/cartographer/mapping/proto/pose_graph/constraint_builder_options.pb.h
[88.252s] -- Installing: /home/moon/project/fishros/chapt8_ws/install/cartographer/include/cartographer/mapping/proto/pose_graph/optimization_problem_options.pb.h
[88.252s] -- Installing: /home/moon/project/fishros/chapt8_ws/install/cartographer/include/cartographer/mapping/proto/pose_graph_options.pb.h
[88.252s] -- Installing: /home/moon/project/fishros/chapt8_ws/install/cartographer/include/cartographer/mapping/proto/probability_grid.pb.h
[88.253s] -- Installing: /home/moon/project/fishros/chapt8_ws/install/cartographer/include/cartographer/mapping/proto/probability_grid_range_data_inserter_options_2d.pb.h
[88.253s] -- Installing: /home/moon/project/fishros/chapt8_ws/install/cartographer/include/cartographer/mapping/proto/range_data_inserter_options.pb.h
[88.253s] -- Installing: /home/moon/project/fishros/chapt8_ws/install/cartographer/include/cartographer/mapping/proto/range_data_inserter_options_3d.pb.h
[88.253s] -- Installing: /home/moon/project/fishros/chapt8_ws/install/cartographer/include/cartographer/mapping/proto/scan_matching/ceres_scan_matcher_options_2d.pb.h
[88.253s] -- Installing: /home/moon/project/fishros/chapt8_ws/install/cartographer/include/cartographer/mapping/proto/scan_matching/ceres_scan_matcher_options_3d.pb.h
[88.253s] -- Installing: /home/moon/project/fishros/chapt8_ws/install/cartographer/include/cartographer/mapping/proto/scan_matching/fast_correlative_scan_matcher_options_2d.pb.h
[88.253s] -- Installing: /home/moon/project/fishros/chapt8_ws/install/cartographer/include/cartographer/mapping/proto/scan_matching/fast_correlative_scan_matcher_options_3d.pb.h
[88.253s] -- Installing: /home/moon/project/fishros/chapt8_ws/install/cartographer/include/cartographer/mapping/proto/scan_matching/real_time_correlative_scan_matcher_options.pb.h
[88.253s] -- Installing: /home/moon/project/fishros/chapt8_ws/install/cartographer/include/cartographer/mapping/proto/serialization.pb.h
[88.254s] -- Installing: /home/moon/project/fishros/chapt8_ws/install/cartographer/include/cartographer/mapping/proto/submap.pb.h
[88.254s] -- Installing: /home/moon/project/fishros/chapt8_ws/install/cartographer/include/cartographer/mapping/proto/submap_visualization.pb.h
[88.254s] -- Installing: /home/moon/project/fishros/chapt8_ws/install/cartographer/include/cartographer/mapping/proto/submaps_options_2d.pb.h
[88.254s] -- Installing: /home/moon/project/fishros/chapt8_ws/install/cartographer/include/cartographer/mapping/proto/submaps_options_3d.pb.h
[88.254s] -- Installing: /home/moon/project/fishros/chapt8_ws/install/cartographer/include/cartographer/mapping/proto/trajectory.pb.h
[88.254s] -- Installing: /home/moon/project/fishros/chapt8_ws/install/cartographer/include/cartographer/mapping/proto/trajectory_builder_options.pb.h
[88.254s] -- Installing: /home/moon/project/fishros/chapt8_ws/install/cartographer/include/cartographer/mapping/proto/trajectory_node_data.pb.h
[88.255s] -- Installing: /home/moon/project/fishros/chapt8_ws/install/cartographer/include/cartographer/mapping/proto/tsdf_2d.pb.h
[88.255s] -- Installing: /home/moon/project/fishros/chapt8_ws/install/cartographer/include/cartographer/mapping/proto/tsdf_range_data_inserter_options_2d.pb.h
[88.255s] -- Installing: /home/moon/project/fishros/chapt8_ws/install/cartographer/include/cartographer/sensor/proto/adaptive_voxel_filter_options.pb.h
[88.255s] -- Installing: /home/moon/project/fishros/chapt8_ws/install/cartographer/include/cartographer/sensor/proto/sensor.pb.h
[88.255s] -- Installing: /home/moon/project/fishros/chapt8_ws/install/cartographer/include/cartographer/transform/proto/timestamped_transform.pb.h
[88.255s] -- Installing: /home/moon/project/fishros/chapt8_ws/install/cartographer/include/cartographer/transform/proto/transform.pb.h
[88.255s] -- Installing: /home/moon/project/fishros/chapt8_ws/install/cartographer/share/cartographer/cmake/CartographerTargets.cmake
[88.256s] -- Installing: /home/moon/project/fishros/chapt8_ws/install/cartographer/share/cartographer/cmake/CartographerTargets-release.cmake
[88.256s] -- Installing: /home/moon/project/fishros/chapt8_ws/install/cartographer/share/cartographer/cartographer-config.cmake
[88.258s] Invoked command in '/home/moon/project/fishros/chapt8_ws/build/cartographer' returned '0': CMAKE_PREFIX_PATH=/opt/ros/humble CONDA_PROMPT_MODIFIER=(base) /usr/bin/cmake --install /home/moon/project/fishros/chapt8_ws/build/cartographer
