[0.008s] Invoking command in '/home/moon/project/fishros/chapt8_ws/src/fishbot_cartographer/build/fishbot_cartographer': CMAKE_PREFIX_PATH=${CMAKE_PREFIX_PATH}:/home/moon/project/fishros/chapt8_ws/install/fishbot_description:/opt/ros/humble CONDA_PROMPT_MODIFIER=(base) /usr/bin/cmake --build /home/moon/project/fishros/chapt8_ws/src/fishbot_cartographer/build/fishbot_cartographer -- -j16 -l16
[0.040s] Invoked command in '/home/moon/project/fishros/chapt8_ws/src/fishbot_cartographer/build/fishbot_cartographer' returned '0': CMAKE_PREFIX_PATH=${CMAKE_PREFIX_PATH}:/home/moon/project/fishros/chapt8_ws/install/fishbot_description:/opt/ros/humble CONDA_PROMPT_MODIFIER=(base) /usr/bin/cmake --build /home/moon/project/fishros/chapt8_ws/src/fishbot_cartographer/build/fishbot_cartographer -- -j16 -l16
[0.069s] Invoking command in '/home/moon/project/fishros/chapt8_ws/src/fishbot_cartographer/build/fishbot_cartographer': CMAKE_PREFIX_PATH=${CMAKE_PREFIX_PATH}:/home/moon/project/fishros/chapt8_ws/install/fishbot_description:/opt/ros/humble CONDA_PROMPT_MODIFIER=(base) /usr/bin/cmake --install /home/moon/project/fishros/chapt8_ws/src/fishbot_cartographer/build/fishbot_cartographer
[0.074s] -- Install configuration: ""
[0.074s] -- Up-to-date: /home/moon/project/fishros/chapt8_ws/src/fishbot_cartographer/install/fishbot_cartographer/share/ament_index/resource_index/package_run_dependencies/fishbot_cartographer
[0.074s] -- Up-to-date: /home/moon/project/fishros/chapt8_ws/src/fishbot_cartographer/install/fishbot_cartographer/share/ament_index/resource_index/parent_prefix_path/fishbot_cartographer
[0.074s] -- Up-to-date: /home/moon/project/fishros/chapt8_ws/src/fishbot_cartographer/install/fishbot_cartographer/share/fishbot_cartographer/environment/ament_prefix_path.sh
[0.074s] -- Up-to-date: /home/moon/project/fishros/chapt8_ws/src/fishbot_cartographer/install/fishbot_cartographer/share/fishbot_cartographer/environment/ament_prefix_path.dsv
[0.074s] -- Up-to-date: /home/moon/project/fishros/chapt8_ws/src/fishbot_cartographer/install/fishbot_cartographer/share/fishbot_cartographer/environment/path.sh
[0.074s] -- Up-to-date: /home/moon/project/fishros/chapt8_ws/src/fishbot_cartographer/install/fishbot_cartographer/share/fishbot_cartographer/environment/path.dsv
[0.074s] -- Up-to-date: /home/moon/project/fishros/chapt8_ws/src/fishbot_cartographer/install/fishbot_cartographer/share/fishbot_cartographer/local_setup.bash
[0.074s] -- Up-to-date: /home/moon/project/fishros/chapt8_ws/src/fishbot_cartographer/install/fishbot_cartographer/share/fishbot_cartographer/local_setup.sh
[0.074s] -- Up-to-date: /home/moon/project/fishros/chapt8_ws/src/fishbot_cartographer/install/fishbot_cartographer/share/fishbot_cartographer/local_setup.zsh
[0.075s] -- Up-to-date: /home/moon/project/fishros/chapt8_ws/src/fishbot_cartographer/install/fishbot_cartographer/share/fishbot_cartographer/local_setup.dsv
[0.075s] -- Up-to-date: /home/moon/project/fishros/chapt8_ws/src/fishbot_cartographer/install/fishbot_cartographer/share/fishbot_cartographer/package.dsv
[0.075s] -- Up-to-date: /home/moon/project/fishros/chapt8_ws/src/fishbot_cartographer/install/fishbot_cartographer/share/ament_index/resource_index/packages/fishbot_cartographer
[0.075s] -- Up-to-date: /home/moon/project/fishros/chapt8_ws/src/fishbot_cartographer/install/fishbot_cartographer/share/fishbot_cartographer/cmake/fishbot_cartographerConfig.cmake
[0.075s] -- Up-to-date: /home/moon/project/fishros/chapt8_ws/src/fishbot_cartographer/install/fishbot_cartographer/share/fishbot_cartographer/cmake/fishbot_cartographerConfig-version.cmake
[0.075s] -- Up-to-date: /home/moon/project/fishros/chapt8_ws/src/fishbot_cartographer/install/fishbot_cartographer/share/fishbot_cartographer/package.xml
[0.075s] -- Up-to-date: /home/moon/project/fishros/chapt8_ws/src/fishbot_cartographer/install/fishbot_cartographer/share/fishbot_cartographer/config
[0.075s] -- Up-to-date: /home/moon/project/fishros/chapt8_ws/src/fishbot_cartographer/install/fishbot_cartographer/share/fishbot_cartographer/config/fishbot_2d.lua
[0.075s] -- Up-to-date: /home/moon/project/fishros/chapt8_ws/src/fishbot_cartographer/install/fishbot_cartographer/share/fishbot_cartographer/launch
[0.075s] -- Installing: /home/moon/project/fishros/chapt8_ws/src/fishbot_cartographer/install/fishbot_cartographer/share/fishbot_cartographer/launch/cartographer.lauch.py
[0.075s] -- Up-to-date: /home/moon/project/fishros/chapt8_ws/src/fishbot_cartographer/install/fishbot_cartographer/share/fishbot_cartographer/rviz
[0.076s] Invoked command in '/home/moon/project/fishros/chapt8_ws/src/fishbot_cartographer/build/fishbot_cartographer' returned '0': CMAKE_PREFIX_PATH=${CMAKE_PREFIX_PATH}:/home/moon/project/fishros/chapt8_ws/install/fishbot_description:/opt/ros/humble CONDA_PROMPT_MODIFIER=(base) /usr/bin/cmake --install /home/moon/project/fishros/chapt8_ws/src/fishbot_cartographer/build/fishbot_cartographer
