[0.341s] Invoking command in '/home/moon/project/fishros/town_ws/src/village_wang': PYTHONPATH=/home/moon/project/fishros/town_ws/build/village_wang/prefix_override:/usr/lib/python3/dist-packages/colcon_core/task/python/colcon_distutils_commands:/home/moon/project/fishros/town_ws/install/village_wang/lib/python3.10/site-packages:${PYTHONPATH} /usr/bin/python3 -W ignore:setup.py install is deprecated setup.py egg_info --egg-base ../../build/village_wang build --build-base /home/moon/project/fishros/town_ws/build/village_wang/build install --record /home/moon/project/fishros/town_ws/build/village_wang/install.log --single-version-externally-managed install_data
[0.464s] running egg_info
[0.464s] writing ../../build/village_wang/village_wang.egg-info/PKG-INFO
[0.464s] writing dependency_links to ../../build/village_wang/village_wang.egg-info/dependency_links.txt
[0.464s] writing entry points to ../../build/village_wang/village_wang.egg-info/entry_points.txt
[0.464s] writing requirements to ../../build/village_wang/village_wang.egg-info/requires.txt
[0.464s] writing top-level names to ../../build/village_wang/village_wang.egg-info/top_level.txt
[0.465s] reading manifest file '../../build/village_wang/village_wang.egg-info/SOURCES.txt'
[0.466s] writing manifest file '../../build/village_wang/village_wang.egg-info/SOURCES.txt'
[0.466s] running build
[0.466s] running build_py
[0.466s] running install
[0.466s] running install_lib
[0.467s] running install_data
[0.467s] running install_egg_info
[0.468s] removing '/home/moon/project/fishros/town_ws/install/village_wang/lib/python3.10/site-packages/village_wang-0.0.0-py3.10.egg-info' (and everything under it)
[0.468s] Copying ../../build/village_wang/village_wang.egg-info to /home/moon/project/fishros/town_ws/install/village_wang/lib/python3.10/site-packages/village_wang-0.0.0-py3.10.egg-info
[0.468s] running install_scripts
[0.479s] Installing wang2_node script to /home/moon/project/fishros/town_ws/install/village_wang/lib/village_wang
[0.479s] writing list of installed files to '/home/moon/project/fishros/town_ws/build/village_wang/install.log'
