[0.393s] Invoking command in '/home/moon/project/fishros/chapt8_ws/src/fishbot_description': PYTHONPATH=/home/moon/project/fishros/chapt8_ws/build/fishbot_description/prefix_override:/usr/lib/python3/dist-packages/colcon_core/task/python/colcon_distutils_commands:/home/moon/project/fishros/chapt8_ws/install/fishbot_description/lib/python3.10/site-packages:${PYTHONPATH} /usr/bin/python3 -W ignore:setup.py install is deprecated setup.py egg_info --egg-base ../../build/fishbot_description build --build-base /home/moon/project/fishros/chapt8_ws/build/fishbot_description/build install --record /home/moon/project/fishros/chapt8_ws/build/fishbot_description/install.log --single-version-externally-managed install_data
[0.513s] running egg_info
[0.520s] writing ../../build/fishbot_description/fishbot_description.egg-info/PKG-INFO
[0.520s] writing dependency_links to ../../build/fishbot_description/fishbot_description.egg-info/dependency_links.txt
[0.520s] writing entry points to ../../build/fishbot_description/fishbot_description.egg-info/entry_points.txt
[0.520s] writing requirements to ../../build/fishbot_description/fishbot_description.egg-info/requires.txt
[0.520s] writing top-level names to ../../build/fishbot_description/fishbot_description.egg-info/top_level.txt
[0.535s] reading manifest file '../../build/fishbot_description/fishbot_description.egg-info/SOURCES.txt'
[0.535s] writing manifest file '../../build/fishbot_description/fishbot_description.egg-info/SOURCES.txt'
[0.535s] running build
[0.535s] running build_py
[0.535s] copying fishbot_description/__init__.py -> /home/moon/project/fishros/chapt8_ws/build/fishbot_description/build/lib/fishbot_description
[0.535s] copying fishbot_description/rotate_wheel.py -> /home/moon/project/fishros/chapt8_ws/build/fishbot_description/build/lib/fishbot_description
[0.535s] running install
[0.538s] running install_lib
[0.546s] running install_data
[0.546s] copying resource/fishbot_description -> /home/moon/project/fishros/chapt8_ws/install/fishbot_description/share/ament_index/resource_index/packages
[0.546s] copying package.xml -> /home/moon/project/fishros/chapt8_ws/install/fishbot_description/share/fishbot_description
[0.546s] copying launch/gazebo.launch.py -> /home/moon/project/fishros/chapt8_ws/install/fishbot_description/share/fishbot_description/launch
[0.546s] copying launch/display_rviz2.launch.py -> /home/moon/project/fishros/chapt8_ws/install/fishbot_description/share/fishbot_description/launch
[0.546s] copying urdf/fishbot_base.urdf -> /home/moon/project/fishros/chapt8_ws/install/fishbot_description/share/fishbot_description/urdf
[0.546s] running install_egg_info
[0.554s] removing '/home/moon/project/fishros/chapt8_ws/install/fishbot_description/lib/python3.10/site-packages/fishbot_description-0.0.0-py3.10.egg-info' (and everything under it)
[0.554s] Copying ../../build/fishbot_description/fishbot_description.egg-info to /home/moon/project/fishros/chapt8_ws/install/fishbot_description/lib/python3.10/site-packages/fishbot_description-0.0.0-py3.10.egg-info
[0.555s] running install_scripts
[0.621s] Installing rotate_wheel script to /home/moon/project/fishros/chapt8_ws/install/fishbot_description/lib/fishbot_description
[0.622s] writing list of installed files to '/home/moon/project/fishros/chapt8_ws/build/fishbot_description/install.log'
[0.638s] Invoked command in '/home/moon/project/fishros/chapt8_ws/src/fishbot_description' returned '0': PYTHONPATH=/home/moon/project/fishros/chapt8_ws/build/fishbot_description/prefix_override:/usr/lib/python3/dist-packages/colcon_core/task/python/colcon_distutils_commands:/home/moon/project/fishros/chapt8_ws/install/fishbot_description/lib/python3.10/site-packages:${PYTHONPATH} /usr/bin/python3 -W ignore:setup.py install is deprecated setup.py egg_info --egg-base ../../build/fishbot_description build --build-base /home/moon/project/fishros/chapt8_ws/build/fishbot_description/build install --record /home/moon/project/fishros/chapt8_ws/build/fishbot_description/install.log --single-version-externally-managed install_data
