[0.008s] Invoking command in '/home/moon/project/fishros/chapt8_ws/src/fishbot_cartographer/build/fishbot_cartographer': CMAKE_PREFIX_PATH=${CMAKE_PREFIX_PATH}:/home/moon/project/fishros/chapt8_ws/install/fishbot_description:/opt/ros/humble CONDA_PROMPT_MODIFIER=(base) /usr/bin/cmake /home/moon/project/fishros/chapt8_ws/src/fishbot_cartographer -DCMAKE_INSTALL_PREFIX=/home/moon/project/fishros/chapt8_ws/src/fishbot_cartographer/install/fishbot_cartographer
[0.052s] -- The C compiler identification is GNU 11.4.0
[0.092s] -- The CXX compiler identification is GNU 11.4.0
[0.098s] -- Detecting C compiler ABI info
[0.151s] -- Detecting C compiler ABI info - done
[0.155s] -- Check for working C compiler: /usr/bin/cc - skipped
[0.155s] -- Detecting C compile features
[0.156s] -- Detecting C compile features - done
[0.157s] -- Detecting CXX compiler ABI info
[0.218s] -- Detecting CXX compiler ABI info - done
[0.222s] -- Check for working CXX compiler: /usr/bin/c++ - skipped
[0.222s] -- Detecting CXX compile features
[0.222s] -- Detecting CXX compile features - done
[0.225s] -- Found ament_cmake: 1.3.10 (/opt/ros/humble/share/ament_cmake/cmake)
[0.444s] -- Found Python3: /usr/bin/python3 (found version "3.10.12") found components: Interpreter 
[0.514s] -- Found ament_lint_auto: 0.12.11 (/opt/ros/humble/share/ament_lint_auto/cmake)
[0.575s] -- Added test 'cppcheck' to perform static code analysis on C / C++ code
[0.575s] -- Configured cppcheck include dirs: 
[0.575s] -- Configured cppcheck exclude dirs and/or files: 
[0.575s] -- Added test 'flake8' to check Python code syntax and style conventions
[0.577s] -- Added test 'lint_cmake' to check CMake code style
[0.578s] -- Added test 'pep257' to check Python code against some of the docstring style conventions in PEP 257
[0.582s] -- Added test 'uncrustify' to check C / C++ code style
[0.582s] -- Configured uncrustify additional arguments: 
[0.583s] -- Added test 'xmllint' to check XML markup files
[0.584s] -- Configuring done
[0.586s] -- Generating done
[0.586s] -- Build files have been written to: /home/moon/project/fishros/chapt8_ws/src/fishbot_cartographer/build/fishbot_cartographer
[0.589s] Invoked command in '/home/moon/project/fishros/chapt8_ws/src/fishbot_cartographer/build/fishbot_cartographer' returned '0': CMAKE_PREFIX_PATH=${CMAKE_PREFIX_PATH}:/home/moon/project/fishros/chapt8_ws/install/fishbot_description:/opt/ros/humble CONDA_PROMPT_MODIFIER=(base) /usr/bin/cmake /home/moon/project/fishros/chapt8_ws/src/fishbot_cartographer -DCMAKE_INSTALL_PREFIX=/home/moon/project/fishros/chapt8_ws/src/fishbot_cartographer/install/fishbot_cartographer
[0.590s] Invoking command in '/home/moon/project/fishros/chapt8_ws/src/fishbot_cartographer/build/fishbot_cartographer': CMAKE_PREFIX_PATH=${CMAKE_PREFIX_PATH}:/home/moon/project/fishros/chapt8_ws/install/fishbot_description:/opt/ros/humble CONDA_PROMPT_MODIFIER=(base) /usr/bin/cmake --build /home/moon/project/fishros/chapt8_ws/src/fishbot_cartographer/build/fishbot_cartographer -- -j16 -l16
[0.622s] Invoked command in '/home/moon/project/fishros/chapt8_ws/src/fishbot_cartographer/build/fishbot_cartographer' returned '0': CMAKE_PREFIX_PATH=${CMAKE_PREFIX_PATH}:/home/moon/project/fishros/chapt8_ws/install/fishbot_description:/opt/ros/humble CONDA_PROMPT_MODIFIER=(base) /usr/bin/cmake --build /home/moon/project/fishros/chapt8_ws/src/fishbot_cartographer/build/fishbot_cartographer -- -j16 -l16
[0.654s] Invoking command in '/home/moon/project/fishros/chapt8_ws/src/fishbot_cartographer/build/fishbot_cartographer': CMAKE_PREFIX_PATH=${CMAKE_PREFIX_PATH}:/home/moon/project/fishros/chapt8_ws/install/fishbot_description:/opt/ros/humble CONDA_PROMPT_MODIFIER=(base) /usr/bin/cmake --install /home/moon/project/fishros/chapt8_ws/src/fishbot_cartographer/build/fishbot_cartographer
[0.661s] -- Install configuration: ""
[0.661s] -- Installing: /home/moon/project/fishros/chapt8_ws/src/fishbot_cartographer/install/fishbot_cartographer/share/ament_index/resource_index/package_run_dependencies/fishbot_cartographer
[0.661s] -- Installing: /home/moon/project/fishros/chapt8_ws/src/fishbot_cartographer/install/fishbot_cartographer/share/ament_index/resource_index/parent_prefix_path/fishbot_cartographer
[0.661s] -- Installing: /home/moon/project/fishros/chapt8_ws/src/fishbot_cartographer/install/fishbot_cartographer/share/fishbot_cartographer/environment/ament_prefix_path.sh
[0.661s] -- Installing: /home/moon/project/fishros/chapt8_ws/src/fishbot_cartographer/install/fishbot_cartographer/share/fishbot_cartographer/environment/ament_prefix_path.dsv
[0.661s] -- Installing: /home/moon/project/fishros/chapt8_ws/src/fishbot_cartographer/install/fishbot_cartographer/share/fishbot_cartographer/environment/path.sh
[0.661s] -- Installing: /home/moon/project/fishros/chapt8_ws/src/fishbot_cartographer/install/fishbot_cartographer/share/fishbot_cartographer/environment/path.dsv
[0.661s] -- Installing: /home/moon/project/fishros/chapt8_ws/src/fishbot_cartographer/install/fishbot_cartographer/share/fishbot_cartographer/local_setup.bash
[0.662s] -- Installing: /home/moon/project/fishros/chapt8_ws/src/fishbot_cartographer/install/fishbot_cartographer/share/fishbot_cartographer/local_setup.sh
[0.662s] -- Installing: /home/moon/project/fishros/chapt8_ws/src/fishbot_cartographer/install/fishbot_cartographer/share/fishbot_cartographer/local_setup.zsh
[0.662s] -- Installing: /home/moon/project/fishros/chapt8_ws/src/fishbot_cartographer/install/fishbot_cartographer/share/fishbot_cartographer/local_setup.dsv
[0.662s] -- Installing: /home/moon/project/fishros/chapt8_ws/src/fishbot_cartographer/install/fishbot_cartographer/share/fishbot_cartographer/package.dsv
[0.662s] -- Installing: /home/moon/project/fishros/chapt8_ws/src/fishbot_cartographer/install/fishbot_cartographer/share/ament_index/resource_index/packages/fishbot_cartographer
[0.662s] -- Installing: /home/moon/project/fishros/chapt8_ws/src/fishbot_cartographer/install/fishbot_cartographer/share/fishbot_cartographer/cmake/fishbot_cartographerConfig.cmake
[0.662s] -- Installing: /home/moon/project/fishros/chapt8_ws/src/fishbot_cartographer/install/fishbot_cartographer/share/fishbot_cartographer/cmake/fishbot_cartographerConfig-version.cmake
[0.662s] -- Installing: /home/moon/project/fishros/chapt8_ws/src/fishbot_cartographer/install/fishbot_cartographer/share/fishbot_cartographer/package.xml
[0.662s] -- Installing: /home/moon/project/fishros/chapt8_ws/src/fishbot_cartographer/install/fishbot_cartographer/share/fishbot_cartographer/config
[0.662s] -- Installing: /home/moon/project/fishros/chapt8_ws/src/fishbot_cartographer/install/fishbot_cartographer/share/fishbot_cartographer/config/fishbot_2d.lua
[0.662s] -- Installing: /home/moon/project/fishros/chapt8_ws/src/fishbot_cartographer/install/fishbot_cartographer/share/fishbot_cartographer/launch
[0.662s] -- Installing: /home/moon/project/fishros/chapt8_ws/src/fishbot_cartographer/install/fishbot_cartographer/share/fishbot_cartographer/launch/cartographer.laucnh.py
[0.663s] -- Installing: /home/moon/project/fishros/chapt8_ws/src/fishbot_cartographer/install/fishbot_cartographer/share/fishbot_cartographer/rviz
[0.664s] Invoked command in '/home/moon/project/fishros/chapt8_ws/src/fishbot_cartographer/build/fishbot_cartographer' returned '0': CMAKE_PREFIX_PATH=${CMAKE_PREFIX_PATH}:/home/moon/project/fishros/chapt8_ws/install/fishbot_description:/opt/ros/humble CONDA_PROMPT_MODIFIER=(base) /usr/bin/cmake --install /home/moon/project/fishros/chapt8_ws/src/fishbot_cartographer/build/fishbot_cartographer
