running egg_info
creating ../../build/village_wang/village_wang.egg-info
writing ../../build/village_wang/village_wang.egg-info/PKG-INFO
writing dependency_links to ../../build/village_wang/village_wang.egg-info/dependency_links.txt
writing entry points to ../../build/village_wang/village_wang.egg-info/entry_points.txt
writing requirements to ../../build/village_wang/village_wang.egg-info/requires.txt
writing top-level names to ../../build/village_wang/village_wang.egg-info/top_level.txt
writing manifest file '../../build/village_wang/village_wang.egg-info/SOURCES.txt'
reading manifest file '../../build/village_wang/village_wang.egg-info/SOURCES.txt'
writing manifest file '../../build/village_wang/village_wang.egg-info/SOURCES.txt'
running build
running build_py
creating /home/moon/project/fishros/town_ws/build/village_wang/build
creating /home/moon/project/fishros/town_ws/build/village_wang/build/lib
creating /home/moon/project/fishros/town_ws/build/village_wang/build/lib/village_wang
copying village_wang/wang2.py -> /home/moon/project/fishros/town_ws/build/village_wang/build/lib/village_wang
copying village_wang/__init__.py -> /home/moon/project/fishros/town_ws/build/village_wang/build/lib/village_wang
running install
running install_lib
creating /home/moon/project/fishros/town_ws/install/village_wang/lib/python3.10/site-packages/village_wang
copying /home/moon/project/fishros/town_ws/build/village_wang/build/lib/village_wang/wang2.py -> /home/moon/project/fishros/town_ws/install/village_wang/lib/python3.10/site-packages/village_wang
copying /home/moon/project/fishros/town_ws/build/village_wang/build/lib/village_wang/__init__.py -> /home/moon/project/fishros/town_ws/install/village_wang/lib/python3.10/site-packages/village_wang
byte-compiling /home/moon/project/fishros/town_ws/install/village_wang/lib/python3.10/site-packages/village_wang/wang2.py to wang2.cpython-310.pyc
byte-compiling /home/moon/project/fishros/town_ws/install/village_wang/lib/python3.10/site-packages/village_wang/__init__.py to __init__.cpython-310.pyc
running install_data
creating /home/moon/project/fishros/town_ws/install/village_wang/share/ament_index
creating /home/moon/project/fishros/town_ws/install/village_wang/share/ament_index/resource_index
creating /home/moon/project/fishros/town_ws/install/village_wang/share/ament_index/resource_index/packages
copying resource/village_wang -> /home/moon/project/fishros/town_ws/install/village_wang/share/ament_index/resource_index/packages
copying package.xml -> /home/moon/project/fishros/town_ws/install/village_wang/share/village_wang
running install_egg_info
Copying ../../build/village_wang/village_wang.egg-info to /home/moon/project/fishros/town_ws/install/village_wang/lib/python3.10/site-packages/village_wang-0.0.0-py3.10.egg-info
running install_scripts
writing list of installed files to '/home/moon/project/fishros/town_ws/build/village_wang/install.log'
