[0.319s] Invoking command in '/home/moon/project/fishros/town_ws/src/village_wang': PYTHONPATH=/home/moon/project/fishros/town_ws/build/village_wang/prefix_override:/usr/lib/python3/dist-packages/colcon_core/task/python/colcon_distutils_commands:/home/moon/project/fishros/town_ws/install/village_wang/lib/python3.10/site-packages:${PYTHONPATH} /usr/bin/python3 -W ignore:setup.py install is deprecated setup.py egg_info --egg-base ../../build/village_wang build --build-base /home/moon/project/fishros/town_ws/build/village_wang/build install --record /home/moon/project/fishros/town_ws/build/village_wang/install.log --single-version-externally-managed install_data
[0.438s] running egg_info
[0.439s] creating ../../build/village_wang/village_wang.egg-info
[0.439s] writing ../../build/village_wang/village_wang.egg-info/PKG-INFO
[0.439s] writing dependency_links to ../../build/village_wang/village_wang.egg-info/dependency_links.txt
[0.439s] writing entry points to ../../build/village_wang/village_wang.egg-info/entry_points.txt
[0.439s] writing requirements to ../../build/village_wang/village_wang.egg-info/requires.txt
[0.439s] writing top-level names to ../../build/village_wang/village_wang.egg-info/top_level.txt
[0.439s] writing manifest file '../../build/village_wang/village_wang.egg-info/SOURCES.txt'
[0.440s] reading manifest file '../../build/village_wang/village_wang.egg-info/SOURCES.txt'
[0.440s] writing manifest file '../../build/village_wang/village_wang.egg-info/SOURCES.txt'
[0.440s] running build
[0.440s] running build_py
[0.440s] creating /home/moon/project/fishros/town_ws/build/village_wang/build
[0.440s] creating /home/moon/project/fishros/town_ws/build/village_wang/build/lib
[0.440s] creating /home/moon/project/fishros/town_ws/build/village_wang/build/lib/village_wang
[0.440s] copying village_wang/wang2.py -> /home/moon/project/fishros/town_ws/build/village_wang/build/lib/village_wang
[0.440s] copying village_wang/__init__.py -> /home/moon/project/fishros/town_ws/build/village_wang/build/lib/village_wang
[0.440s] running install
[0.440s] running install_lib
[0.441s] creating /home/moon/project/fishros/town_ws/install/village_wang/lib/python3.10/site-packages/village_wang
[0.441s] copying /home/moon/project/fishros/town_ws/build/village_wang/build/lib/village_wang/wang2.py -> /home/moon/project/fishros/town_ws/install/village_wang/lib/python3.10/site-packages/village_wang
[0.441s] copying /home/moon/project/fishros/town_ws/build/village_wang/build/lib/village_wang/__init__.py -> /home/moon/project/fishros/town_ws/install/village_wang/lib/python3.10/site-packages/village_wang
[0.441s] byte-compiling /home/moon/project/fishros/town_ws/install/village_wang/lib/python3.10/site-packages/village_wang/wang2.py to wang2.cpython-310.pyc
[0.441s] byte-compiling /home/moon/project/fishros/town_ws/install/village_wang/lib/python3.10/site-packages/village_wang/__init__.py to __init__.cpython-310.pyc
[0.441s] running install_data
[0.442s] creating /home/moon/project/fishros/town_ws/install/village_wang/share/ament_index
[0.442s] creating /home/moon/project/fishros/town_ws/install/village_wang/share/ament_index/resource_index
[0.442s] creating /home/moon/project/fishros/town_ws/install/village_wang/share/ament_index/resource_index/packages
[0.442s] copying resource/village_wang -> /home/moon/project/fishros/town_ws/install/village_wang/share/ament_index/resource_index/packages
[0.442s] copying package.xml -> /home/moon/project/fishros/town_ws/install/village_wang/share/village_wang
[0.442s] running install_egg_info
[0.443s] Copying ../../build/village_wang/village_wang.egg-info to /home/moon/project/fishros/town_ws/install/village_wang/lib/python3.10/site-packages/village_wang-0.0.0-py3.10.egg-info
[0.443s] running install_scripts
[0.453s] writing list of installed files to '/home/moon/project/fishros/town_ws/build/village_wang/install.log'
[0.466s] Invoked command in '/home/moon/project/fishros/town_ws/src/village_wang' returned '0': PYTHONPATH=/home/moon/project/fishros/town_ws/build/village_wang/prefix_override:/usr/lib/python3/dist-packages/colcon_core/task/python/colcon_distutils_commands:/home/moon/project/fishros/town_ws/install/village_wang/lib/python3.10/site-packages:${PYTHONPATH} /usr/bin/python3 -W ignore:setup.py install is deprecated setup.py egg_info --egg-base ../../build/village_wang build --build-base /home/moon/project/fishros/town_ws/build/village_wang/build install --record /home/moon/project/fishros/town_ws/build/village_wang/install.log --single-version-externally-managed install_data
